-------------------------------------------------------------------------------
Test set: suites.AllScenarios
-------------------------------------------------------------------------------
Tests run: 11, Failures: 1, Errors: 10, Skipped: 0, Time elapsed: 484.801 sec <<< FAILURE! - in suites.AllScenarios
testScenario(stories.creatinggenerators.CreateGenerators)  Time elapsed: 61.418 sec  <<< FAILURE!
java.lang.AssertionError: null
	at org.junit.Assert.fail(Assert.java:86)
	at org.junit.Assert.assertTrue(Assert.java:41)
	at org.junit.Assert.assertTrue(Assert.java:52)
	at steps.CreateGeneratorSteps.checkGeneratorListed(CreateGeneratorSteps.java:68)
	at sun.reflect.NativeMethodAccessorImpl.invoke0(Native Method)
	at sun.reflect.NativeMethodAccessorImpl.invoke(NativeMethodAccessorImpl.java:57)
	at sun.reflect.DelegatingMethodAccessorImpl.invoke(DelegatingMethodAccessorImpl.java:43)
	at java.lang.reflect.Method.invoke(Method.java:606)
	at org.jbehave.scenario.steps.CandidateStep$1.perform(CandidateStep.java:83)
	at org.jbehave.scenario.ScenarioRunner$FineSoFar.run(ScenarioRunner.java:67)
	at org.jbehave.scenario.ScenarioRunner.runScenario(ScenarioRunner.java:52)
	at org.jbehave.scenario.ScenarioRunner.run(ScenarioRunner.java:40)
	at org.jbehave.scenario.AbstractScenario.runScenario(AbstractScenario.java:78)
	at org.jbehave.scenario.JUnitScenario.runScenario(JUnitScenario.java:51)
	at org.jbehave.scenario.JUnitScenario.testScenario(JUnitScenario.java:73)
	at sun.reflect.NativeMethodAccessorImpl.invoke0(Native Method)
	at sun.reflect.NativeMethodAccessorImpl.invoke(NativeMethodAccessorImpl.java:57)
	at sun.reflect.DelegatingMethodAccessorImpl.invoke(DelegatingMethodAccessorImpl.java:43)
	at java.lang.reflect.Method.invoke(Method.java:606)
	at junit.framework.TestCase.runTest(TestCase.java:176)
	at junit.framework.TestCase.runBare(TestCase.java:141)
	at junit.framework.TestResult$1.protect(TestResult.java:122)
	at junit.framework.TestResult.runProtected(TestResult.java:142)
	at junit.framework.TestResult.run(TestResult.java:125)
	at junit.framework.TestCase.run(TestCase.java:129)
	at junit.framework.TestSuite.runTest(TestSuite.java:252)
	at junit.framework.TestSuite.run(TestSuite.java:247)
	at org.junit.internal.runners.JUnit38ClassRunner.run(JUnit38ClassRunner.java:86)
	at org.junit.runners.Suite.runChild(Suite.java:128)
	at org.junit.runners.Suite.runChild(Suite.java:27)
	at org.junit.runners.ParentRunner$3.run(ParentRunner.java:290)
	at org.junit.runners.ParentRunner$1.schedule(ParentRunner.java:71)
	at org.junit.runners.ParentRunner.runChildren(ParentRunner.java:288)
	at org.junit.runners.ParentRunner.access$000(ParentRunner.java:58)
	at org.junit.runners.ParentRunner$2.evaluate(ParentRunner.java:268)
	at org.junit.runners.ParentRunner.run(ParentRunner.java:363)
	at org.apache.maven.surefire.junit4.JUnit4Provider.execute(JUnit4Provider.java:264)
	at org.apache.maven.surefire.junit4.JUnit4Provider.executeTestSet(JUnit4Provider.java:153)
	at org.apache.maven.surefire.junit4.JUnit4Provider.invoke(JUnit4Provider.java:124)
	at sun.reflect.NativeMethodAccessorImpl.invoke0(Native Method)
	at sun.reflect.NativeMethodAccessorImpl.invoke(NativeMethodAccessorImpl.java:57)
	at sun.reflect.DelegatingMethodAccessorImpl.invoke(DelegatingMethodAccessorImpl.java:43)
	at java.lang.reflect.Method.invoke(Method.java:606)
	at org.apache.maven.surefire.util.ReflectionUtils.invokeMethodWithArray2(ReflectionUtils.java:208)
	at org.apache.maven.surefire.booter.ProviderFactory$ProviderProxy.invoke(ProviderFactory.java:156)
	at org.apache.maven.surefire.booter.ProviderFactory.invokeProvider(ProviderFactory.java:82)
	at org.eclipse.tycho.surefire.osgibooter.OsgiSurefireBooter.run(OsgiSurefireBooter.java:91)
	at org.eclipse.tycho.surefire.osgibooter.AbstractUITestApplication.runTests(AbstractUITestApplication.java:44)
	at org.eclipse.e4.ui.internal.workbench.swt.E4Testable$1.run(E4Testable.java:72)
	at java.lang.Thread.run(Thread.java:745)

testScenario(stories.creatinggenerators.SetParamsForGenerators)  Time elapsed: 60.438 sec  <<< ERROR!
org.eclipse.swtbot.swt.finder.exceptions.WidgetNotFoundException: Could not find widget matching: (of type 'Button' and with mnemonic 'Parameterized' and with style 'SWT.RADIO')
	at org.eclipse.swtbot.swt.finder.SWTBotFactory.waitUntilWidgetAppears(SWTBotFactory.java:387)
	at org.eclipse.swtbot.swt.finder.SWTBotFactory.widget(SWTBotFactory.java:334)
	at org.eclipse.swtbot.swt.finder.SWTBot.radio(SWTBot.java:788)
	at org.eclipse.swtbot.swt.finder.SWTBot.radio(SWTBot.java:776)
	at pageobjects.SelectAGeneratorDialog.select(SelectAGeneratorDialog.java:38)
	at steps.GenerateFilesSteps.selectGeneratorAndClickNext(GenerateFilesSteps.java:29)
	at sun.reflect.NativeMethodAccessorImpl.invoke0(Native Method)
	at sun.reflect.NativeMethodAccessorImpl.invoke(NativeMethodAccessorImpl.java:57)
	at sun.reflect.DelegatingMethodAccessorImpl.invoke(DelegatingMethodAccessorImpl.java:43)
	at java.lang.reflect.Method.invoke(Method.java:606)
	at org.jbehave.scenario.steps.CandidateStep$1.perform(CandidateStep.java:83)
	at org.jbehave.scenario.ScenarioRunner$FineSoFar.run(ScenarioRunner.java:67)
	at org.jbehave.scenario.ScenarioRunner.runScenario(ScenarioRunner.java:52)
	at org.jbehave.scenario.ScenarioRunner.run(ScenarioRunner.java:40)
	at org.jbehave.scenario.AbstractScenario.runScenario(AbstractScenario.java:78)
	at org.jbehave.scenario.JUnitScenario.runScenario(JUnitScenario.java:51)
	at org.jbehave.scenario.JUnitScenario.testScenario(JUnitScenario.java:73)
	at sun.reflect.NativeMethodAccessorImpl.invoke0(Native Method)
	at sun.reflect.NativeMethodAccessorImpl.invoke(NativeMethodAccessorImpl.java:57)
	at sun.reflect.DelegatingMethodAccessorImpl.invoke(DelegatingMethodAccessorImpl.java:43)
	at java.lang.reflect.Method.invoke(Method.java:606)
	at junit.framework.TestCase.runTest(TestCase.java:176)
	at junit.framework.TestCase.runBare(TestCase.java:141)
	at junit.framework.TestResult$1.protect(TestResult.java:122)
	at junit.framework.TestResult.runProtected(TestResult.java:142)
	at junit.framework.TestResult.run(TestResult.java:125)
	at junit.framework.TestCase.run(TestCase.java:129)
	at junit.framework.TestSuite.runTest(TestSuite.java:252)
	at junit.framework.TestSuite.run(TestSuite.java:247)
	at org.junit.internal.runners.JUnit38ClassRunner.run(JUnit38ClassRunner.java:86)
	at org.junit.runners.Suite.runChild(Suite.java:128)
	at org.junit.runners.Suite.runChild(Suite.java:27)
	at org.junit.runners.ParentRunner$3.run(ParentRunner.java:290)
	at org.junit.runners.ParentRunner$1.schedule(ParentRunner.java:71)
	at org.junit.runners.ParentRunner.runChildren(ParentRunner.java:288)
	at org.junit.runners.ParentRunner.access$000(ParentRunner.java:58)
	at org.junit.runners.ParentRunner$2.evaluate(ParentRunner.java:268)
	at org.junit.runners.ParentRunner.run(ParentRunner.java:363)
	at org.apache.maven.surefire.junit4.JUnit4Provider.execute(JUnit4Provider.java:264)
	at org.apache.maven.surefire.junit4.JUnit4Provider.executeTestSet(JUnit4Provider.java:153)
	at org.apache.maven.surefire.junit4.JUnit4Provider.invoke(JUnit4Provider.java:124)
	at sun.reflect.NativeMethodAccessorImpl.invoke0(Native Method)
	at sun.reflect.NativeMethodAccessorImpl.invoke(NativeMethodAccessorImpl.java:57)
	at sun.reflect.DelegatingMethodAccessorImpl.invoke(DelegatingMethodAccessorImpl.java:43)
	at java.lang.reflect.Method.invoke(Method.java:606)
	at org.apache.maven.surefire.util.ReflectionUtils.invokeMethodWithArray2(ReflectionUtils.java:208)
	at org.apache.maven.surefire.booter.ProviderFactory$ProviderProxy.invoke(ProviderFactory.java:156)
	at org.apache.maven.surefire.booter.ProviderFactory.invokeProvider(ProviderFactory.java:82)
	at org.eclipse.tycho.surefire.osgibooter.OsgiSurefireBooter.run(OsgiSurefireBooter.java:91)
	at org.eclipse.tycho.surefire.osgibooter.AbstractUITestApplication.runTests(AbstractUITestApplication.java:44)
	at org.eclipse.e4.ui.internal.workbench.swt.E4Testable$1.run(E4Testable.java:72)
	at java.lang.Thread.run(Thread.java:745)
Caused by: org.eclipse.swtbot.swt.finder.widgets.TimeoutException: Timeout after: 30000 ms.: Could not find widget matching: (of type 'Button' and with mnemonic 'Parameterized' and with style 'SWT.RADIO')
	at org.eclipse.swtbot.swt.finder.SWTBotFactory.waitUntil(SWTBotFactory.java:437)
	at org.eclipse.swtbot.swt.finder.SWTBotFactory.waitUntil(SWTBotFactory.java:411)
	at org.eclipse.swtbot.swt.finder.SWTBotFactory.waitUntil(SWTBotFactory.java:399)
	at org.eclipse.swtbot.swt.finder.SWTBotFactory.waitUntilWidgetAppears(SWTBotFactory.java:381)
	at org.eclipse.swtbot.swt.finder.SWTBotFactory.widget(SWTBotFactory.java:334)
	at org.eclipse.swtbot.swt.finder.SWTBot.radio(SWTBot.java:788)
	at org.eclipse.swtbot.swt.finder.SWTBot.radio(SWTBot.java:776)
	at pageobjects.SelectAGeneratorDialog.select(SelectAGeneratorDialog.java:38)
	at steps.GenerateFilesSteps.selectGeneratorAndClickNext(GenerateFilesSteps.java:29)
	at sun.reflect.NativeMethodAccessorImpl.invoke0(Native Method)
	at sun.reflect.NativeMethodAccessorImpl.invoke(NativeMethodAccessorImpl.java:57)
	at sun.reflect.DelegatingMethodAccessorImpl.invoke(DelegatingMethodAccessorImpl.java:43)
	at java.lang.reflect.Method.invoke(Method.java:606)
	at org.jbehave.scenario.steps.CandidateStep$1.perform(CandidateStep.java:83)
	at org.jbehave.scenario.ScenarioRunner$FineSoFar.run(ScenarioRunner.java:67)
	at org.jbehave.scenario.ScenarioRunner.runScenario(ScenarioRunner.java:52)
	at org.jbehave.scenario.ScenarioRunner.run(ScenarioRunner.java:40)
	at org.jbehave.scenario.AbstractScenario.runScenario(AbstractScenario.java:78)
	at org.jbehave.scenario.JUnitScenario.runScenario(JUnitScenario.java:51)
	at org.jbehave.scenario.JUnitScenario.testScenario(JUnitScenario.java:73)
	at sun.reflect.NativeMethodAccessorImpl.invoke0(Native Method)
	at sun.reflect.NativeMethodAccessorImpl.invoke(NativeMethodAccessorImpl.java:57)
	at sun.reflect.DelegatingMethodAccessorImpl.invoke(DelegatingMethodAccessorImpl.java:43)
	at java.lang.reflect.Method.invoke(Method.java:606)
	at junit.framework.TestCase.runTest(TestCase.java:176)
	at junit.framework.TestCase.runBare(TestCase.java:141)
	at junit.framework.TestResult$1.protect(TestResult.java:122)
	at junit.framework.TestResult.runProtected(TestResult.java:142)
	at junit.framework.TestResult.run(TestResult.java:125)
	at junit.framework.TestCase.run(TestCase.java:129)
	at junit.framework.TestSuite.runTest(TestSuite.java:252)
	at junit.framework.TestSuite.run(TestSuite.java:247)
	at org.junit.internal.runners.JUnit38ClassRunner.run(JUnit38ClassRunner.java:86)
	at org.junit.runners.Suite.runChild(Suite.java:128)
	at org.junit.runners.Suite.runChild(Suite.java:27)
	at org.junit.runners.ParentRunner$3.run(ParentRunner.java:290)
	at org.junit.runners.ParentRunner$1.schedule(ParentRunner.java:71)
	at org.junit.runners.ParentRunner.runChildren(ParentRunner.java:288)
	at org.junit.runners.ParentRunner.access$000(ParentRunner.java:58)
	at org.junit.runners.ParentRunner$2.evaluate(ParentRunner.java:268)
	at org.junit.runners.ParentRunner.run(ParentRunner.java:363)
	at org.apache.maven.surefire.junit4.JUnit4Provider.execute(JUnit4Provider.java:264)
	at org.apache.maven.surefire.junit4.JUnit4Provider.executeTestSet(JUnit4Provider.java:153)
	at org.apache.maven.surefire.junit4.JUnit4Provider.invoke(JUnit4Provider.java:124)
	at sun.reflect.NativeMethodAccessorImpl.invoke0(Native Method)
	at sun.reflect.NativeMethodAccessorImpl.invoke(NativeMethodAccessorImpl.java:57)
	at sun.reflect.DelegatingMethodAccessorImpl.invoke(DelegatingMethodAccessorImpl.java:43)
	at java.lang.reflect.Method.invoke(Method.java:606)
	at org.apache.maven.surefire.util.ReflectionUtils.invokeMethodWithArray2(ReflectionUtils.java:208)
	at org.apache.maven.surefire.booter.ProviderFactory$ProviderProxy.invoke(ProviderFactory.java:156)
	at org.apache.maven.surefire.booter.ProviderFactory.invokeProvider(ProviderFactory.java:82)
	at org.eclipse.tycho.surefire.osgibooter.OsgiSurefireBooter.run(OsgiSurefireBooter.java:91)
	at org.eclipse.tycho.surefire.osgibooter.AbstractUITestApplication.runTests(AbstractUITestApplication.java:44)
	at org.eclipse.e4.ui.internal.workbench.swt.E4Testable$1.run(E4Testable.java:72)
	at java.lang.Thread.run(Thread.java:745)

testScenario(stories.usingthegenerator.ChooseFilesThatWillBeGenerated)  Time elapsed: 30.22 sec  <<< ERROR!
org.eclipse.swtbot.swt.finder.exceptions.WidgetNotFoundException: Could not find widget matching: (of type 'Button' and with mnemonic 'Multiple Files Generator' and with style 'SWT.RADIO')
	at org.eclipse.swtbot.swt.finder.SWTBotFactory.waitUntilWidgetAppears(SWTBotFactory.java:387)
	at org.eclipse.swtbot.swt.finder.SWTBotFactory.widget(SWTBotFactory.java:334)
	at org.eclipse.swtbot.swt.finder.SWTBot.radio(SWTBot.java:788)
	at org.eclipse.swtbot.swt.finder.SWTBot.radio(SWTBot.java:776)
	at pageobjects.SelectAGeneratorDialog.select(SelectAGeneratorDialog.java:38)
	at steps.GenerateFilesSteps.selectGeneratorAndClickNext(GenerateFilesSteps.java:29)
	at sun.reflect.NativeMethodAccessorImpl.invoke0(Native Method)
	at sun.reflect.NativeMethodAccessorImpl.invoke(NativeMethodAccessorImpl.java:57)
	at sun.reflect.DelegatingMethodAccessorImpl.invoke(DelegatingMethodAccessorImpl.java:43)
	at java.lang.reflect.Method.invoke(Method.java:606)
	at org.jbehave.scenario.steps.CandidateStep$1.perform(CandidateStep.java:83)
	at org.jbehave.scenario.ScenarioRunner$FineSoFar.run(ScenarioRunner.java:67)
	at org.jbehave.scenario.ScenarioRunner.runScenario(ScenarioRunner.java:52)
	at org.jbehave.scenario.ScenarioRunner.run(ScenarioRunner.java:40)
	at org.jbehave.scenario.AbstractScenario.runScenario(AbstractScenario.java:78)
	at org.jbehave.scenario.JUnitScenario.runScenario(JUnitScenario.java:51)
	at org.jbehave.scenario.JUnitScenario.testScenario(JUnitScenario.java:73)
	at sun.reflect.NativeMethodAccessorImpl.invoke0(Native Method)
	at sun.reflect.NativeMethodAccessorImpl.invoke(NativeMethodAccessorImpl.java:57)
	at sun.reflect.DelegatingMethodAccessorImpl.invoke(DelegatingMethodAccessorImpl.java:43)
	at java.lang.reflect.Method.invoke(Method.java:606)
	at junit.framework.TestCase.runTest(TestCase.java:176)
	at junit.framework.TestCase.runBare(TestCase.java:141)
	at junit.framework.TestResult$1.protect(TestResult.java:122)
	at junit.framework.TestResult.runProtected(TestResult.java:142)
	at junit.framework.TestResult.run(TestResult.java:125)
	at junit.framework.TestCase.run(TestCase.java:129)
	at junit.framework.TestSuite.runTest(TestSuite.java:252)
	at junit.framework.TestSuite.run(TestSuite.java:247)
	at org.junit.internal.runners.JUnit38ClassRunner.run(JUnit38ClassRunner.java:86)
	at org.junit.runners.Suite.runChild(Suite.java:128)
	at org.junit.runners.Suite.runChild(Suite.java:27)
	at org.junit.runners.ParentRunner$3.run(ParentRunner.java:290)
	at org.junit.runners.ParentRunner$1.schedule(ParentRunner.java:71)
	at org.junit.runners.ParentRunner.runChildren(ParentRunner.java:288)
	at org.junit.runners.ParentRunner.access$000(ParentRunner.java:58)
	at org.junit.runners.ParentRunner$2.evaluate(ParentRunner.java:268)
	at org.junit.runners.ParentRunner.run(ParentRunner.java:363)
	at org.apache.maven.surefire.junit4.JUnit4Provider.execute(JUnit4Provider.java:264)
	at org.apache.maven.surefire.junit4.JUnit4Provider.executeTestSet(JUnit4Provider.java:153)
	at org.apache.maven.surefire.junit4.JUnit4Provider.invoke(JUnit4Provider.java:124)
	at sun.reflect.NativeMethodAccessorImpl.invoke0(Native Method)
	at sun.reflect.NativeMethodAccessorImpl.invoke(NativeMethodAccessorImpl.java:57)
	at sun.reflect.DelegatingMethodAccessorImpl.invoke(DelegatingMethodAccessorImpl.java:43)
	at java.lang.reflect.Method.invoke(Method.java:606)
	at org.apache.maven.surefire.util.ReflectionUtils.invokeMethodWithArray2(ReflectionUtils.java:208)
	at org.apache.maven.surefire.booter.ProviderFactory$ProviderProxy.invoke(ProviderFactory.java:156)
	at org.apache.maven.surefire.booter.ProviderFactory.invokeProvider(ProviderFactory.java:82)
	at org.eclipse.tycho.surefire.osgibooter.OsgiSurefireBooter.run(OsgiSurefireBooter.java:91)
	at org.eclipse.tycho.surefire.osgibooter.AbstractUITestApplication.runTests(AbstractUITestApplication.java:44)
	at org.eclipse.e4.ui.internal.workbench.swt.E4Testable$1.run(E4Testable.java:72)
	at java.lang.Thread.run(Thread.java:745)
Caused by: org.eclipse.swtbot.swt.finder.widgets.TimeoutException: Timeout after: 30000 ms.: Could not find widget matching: (of type 'Button' and with mnemonic 'Multiple Files Generator' and with style 'SWT.RADIO')
	at org.eclipse.swtbot.swt.finder.SWTBotFactory.waitUntil(SWTBotFactory.java:437)
	at org.eclipse.swtbot.swt.finder.SWTBotFactory.waitUntil(SWTBotFactory.java:411)
	at org.eclipse.swtbot.swt.finder.SWTBotFactory.waitUntil(SWTBotFactory.java:399)
	at org.eclipse.swtbot.swt.finder.SWTBotFactory.waitUntilWidgetAppears(SWTBotFactory.java:381)
	at org.eclipse.swtbot.swt.finder.SWTBotFactory.widget(SWTBotFactory.java:334)
	at org.eclipse.swtbot.swt.finder.SWTBot.radio(SWTBot.java:788)
	at org.eclipse.swtbot.swt.finder.SWTBot.radio(SWTBot.java:776)
	at pageobjects.SelectAGeneratorDialog.select(SelectAGeneratorDialog.java:38)
	at steps.GenerateFilesSteps.selectGeneratorAndClickNext(GenerateFilesSteps.java:29)
	at sun.reflect.NativeMethodAccessorImpl.invoke0(Native Method)
	at sun.reflect.NativeMethodAccessorImpl.invoke(NativeMethodAccessorImpl.java:57)
	at sun.reflect.DelegatingMethodAccessorImpl.invoke(DelegatingMethodAccessorImpl.java:43)
	at java.lang.reflect.Method.invoke(Method.java:606)
	at org.jbehave.scenario.steps.CandidateStep$1.perform(CandidateStep.java:83)
	at org.jbehave.scenario.ScenarioRunner$FineSoFar.run(ScenarioRunner.java:67)
	at org.jbehave.scenario.ScenarioRunner.runScenario(ScenarioRunner.java:52)
	at org.jbehave.scenario.ScenarioRunner.run(ScenarioRunner.java:40)
	at org.jbehave.scenario.AbstractScenario.runScenario(AbstractScenario.java:78)
	at org.jbehave.scenario.JUnitScenario.runScenario(JUnitScenario.java:51)
	at org.jbehave.scenario.JUnitScenario.testScenario(JUnitScenario.java:73)
	at sun.reflect.NativeMethodAccessorImpl.invoke0(Native Method)
	at sun.reflect.NativeMethodAccessorImpl.invoke(NativeMethodAccessorImpl.java:57)
	at sun.reflect.DelegatingMethodAccessorImpl.invoke(DelegatingMethodAccessorImpl.java:43)
	at java.lang.reflect.Method.invoke(Method.java:606)
	at junit.framework.TestCase.runTest(TestCase.java:176)
	at junit.framework.TestCase.runBare(TestCase.java:141)
	at junit.framework.TestResult$1.protect(TestResult.java:122)
	at junit.framework.TestResult.runProtected(TestResult.java:142)
	at junit.framework.TestResult.run(TestResult.java:125)
	at junit.framework.TestCase.run(TestCase.java:129)
	at junit.framework.TestSuite.runTest(TestSuite.java:252)
	at junit.framework.TestSuite.run(TestSuite.java:247)
	at org.junit.internal.runners.JUnit38ClassRunner.run(JUnit38ClassRunner.java:86)
	at org.junit.runners.Suite.runChild(Suite.java:128)
	at org.junit.runners.Suite.runChild(Suite.java:27)
	at org.junit.runners.ParentRunner$3.run(ParentRunner.java:290)
	at org.junit.runners.ParentRunner$1.schedule(ParentRunner.java:71)
	at org.junit.runners.ParentRunner.runChildren(ParentRunner.java:288)
	at org.junit.runners.ParentRunner.access$000(ParentRunner.java:58)
	at org.junit.runners.ParentRunner$2.evaluate(ParentRunner.java:268)
	at org.junit.runners.ParentRunner.run(ParentRunner.java:363)
	at org.apache.maven.surefire.junit4.JUnit4Provider.execute(JUnit4Provider.java:264)
	at org.apache.maven.surefire.junit4.JUnit4Provider.executeTestSet(JUnit4Provider.java:153)
	at org.apache.maven.surefire.junit4.JUnit4Provider.invoke(JUnit4Provider.java:124)
	at sun.reflect.NativeMethodAccessorImpl.invoke0(Native Method)
	at sun.reflect.NativeMethodAccessorImpl.invoke(NativeMethodAccessorImpl.java:57)
	at sun.reflect.DelegatingMethodAccessorImpl.invoke(DelegatingMethodAccessorImpl.java:43)
	at java.lang.reflect.Method.invoke(Method.java:606)
	at org.apache.maven.surefire.util.ReflectionUtils.invokeMethodWithArray2(ReflectionUtils.java:208)
	at org.apache.maven.surefire.booter.ProviderFactory$ProviderProxy.invoke(ProviderFactory.java:156)
	at org.apache.maven.surefire.booter.ProviderFactory.invokeProvider(ProviderFactory.java:82)
	at org.eclipse.tycho.surefire.osgibooter.OsgiSurefireBooter.run(OsgiSurefireBooter.java:91)
	at org.eclipse.tycho.surefire.osgibooter.AbstractUITestApplication.runTests(AbstractUITestApplication.java:44)
	at org.eclipse.e4.ui.internal.workbench.swt.E4Testable$1.run(E4Testable.java:72)
	at java.lang.Thread.run(Thread.java:745)

testScenario(stories.creatinggenerators.UseTemplateEngines)  Time elapsed: 120.975 sec  <<< ERROR!
org.eclipse.swtbot.swt.finder.exceptions.WidgetNotFoundException: Could not find widget matching: (of type 'Button' and with mnemonic 'Generator using Freemarker' and with style 'SWT.RADIO')
	at org.eclipse.swtbot.swt.finder.SWTBotFactory.waitUntilWidgetAppears(SWTBotFactory.java:387)
	at org.eclipse.swtbot.swt.finder.SWTBotFactory.widget(SWTBotFactory.java:334)
	at org.eclipse.swtbot.swt.finder.SWTBot.radio(SWTBot.java:788)
	at org.eclipse.swtbot.swt.finder.SWTBot.radio(SWTBot.java:776)
	at pageobjects.SelectAGeneratorDialog.select(SelectAGeneratorDialog.java:38)
	at steps.GenerateFilesSteps.selectGeneratorAndClickNext(GenerateFilesSteps.java:29)
	at sun.reflect.NativeMethodAccessorImpl.invoke0(Native Method)
	at sun.reflect.NativeMethodAccessorImpl.invoke(NativeMethodAccessorImpl.java:57)
	at sun.reflect.DelegatingMethodAccessorImpl.invoke(DelegatingMethodAccessorImpl.java:43)
	at java.lang.reflect.Method.invoke(Method.java:606)
	at org.jbehave.scenario.steps.CandidateStep$1.perform(CandidateStep.java:83)
	at org.jbehave.scenario.ScenarioRunner$FineSoFar.run(ScenarioRunner.java:67)
	at org.jbehave.scenario.ScenarioRunner.runScenario(ScenarioRunner.java:52)
	at org.jbehave.scenario.ScenarioRunner.run(ScenarioRunner.java:40)
	at org.jbehave.scenario.AbstractScenario.runScenario(AbstractScenario.java:78)
	at org.jbehave.scenario.JUnitScenario.runScenario(JUnitScenario.java:51)
	at org.jbehave.scenario.JUnitScenario.testScenario(JUnitScenario.java:73)
	at sun.reflect.NativeMethodAccessorImpl.invoke0(Native Method)
	at sun.reflect.NativeMethodAccessorImpl.invoke(NativeMethodAccessorImpl.java:57)
	at sun.reflect.DelegatingMethodAccessorImpl.invoke(DelegatingMethodAccessorImpl.java:43)
	at java.lang.reflect.Method.invoke(Method.java:606)
	at junit.framework.TestCase.runTest(TestCase.java:176)
	at junit.framework.TestCase.runBare(TestCase.java:141)
	at junit.framework.TestResult$1.protect(TestResult.java:122)
	at junit.framework.TestResult.runProtected(TestResult.java:142)
	at junit.framework.TestResult.run(TestResult.java:125)
	at junit.framework.TestCase.run(TestCase.java:129)
	at junit.framework.TestSuite.runTest(TestSuite.java:252)
	at junit.framework.TestSuite.run(TestSuite.java:247)
	at org.junit.internal.runners.JUnit38ClassRunner.run(JUnit38ClassRunner.java:86)
	at org.junit.runners.Suite.runChild(Suite.java:128)
	at org.junit.runners.Suite.runChild(Suite.java:27)
	at org.junit.runners.ParentRunner$3.run(ParentRunner.java:290)
	at org.junit.runners.ParentRunner$1.schedule(ParentRunner.java:71)
	at org.junit.runners.ParentRunner.runChildren(ParentRunner.java:288)
	at org.junit.runners.ParentRunner.access$000(ParentRunner.java:58)
	at org.junit.runners.ParentRunner$2.evaluate(ParentRunner.java:268)
	at org.junit.runners.ParentRunner.run(ParentRunner.java:363)
	at org.apache.maven.surefire.junit4.JUnit4Provider.execute(JUnit4Provider.java:264)
	at org.apache.maven.surefire.junit4.JUnit4Provider.executeTestSet(JUnit4Provider.java:153)
	at org.apache.maven.surefire.junit4.JUnit4Provider.invoke(JUnit4Provider.java:124)
	at sun.reflect.NativeMethodAccessorImpl.invoke0(Native Method)
	at sun.reflect.NativeMethodAccessorImpl.invoke(NativeMethodAccessorImpl.java:57)
	at sun.reflect.DelegatingMethodAccessorImpl.invoke(DelegatingMethodAccessorImpl.java:43)
	at java.lang.reflect.Method.invoke(Method.java:606)
	at org.apache.maven.surefire.util.ReflectionUtils.invokeMethodWithArray2(ReflectionUtils.java:208)
	at org.apache.maven.surefire.booter.ProviderFactory$ProviderProxy.invoke(ProviderFactory.java:156)
	at org.apache.maven.surefire.booter.ProviderFactory.invokeProvider(ProviderFactory.java:82)
	at org.eclipse.tycho.surefire.osgibooter.OsgiSurefireBooter.run(OsgiSurefireBooter.java:91)
	at org.eclipse.tycho.surefire.osgibooter.AbstractUITestApplication.runTests(AbstractUITestApplication.java:44)
	at org.eclipse.e4.ui.internal.workbench.swt.E4Testable$1.run(E4Testable.java:72)
	at java.lang.Thread.run(Thread.java:745)
Caused by: org.eclipse.swtbot.swt.finder.widgets.TimeoutException: Timeout after: 30000 ms.: Could not find widget matching: (of type 'Button' and with mnemonic 'Generator using Freemarker' and with style 'SWT.RADIO')
	at org.eclipse.swtbot.swt.finder.SWTBotFactory.waitUntil(SWTBotFactory.java:437)
	at org.eclipse.swtbot.swt.finder.SWTBotFactory.waitUntil(SWTBotFactory.java:411)
	at org.eclipse.swtbot.swt.finder.SWTBotFactory.waitUntil(SWTBotFactory.java:399)
	at org.eclipse.swtbot.swt.finder.SWTBotFactory.waitUntilWidgetAppears(SWTBotFactory.java:381)
	at org.eclipse.swtbot.swt.finder.SWTBotFactory.widget(SWTBotFactory.java:334)
	at org.eclipse.swtbot.swt.finder.SWTBot.radio(SWTBot.java:788)
	at org.eclipse.swtbot.swt.finder.SWTBot.radio(SWTBot.java:776)
	at pageobjects.SelectAGeneratorDialog.select(SelectAGeneratorDialog.java:38)
	at steps.GenerateFilesSteps.selectGeneratorAndClickNext(GenerateFilesSteps.java:29)
	at sun.reflect.NativeMethodAccessorImpl.invoke0(Native Method)
	at sun.reflect.NativeMethodAccessorImpl.invoke(NativeMethodAccessorImpl.java:57)
	at sun.reflect.DelegatingMethodAccessorImpl.invoke(DelegatingMethodAccessorImpl.java:43)
	at java.lang.reflect.Method.invoke(Method.java:606)
	at org.jbehave.scenario.steps.CandidateStep$1.perform(CandidateStep.java:83)
	at org.jbehave.scenario.ScenarioRunner$FineSoFar.run(ScenarioRunner.java:67)
	at org.jbehave.scenario.ScenarioRunner.runScenario(ScenarioRunner.java:52)
	at org.jbehave.scenario.ScenarioRunner.run(ScenarioRunner.java:40)
	at org.jbehave.scenario.AbstractScenario.runScenario(AbstractScenario.java:78)
	at org.jbehave.scenario.JUnitScenario.runScenario(JUnitScenario.java:51)
	at org.jbehave.scenario.JUnitScenario.testScenario(JUnitScenario.java:73)
	at sun.reflect.NativeMethodAccessorImpl.invoke0(Native Method)
	at sun.reflect.NativeMethodAccessorImpl.invoke(NativeMethodAccessorImpl.java:57)
	at sun.reflect.DelegatingMethodAccessorImpl.invoke(DelegatingMethodAccessorImpl.java:43)
	at java.lang.reflect.Method.invoke(Method.java:606)
	at junit.framework.TestCase.runTest(TestCase.java:176)
	at junit.framework.TestCase.runBare(TestCase.java:141)
	at junit.framework.TestResult$1.protect(TestResult.java:122)
	at junit.framework.TestResult.runProtected(TestResult.java:142)
	at junit.framework.TestResult.run(TestResult.java:125)
	at junit.framework.TestCase.run(TestCase.java:129)
	at junit.framework.TestSuite.runTest(TestSuite.java:252)
	at junit.framework.TestSuite.run(TestSuite.java:247)
	at org.junit.internal.runners.JUnit38ClassRunner.run(JUnit38ClassRunner.java:86)
	at org.junit.runners.Suite.runChild(Suite.java:128)
	at org.junit.runners.Suite.runChild(Suite.java:27)
	at org.junit.runners.ParentRunner$3.run(ParentRunner.java:290)
	at org.junit.runners.ParentRunner$1.schedule(ParentRunner.java:71)
	at org.junit.runners.ParentRunner.runChildren(ParentRunner.java:288)
	at org.junit.runners.ParentRunner.access$000(ParentRunner.java:58)
	at org.junit.runners.ParentRunner$2.evaluate(ParentRunner.java:268)
	at org.junit.runners.ParentRunner.run(ParentRunner.java:363)
	at org.apache.maven.surefire.junit4.JUnit4Provider.execute(JUnit4Provider.java:264)
	at org.apache.maven.surefire.junit4.JUnit4Provider.executeTestSet(JUnit4Provider.java:153)
	at org.apache.maven.surefire.junit4.JUnit4Provider.invoke(JUnit4Provider.java:124)
	at sun.reflect.NativeMethodAccessorImpl.invoke0(Native Method)
	at sun.reflect.NativeMethodAccessorImpl.invoke(NativeMethodAccessorImpl.java:57)
	at sun.reflect.DelegatingMethodAccessorImpl.invoke(DelegatingMethodAccessorImpl.java:43)
	at java.lang.reflect.Method.invoke(Method.java:606)
	at org.apache.maven.surefire.util.ReflectionUtils.invokeMethodWithArray2(ReflectionUtils.java:208)
	at org.apache.maven.surefire.booter.ProviderFactory$ProviderProxy.invoke(ProviderFactory.java:156)
	at org.apache.maven.surefire.booter.ProviderFactory.invokeProvider(ProviderFactory.java:82)
	at org.eclipse.tycho.surefire.osgibooter.OsgiSurefireBooter.run(OsgiSurefireBooter.java:91)
	at org.eclipse.tycho.surefire.osgibooter.AbstractUITestApplication.runTests(AbstractUITestApplication.java:44)
	at org.eclipse.e4.ui.internal.workbench.swt.E4Testable$1.run(E4Testable.java:72)
	at java.lang.Thread.run(Thread.java:745)

testScenario(stories.usingthegenerator.SetTemplatesDestinations)  Time elapsed: 30.256 sec  <<< ERROR!
org.eclipse.swtbot.swt.finder.exceptions.WidgetNotFoundException: Could not find widget matching: (of type 'Button' and with mnemonic 'Generator with unwanted destination' and with style 'SWT.RADIO')
	at org.eclipse.swtbot.swt.finder.SWTBotFactory.waitUntilWidgetAppears(SWTBotFactory.java:387)
	at org.eclipse.swtbot.swt.finder.SWTBotFactory.widget(SWTBotFactory.java:334)
	at org.eclipse.swtbot.swt.finder.SWTBot.radio(SWTBot.java:788)
	at org.eclipse.swtbot.swt.finder.SWTBot.radio(SWTBot.java:776)
	at pageobjects.SelectAGeneratorDialog.select(SelectAGeneratorDialog.java:38)
	at steps.GenerateFilesSteps.selectGeneratorAndClickNext(GenerateFilesSteps.java:29)
	at sun.reflect.NativeMethodAccessorImpl.invoke0(Native Method)
	at sun.reflect.NativeMethodAccessorImpl.invoke(NativeMethodAccessorImpl.java:57)
	at sun.reflect.DelegatingMethodAccessorImpl.invoke(DelegatingMethodAccessorImpl.java:43)
	at java.lang.reflect.Method.invoke(Method.java:606)
	at org.jbehave.scenario.steps.CandidateStep$1.perform(CandidateStep.java:83)
	at org.jbehave.scenario.ScenarioRunner$FineSoFar.run(ScenarioRunner.java:67)
	at org.jbehave.scenario.ScenarioRunner.runScenario(ScenarioRunner.java:52)
	at org.jbehave.scenario.ScenarioRunner.run(ScenarioRunner.java:40)
	at org.jbehave.scenario.AbstractScenario.runScenario(AbstractScenario.java:78)
	at org.jbehave.scenario.JUnitScenario.runScenario(JUnitScenario.java:51)
	at org.jbehave.scenario.JUnitScenario.testScenario(JUnitScenario.java:73)
	at sun.reflect.NativeMethodAccessorImpl.invoke0(Native Method)
	at sun.reflect.NativeMethodAccessorImpl.invoke(NativeMethodAccessorImpl.java:57)
	at sun.reflect.DelegatingMethodAccessorImpl.invoke(DelegatingMethodAccessorImpl.java:43)
	at java.lang.reflect.Method.invoke(Method.java:606)
	at junit.framework.TestCase.runTest(TestCase.java:176)
	at junit.framework.TestCase.runBare(TestCase.java:141)
	at junit.framework.TestResult$1.protect(TestResult.java:122)
	at junit.framework.TestResult.runProtected(TestResult.java:142)
	at junit.framework.TestResult.run(TestResult.java:125)
	at junit.framework.TestCase.run(TestCase.java:129)
	at junit.framework.TestSuite.runTest(TestSuite.java:252)
	at junit.framework.TestSuite.run(TestSuite.java:247)
	at org.junit.internal.runners.JUnit38ClassRunner.run(JUnit38ClassRunner.java:86)
	at org.junit.runners.Suite.runChild(Suite.java:128)
	at org.junit.runners.Suite.runChild(Suite.java:27)
	at org.junit.runners.ParentRunner$3.run(ParentRunner.java:290)
	at org.junit.runners.ParentRunner$1.schedule(ParentRunner.java:71)
	at org.junit.runners.ParentRunner.runChildren(ParentRunner.java:288)
	at org.junit.runners.ParentRunner.access$000(ParentRunner.java:58)
	at org.junit.runners.ParentRunner$2.evaluate(ParentRunner.java:268)
	at org.junit.runners.ParentRunner.run(ParentRunner.java:363)
	at org.apache.maven.surefire.junit4.JUnit4Provider.execute(JUnit4Provider.java:264)
	at org.apache.maven.surefire.junit4.JUnit4Provider.executeTestSet(JUnit4Provider.java:153)
	at org.apache.maven.surefire.junit4.JUnit4Provider.invoke(JUnit4Provider.java:124)
	at sun.reflect.NativeMethodAccessorImpl.invoke0(Native Method)
	at sun.reflect.NativeMethodAccessorImpl.invoke(NativeMethodAccessorImpl.java:57)
	at sun.reflect.DelegatingMethodAccessorImpl.invoke(DelegatingMethodAccessorImpl.java:43)
	at java.lang.reflect.Method.invoke(Method.java:606)
	at org.apache.maven.surefire.util.ReflectionUtils.invokeMethodWithArray2(ReflectionUtils.java:208)
	at org.apache.maven.surefire.booter.ProviderFactory$ProviderProxy.invoke(ProviderFactory.java:156)
	at org.apache.maven.surefire.booter.ProviderFactory.invokeProvider(ProviderFactory.java:82)
	at org.eclipse.tycho.surefire.osgibooter.OsgiSurefireBooter.run(OsgiSurefireBooter.java:91)
	at org.eclipse.tycho.surefire.osgibooter.AbstractUITestApplication.runTests(AbstractUITestApplication.java:44)
	at org.eclipse.e4.ui.internal.workbench.swt.E4Testable$1.run(E4Testable.java:72)
	at java.lang.Thread.run(Thread.java:745)
Caused by: org.eclipse.swtbot.swt.finder.widgets.TimeoutException: Timeout after: 30000 ms.: Could not find widget matching: (of type 'Button' and with mnemonic 'Generator with unwanted destination' and with style 'SWT.RADIO')
	at org.eclipse.swtbot.swt.finder.SWTBotFactory.waitUntil(SWTBotFactory.java:437)
	at org.eclipse.swtbot.swt.finder.SWTBotFactory.waitUntil(SWTBotFactory.java:411)
	at org.eclipse.swtbot.swt.finder.SWTBotFactory.waitUntil(SWTBotFactory.java:399)
	at org.eclipse.swtbot.swt.finder.SWTBotFactory.waitUntilWidgetAppears(SWTBotFactory.java:381)
	at org.eclipse.swtbot.swt.finder.SWTBotFactory.widget(SWTBotFactory.java:334)
	at org.eclipse.swtbot.swt.finder.SWTBot.radio(SWTBot.java:788)
	at org.eclipse.swtbot.swt.finder.SWTBot.radio(SWTBot.java:776)
	at pageobjects.SelectAGeneratorDialog.select(SelectAGeneratorDialog.java:38)
	at steps.GenerateFilesSteps.selectGeneratorAndClickNext(GenerateFilesSteps.java:29)
	at sun.reflect.NativeMethodAccessorImpl.invoke0(Native Method)
	at sun.reflect.NativeMethodAccessorImpl.invoke(NativeMethodAccessorImpl.java:57)
	at sun.reflect.DelegatingMethodAccessorImpl.invoke(DelegatingMethodAccessorImpl.java:43)
	at java.lang.reflect.Method.invoke(Method.java:606)
	at org.jbehave.scenario.steps.CandidateStep$1.perform(CandidateStep.java:83)
	at org.jbehave.scenario.ScenarioRunner$FineSoFar.run(ScenarioRunner.java:67)
	at org.jbehave.scenario.ScenarioRunner.runScenario(ScenarioRunner.java:52)
	at org.jbehave.scenario.ScenarioRunner.run(ScenarioRunner.java:40)
	at org.jbehave.scenario.AbstractScenario.runScenario(AbstractScenario.java:78)
	at org.jbehave.scenario.JUnitScenario.runScenario(JUnitScenario.java:51)
	at org.jbehave.scenario.JUnitScenario.testScenario(JUnitScenario.java:73)
	at sun.reflect.NativeMethodAccessorImpl.invoke0(Native Method)
	at sun.reflect.NativeMethodAccessorImpl.invoke(NativeMethodAccessorImpl.java:57)
	at sun.reflect.DelegatingMethodAccessorImpl.invoke(DelegatingMethodAccessorImpl.java:43)
	at java.lang.reflect.Method.invoke(Method.java:606)
	at junit.framework.TestCase.runTest(TestCase.java:176)
	at junit.framework.TestCase.runBare(TestCase.java:141)
	at junit.framework.TestResult$1.protect(TestResult.java:122)
	at junit.framework.TestResult.runProtected(TestResult.java:142)
	at junit.framework.TestResult.run(TestResult.java:125)
	at junit.framework.TestCase.run(TestCase.java:129)
	at junit.framework.TestSuite.runTest(TestSuite.java:252)
	at junit.framework.TestSuite.run(TestSuite.java:247)
	at org.junit.internal.runners.JUnit38ClassRunner.run(JUnit38ClassRunner.java:86)
	at org.junit.runners.Suite.runChild(Suite.java:128)
	at org.junit.runners.Suite.runChild(Suite.java:27)
	at org.junit.runners.ParentRunner$3.run(ParentRunner.java:290)
	at org.junit.runners.ParentRunner$1.schedule(ParentRunner.java:71)
	at org.junit.runners.ParentRunner.runChildren(ParentRunner.java:288)
	at org.junit.runners.ParentRunner.access$000(ParentRunner.java:58)
	at org.junit.runners.ParentRunner$2.evaluate(ParentRunner.java:268)
	at org.junit.runners.ParentRunner.run(ParentRunner.java:363)
	at org.apache.maven.surefire.junit4.JUnit4Provider.execute(JUnit4Provider.java:264)
	at org.apache.maven.surefire.junit4.JUnit4Provider.executeTestSet(JUnit4Provider.java:153)
	at org.apache.maven.surefire.junit4.JUnit4Provider.invoke(JUnit4Provider.java:124)
	at sun.reflect.NativeMethodAccessorImpl.invoke0(Native Method)
	at sun.reflect.NativeMethodAccessorImpl.invoke(NativeMethodAccessorImpl.java:57)
	at sun.reflect.DelegatingMethodAccessorImpl.invoke(DelegatingMethodAccessorImpl.java:43)
	at java.lang.reflect.Method.invoke(Method.java:606)
	at org.apache.maven.surefire.util.ReflectionUtils.invokeMethodWithArray2(ReflectionUtils.java:208)
	at org.apache.maven.surefire.booter.ProviderFactory$ProviderProxy.invoke(ProviderFactory.java:156)
	at org.apache.maven.surefire.booter.ProviderFactory.invokeProvider(ProviderFactory.java:82)
	at org.eclipse.tycho.surefire.osgibooter.OsgiSurefireBooter.run(OsgiSurefireBooter.java:91)
	at org.eclipse.tycho.surefire.osgibooter.AbstractUITestApplication.runTests(AbstractUITestApplication.java:44)
	at org.eclipse.e4.ui.internal.workbench.swt.E4Testable$1.run(E4Testable.java:72)
	at java.lang.Thread.run(Thread.java:745)

testScenario(stories.creatinggenerators.SetDescriptionToGenerators)  Time elapsed: 30.238 sec  <<< ERROR!
org.eclipse.swtbot.swt.finder.exceptions.WidgetNotFoundException: Could not find widget matching: (of type 'Button' and with mnemonic 'Generator with description' and with style 'SWT.RADIO')
	at org.eclipse.swtbot.swt.finder.SWTBotFactory.waitUntilWidgetAppears(SWTBotFactory.java:387)
	at org.eclipse.swtbot.swt.finder.SWTBotFactory.widget(SWTBotFactory.java:334)
	at org.eclipse.swtbot.swt.finder.SWTBot.radio(SWTBot.java:788)
	at org.eclipse.swtbot.swt.finder.SWTBot.radio(SWTBot.java:776)
	at pageobjects.SelectAGeneratorDialog.select(SelectAGeneratorDialog.java:38)
	at steps.GenerateFilesSteps.selectGeneratorAndClickNext(GenerateFilesSteps.java:29)
	at sun.reflect.NativeMethodAccessorImpl.invoke0(Native Method)
	at sun.reflect.NativeMethodAccessorImpl.invoke(NativeMethodAccessorImpl.java:57)
	at sun.reflect.DelegatingMethodAccessorImpl.invoke(DelegatingMethodAccessorImpl.java:43)
	at java.lang.reflect.Method.invoke(Method.java:606)
	at org.jbehave.scenario.steps.CandidateStep$1.perform(CandidateStep.java:83)
	at org.jbehave.scenario.ScenarioRunner$FineSoFar.run(ScenarioRunner.java:67)
	at org.jbehave.scenario.ScenarioRunner.runScenario(ScenarioRunner.java:52)
	at org.jbehave.scenario.ScenarioRunner.run(ScenarioRunner.java:40)
	at org.jbehave.scenario.AbstractScenario.runScenario(AbstractScenario.java:78)
	at org.jbehave.scenario.JUnitScenario.runScenario(JUnitScenario.java:51)
	at org.jbehave.scenario.JUnitScenario.testScenario(JUnitScenario.java:73)
	at sun.reflect.NativeMethodAccessorImpl.invoke0(Native Method)
	at sun.reflect.NativeMethodAccessorImpl.invoke(NativeMethodAccessorImpl.java:57)
	at sun.reflect.DelegatingMethodAccessorImpl.invoke(DelegatingMethodAccessorImpl.java:43)
	at java.lang.reflect.Method.invoke(Method.java:606)
	at junit.framework.TestCase.runTest(TestCase.java:176)
	at junit.framework.TestCase.runBare(TestCase.java:141)
	at junit.framework.TestResult$1.protect(TestResult.java:122)
	at junit.framework.TestResult.runProtected(TestResult.java:142)
	at junit.framework.TestResult.run(TestResult.java:125)
	at junit.framework.TestCase.run(TestCase.java:129)
	at junit.framework.TestSuite.runTest(TestSuite.java:252)
	at junit.framework.TestSuite.run(TestSuite.java:247)
	at org.junit.internal.runners.JUnit38ClassRunner.run(JUnit38ClassRunner.java:86)
	at org.junit.runners.Suite.runChild(Suite.java:128)
	at org.junit.runners.Suite.runChild(Suite.java:27)
	at org.junit.runners.ParentRunner$3.run(ParentRunner.java:290)
	at org.junit.runners.ParentRunner$1.schedule(ParentRunner.java:71)
	at org.junit.runners.ParentRunner.runChildren(ParentRunner.java:288)
	at org.junit.runners.ParentRunner.access$000(ParentRunner.java:58)
	at org.junit.runners.ParentRunner$2.evaluate(ParentRunner.java:268)
	at org.junit.runners.ParentRunner.run(ParentRunner.java:363)
	at org.apache.maven.surefire.junit4.JUnit4Provider.execute(JUnit4Provider.java:264)
	at org.apache.maven.surefire.junit4.JUnit4Provider.executeTestSet(JUnit4Provider.java:153)
	at org.apache.maven.surefire.junit4.JUnit4Provider.invoke(JUnit4Provider.java:124)
	at sun.reflect.NativeMethodAccessorImpl.invoke0(Native Method)
	at sun.reflect.NativeMethodAccessorImpl.invoke(NativeMethodAccessorImpl.java:57)
	at sun.reflect.DelegatingMethodAccessorImpl.invoke(DelegatingMethodAccessorImpl.java:43)
	at java.lang.reflect.Method.invoke(Method.java:606)
	at org.apache.maven.surefire.util.ReflectionUtils.invokeMethodWithArray2(ReflectionUtils.java:208)
	at org.apache.maven.surefire.booter.ProviderFactory$ProviderProxy.invoke(ProviderFactory.java:156)
	at org.apache.maven.surefire.booter.ProviderFactory.invokeProvider(ProviderFactory.java:82)
	at org.eclipse.tycho.surefire.osgibooter.OsgiSurefireBooter.run(OsgiSurefireBooter.java:91)
	at org.eclipse.tycho.surefire.osgibooter.AbstractUITestApplication.runTests(AbstractUITestApplication.java:44)
	at org.eclipse.e4.ui.internal.workbench.swt.E4Testable$1.run(E4Testable.java:72)
	at java.lang.Thread.run(Thread.java:745)
Caused by: org.eclipse.swtbot.swt.finder.widgets.TimeoutException: Timeout after: 30000 ms.: Could not find widget matching: (of type 'Button' and with mnemonic 'Generator with description' and with style 'SWT.RADIO')
	at org.eclipse.swtbot.swt.finder.SWTBotFactory.waitUntil(SWTBotFactory.java:437)
	at org.eclipse.swtbot.swt.finder.SWTBotFactory.waitUntil(SWTBotFactory.java:411)
	at org.eclipse.swtbot.swt.finder.SWTBotFactory.waitUntil(SWTBotFactory.java:399)
	at org.eclipse.swtbot.swt.finder.SWTBotFactory.waitUntilWidgetAppears(SWTBotFactory.java:381)
	at org.eclipse.swtbot.swt.finder.SWTBotFactory.widget(SWTBotFactory.java:334)
	at org.eclipse.swtbot.swt.finder.SWTBot.radio(SWTBot.java:788)
	at org.eclipse.swtbot.swt.finder.SWTBot.radio(SWTBot.java:776)
	at pageobjects.SelectAGeneratorDialog.select(SelectAGeneratorDialog.java:38)
	at steps.GenerateFilesSteps.selectGeneratorAndClickNext(GenerateFilesSteps.java:29)
	at sun.reflect.NativeMethodAccessorImpl.invoke0(Native Method)
	at sun.reflect.NativeMethodAccessorImpl.invoke(NativeMethodAccessorImpl.java:57)
	at sun.reflect.DelegatingMethodAccessorImpl.invoke(DelegatingMethodAccessorImpl.java:43)
	at java.lang.reflect.Method.invoke(Method.java:606)
	at org.jbehave.scenario.steps.CandidateStep$1.perform(CandidateStep.java:83)
	at org.jbehave.scenario.ScenarioRunner$FineSoFar.run(ScenarioRunner.java:67)
	at org.jbehave.scenario.ScenarioRunner.runScenario(ScenarioRunner.java:52)
	at org.jbehave.scenario.ScenarioRunner.run(ScenarioRunner.java:40)
	at org.jbehave.scenario.AbstractScenario.runScenario(AbstractScenario.java:78)
	at org.jbehave.scenario.JUnitScenario.runScenario(JUnitScenario.java:51)
	at org.jbehave.scenario.JUnitScenario.testScenario(JUnitScenario.java:73)
	at sun.reflect.NativeMethodAccessorImpl.invoke0(Native Method)
	at sun.reflect.NativeMethodAccessorImpl.invoke(NativeMethodAccessorImpl.java:57)
	at sun.reflect.DelegatingMethodAccessorImpl.invoke(DelegatingMethodAccessorImpl.java:43)
	at java.lang.reflect.Method.invoke(Method.java:606)
	at junit.framework.TestCase.runTest(TestCase.java:176)
	at junit.framework.TestCase.runBare(TestCase.java:141)
	at junit.framework.TestResult$1.protect(TestResult.java:122)
	at junit.framework.TestResult.runProtected(TestResult.java:142)
	at junit.framework.TestResult.run(TestResult.java:125)
	at junit.framework.TestCase.run(TestCase.java:129)
	at junit.framework.TestSuite.runTest(TestSuite.java:252)
	at junit.framework.TestSuite.run(TestSuite.java:247)
	at org.junit.internal.runners.JUnit38ClassRunner.run(JUnit38ClassRunner.java:86)
	at org.junit.runners.Suite.runChild(Suite.java:128)
	at org.junit.runners.Suite.runChild(Suite.java:27)
	at org.junit.runners.ParentRunner$3.run(ParentRunner.java:290)
	at org.junit.runners.ParentRunner$1.schedule(ParentRunner.java:71)
	at org.junit.runners.ParentRunner.runChildren(ParentRunner.java:288)
	at org.junit.runners.ParentRunner.access$000(ParentRunner.java:58)
	at org.junit.runners.ParentRunner$2.evaluate(ParentRunner.java:268)
	at org.junit.runners.ParentRunner.run(ParentRunner.java:363)
	at org.apache.maven.surefire.junit4.JUnit4Provider.execute(JUnit4Provider.java:264)
	at org.apache.maven.surefire.junit4.JUnit4Provider.executeTestSet(JUnit4Provider.java:153)
	at org.apache.maven.surefire.junit4.JUnit4Provider.invoke(JUnit4Provider.java:124)
	at sun.reflect.NativeMethodAccessorImpl.invoke0(Native Method)
	at sun.reflect.NativeMethodAccessorImpl.invoke(NativeMethodAccessorImpl.java:57)
	at sun.reflect.DelegatingMethodAccessorImpl.invoke(DelegatingMethodAccessorImpl.java:43)
	at java.lang.reflect.Method.invoke(Method.java:606)
	at org.apache.maven.surefire.util.ReflectionUtils.invokeMethodWithArray2(ReflectionUtils.java:208)
	at org.apache.maven.surefire.booter.ProviderFactory$ProviderProxy.invoke(ProviderFactory.java:156)
	at org.apache.maven.surefire.booter.ProviderFactory.invokeProvider(ProviderFactory.java:82)
	at org.eclipse.tycho.surefire.osgibooter.OsgiSurefireBooter.run(OsgiSurefireBooter.java:91)
	at org.eclipse.tycho.surefire.osgibooter.AbstractUITestApplication.runTests(AbstractUITestApplication.java:44)
	at org.eclipse.e4.ui.internal.workbench.swt.E4Testable$1.run(E4Testable.java:72)
	at java.lang.Thread.run(Thread.java:745)

testScenario(stories.usingthegenerator.UseGlobalParams)  Time elapsed: 30.267 sec  <<< ERROR!
org.eclipse.swtbot.swt.finder.exceptions.WidgetNotFoundException: Could not find widget matching: (of type 'Button' and with mnemonic 'Generator using global params' and with style 'SWT.RADIO')
	at org.eclipse.swtbot.swt.finder.SWTBotFactory.waitUntilWidgetAppears(SWTBotFactory.java:387)
	at org.eclipse.swtbot.swt.finder.SWTBotFactory.widget(SWTBotFactory.java:334)
	at org.eclipse.swtbot.swt.finder.SWTBot.radio(SWTBot.java:788)
	at org.eclipse.swtbot.swt.finder.SWTBot.radio(SWTBot.java:776)
	at pageobjects.SelectAGeneratorDialog.select(SelectAGeneratorDialog.java:38)
	at steps.GenerateFilesSteps.selectGeneratorAndClickNext(GenerateFilesSteps.java:29)
	at sun.reflect.NativeMethodAccessorImpl.invoke0(Native Method)
	at sun.reflect.NativeMethodAccessorImpl.invoke(NativeMethodAccessorImpl.java:57)
	at sun.reflect.DelegatingMethodAccessorImpl.invoke(DelegatingMethodAccessorImpl.java:43)
	at java.lang.reflect.Method.invoke(Method.java:606)
	at org.jbehave.scenario.steps.CandidateStep$1.perform(CandidateStep.java:83)
	at org.jbehave.scenario.ScenarioRunner$FineSoFar.run(ScenarioRunner.java:67)
	at org.jbehave.scenario.ScenarioRunner.runScenario(ScenarioRunner.java:52)
	at org.jbehave.scenario.ScenarioRunner.run(ScenarioRunner.java:40)
	at org.jbehave.scenario.AbstractScenario.runScenario(AbstractScenario.java:78)
	at org.jbehave.scenario.JUnitScenario.runScenario(JUnitScenario.java:51)
	at org.jbehave.scenario.JUnitScenario.testScenario(JUnitScenario.java:73)
	at sun.reflect.NativeMethodAccessorImpl.invoke0(Native Method)
	at sun.reflect.NativeMethodAccessorImpl.invoke(NativeMethodAccessorImpl.java:57)
	at sun.reflect.DelegatingMethodAccessorImpl.invoke(DelegatingMethodAccessorImpl.java:43)
	at java.lang.reflect.Method.invoke(Method.java:606)
	at junit.framework.TestCase.runTest(TestCase.java:176)
	at junit.framework.TestCase.runBare(TestCase.java:141)
	at junit.framework.TestResult$1.protect(TestResult.java:122)
	at junit.framework.TestResult.runProtected(TestResult.java:142)
	at junit.framework.TestResult.run(TestResult.java:125)
	at junit.framework.TestCase.run(TestCase.java:129)
	at junit.framework.TestSuite.runTest(TestSuite.java:252)
	at junit.framework.TestSuite.run(TestSuite.java:247)
	at org.junit.internal.runners.JUnit38ClassRunner.run(JUnit38ClassRunner.java:86)
	at org.junit.runners.Suite.runChild(Suite.java:128)
	at org.junit.runners.Suite.runChild(Suite.java:27)
	at org.junit.runners.ParentRunner$3.run(ParentRunner.java:290)
	at org.junit.runners.ParentRunner$1.schedule(ParentRunner.java:71)
	at org.junit.runners.ParentRunner.runChildren(ParentRunner.java:288)
	at org.junit.runners.ParentRunner.access$000(ParentRunner.java:58)
	at org.junit.runners.ParentRunner$2.evaluate(ParentRunner.java:268)
	at org.junit.runners.ParentRunner.run(ParentRunner.java:363)
	at org.apache.maven.surefire.junit4.JUnit4Provider.execute(JUnit4Provider.java:264)
	at org.apache.maven.surefire.junit4.JUnit4Provider.executeTestSet(JUnit4Provider.java:153)
	at org.apache.maven.surefire.junit4.JUnit4Provider.invoke(JUnit4Provider.java:124)
	at sun.reflect.NativeMethodAccessorImpl.invoke0(Native Method)
	at sun.reflect.NativeMethodAccessorImpl.invoke(NativeMethodAccessorImpl.java:57)
	at sun.reflect.DelegatingMethodAccessorImpl.invoke(DelegatingMethodAccessorImpl.java:43)
	at java.lang.reflect.Method.invoke(Method.java:606)
	at org.apache.maven.surefire.util.ReflectionUtils.invokeMethodWithArray2(ReflectionUtils.java:208)
	at org.apache.maven.surefire.booter.ProviderFactory$ProviderProxy.invoke(ProviderFactory.java:156)
	at org.apache.maven.surefire.booter.ProviderFactory.invokeProvider(ProviderFactory.java:82)
	at org.eclipse.tycho.surefire.osgibooter.OsgiSurefireBooter.run(OsgiSurefireBooter.java:91)
	at org.eclipse.tycho.surefire.osgibooter.AbstractUITestApplication.runTests(AbstractUITestApplication.java:44)
	at org.eclipse.e4.ui.internal.workbench.swt.E4Testable$1.run(E4Testable.java:72)
	at java.lang.Thread.run(Thread.java:745)
Caused by: org.eclipse.swtbot.swt.finder.widgets.TimeoutException: Timeout after: 30000 ms.: Could not find widget matching: (of type 'Button' and with mnemonic 'Generator using global params' and with style 'SWT.RADIO')
	at org.eclipse.swtbot.swt.finder.SWTBotFactory.waitUntil(SWTBotFactory.java:437)
	at org.eclipse.swtbot.swt.finder.SWTBotFactory.waitUntil(SWTBotFactory.java:411)
	at org.eclipse.swtbot.swt.finder.SWTBotFactory.waitUntil(SWTBotFactory.java:399)
	at org.eclipse.swtbot.swt.finder.SWTBotFactory.waitUntilWidgetAppears(SWTBotFactory.java:381)
	at org.eclipse.swtbot.swt.finder.SWTBotFactory.widget(SWTBotFactory.java:334)
	at org.eclipse.swtbot.swt.finder.SWTBot.radio(SWTBot.java:788)
	at org.eclipse.swtbot.swt.finder.SWTBot.radio(SWTBot.java:776)
	at pageobjects.SelectAGeneratorDialog.select(SelectAGeneratorDialog.java:38)
	at steps.GenerateFilesSteps.selectGeneratorAndClickNext(GenerateFilesSteps.java:29)
	at sun.reflect.NativeMethodAccessorImpl.invoke0(Native Method)
	at sun.reflect.NativeMethodAccessorImpl.invoke(NativeMethodAccessorImpl.java:57)
	at sun.reflect.DelegatingMethodAccessorImpl.invoke(DelegatingMethodAccessorImpl.java:43)
	at java.lang.reflect.Method.invoke(Method.java:606)
	at org.jbehave.scenario.steps.CandidateStep$1.perform(CandidateStep.java:83)
	at org.jbehave.scenario.ScenarioRunner$FineSoFar.run(ScenarioRunner.java:67)
	at org.jbehave.scenario.ScenarioRunner.runScenario(ScenarioRunner.java:52)
	at org.jbehave.scenario.ScenarioRunner.run(ScenarioRunner.java:40)
	at org.jbehave.scenario.AbstractScenario.runScenario(AbstractScenario.java:78)
	at org.jbehave.scenario.JUnitScenario.runScenario(JUnitScenario.java:51)
	at org.jbehave.scenario.JUnitScenario.testScenario(JUnitScenario.java:73)
	at sun.reflect.NativeMethodAccessorImpl.invoke0(Native Method)
	at sun.reflect.NativeMethodAccessorImpl.invoke(NativeMethodAccessorImpl.java:57)
	at sun.reflect.DelegatingMethodAccessorImpl.invoke(DelegatingMethodAccessorImpl.java:43)
	at java.lang.reflect.Method.invoke(Method.java:606)
	at junit.framework.TestCase.runTest(TestCase.java:176)
	at junit.framework.TestCase.runBare(TestCase.java:141)
	at junit.framework.TestResult$1.protect(TestResult.java:122)
	at junit.framework.TestResult.runProtected(TestResult.java:142)
	at junit.framework.TestResult.run(TestResult.java:125)
	at junit.framework.TestCase.run(TestCase.java:129)
	at junit.framework.TestSuite.runTest(TestSuite.java:252)
	at junit.framework.TestSuite.run(TestSuite.java:247)
	at org.junit.internal.runners.JUnit38ClassRunner.run(JUnit38ClassRunner.java:86)
	at org.junit.runners.Suite.runChild(Suite.java:128)
	at org.junit.runners.Suite.runChild(Suite.java:27)
	at org.junit.runners.ParentRunner$3.run(ParentRunner.java:290)
	at org.junit.runners.ParentRunner$1.schedule(ParentRunner.java:71)
	at org.junit.runners.ParentRunner.runChildren(ParentRunner.java:288)
	at org.junit.runners.ParentRunner.access$000(ParentRunner.java:58)
	at org.junit.runners.ParentRunner$2.evaluate(ParentRunner.java:268)
	at org.junit.runners.ParentRunner.run(ParentRunner.java:363)
	at org.apache.maven.surefire.junit4.JUnit4Provider.execute(JUnit4Provider.java:264)
	at org.apache.maven.surefire.junit4.JUnit4Provider.executeTestSet(JUnit4Provider.java:153)
	at org.apache.maven.surefire.junit4.JUnit4Provider.invoke(JUnit4Provider.java:124)
	at sun.reflect.NativeMethodAccessorImpl.invoke0(Native Method)
	at sun.reflect.NativeMethodAccessorImpl.invoke(NativeMethodAccessorImpl.java:57)
	at sun.reflect.DelegatingMethodAccessorImpl.invoke(DelegatingMethodAccessorImpl.java:43)
	at java.lang.reflect.Method.invoke(Method.java:606)
	at org.apache.maven.surefire.util.ReflectionUtils.invokeMethodWithArray2(ReflectionUtils.java:208)
	at org.apache.maven.surefire.booter.ProviderFactory$ProviderProxy.invoke(ProviderFactory.java:156)
	at org.apache.maven.surefire.booter.ProviderFactory.invokeProvider(ProviderFactory.java:82)
	at org.eclipse.tycho.surefire.osgibooter.OsgiSurefireBooter.run(OsgiSurefireBooter.java:91)
	at org.eclipse.tycho.surefire.osgibooter.AbstractUITestApplication.runTests(AbstractUITestApplication.java:44)
	at org.eclipse.e4.ui.internal.workbench.swt.E4Testable$1.run(E4Testable.java:72)
	at java.lang.Thread.run(Thread.java:745)

testScenario(stories.creatinggenerators.SetTemplatesToBeGenerated)  Time elapsed: 30.364 sec  <<< ERROR!
org.eclipse.swtbot.swt.finder.exceptions.WidgetNotFoundException: Could not find widget matching: (of type 'Button' and with mnemonic 'Generator with templates' and with style 'SWT.RADIO')
	at org.eclipse.swtbot.swt.finder.SWTBotFactory.waitUntilWidgetAppears(SWTBotFactory.java:387)
	at org.eclipse.swtbot.swt.finder.SWTBotFactory.widget(SWTBotFactory.java:334)
	at org.eclipse.swtbot.swt.finder.SWTBot.radio(SWTBot.java:788)
	at org.eclipse.swtbot.swt.finder.SWTBot.radio(SWTBot.java:776)
	at pageobjects.SelectAGeneratorDialog.select(SelectAGeneratorDialog.java:38)
	at steps.GenerateFilesSteps.selectGeneratorAndClickNext(GenerateFilesSteps.java:29)
	at sun.reflect.NativeMethodAccessorImpl.invoke0(Native Method)
	at sun.reflect.NativeMethodAccessorImpl.invoke(NativeMethodAccessorImpl.java:57)
	at sun.reflect.DelegatingMethodAccessorImpl.invoke(DelegatingMethodAccessorImpl.java:43)
	at java.lang.reflect.Method.invoke(Method.java:606)
	at org.jbehave.scenario.steps.CandidateStep$1.perform(CandidateStep.java:83)
	at org.jbehave.scenario.ScenarioRunner$FineSoFar.run(ScenarioRunner.java:67)
	at org.jbehave.scenario.ScenarioRunner.runScenario(ScenarioRunner.java:52)
	at org.jbehave.scenario.ScenarioRunner.run(ScenarioRunner.java:40)
	at org.jbehave.scenario.AbstractScenario.runScenario(AbstractScenario.java:78)
	at org.jbehave.scenario.JUnitScenario.runScenario(JUnitScenario.java:51)
	at org.jbehave.scenario.JUnitScenario.testScenario(JUnitScenario.java:73)
	at sun.reflect.NativeMethodAccessorImpl.invoke0(Native Method)
	at sun.reflect.NativeMethodAccessorImpl.invoke(NativeMethodAccessorImpl.java:57)
	at sun.reflect.DelegatingMethodAccessorImpl.invoke(DelegatingMethodAccessorImpl.java:43)
	at java.lang.reflect.Method.invoke(Method.java:606)
	at junit.framework.TestCase.runTest(TestCase.java:176)
	at junit.framework.TestCase.runBare(TestCase.java:141)
	at junit.framework.TestResult$1.protect(TestResult.java:122)
	at junit.framework.TestResult.runProtected(TestResult.java:142)
	at junit.framework.TestResult.run(TestResult.java:125)
	at junit.framework.TestCase.run(TestCase.java:129)
	at junit.framework.TestSuite.runTest(TestSuite.java:252)
	at junit.framework.TestSuite.run(TestSuite.java:247)
	at org.junit.internal.runners.JUnit38ClassRunner.run(JUnit38ClassRunner.java:86)
	at org.junit.runners.Suite.runChild(Suite.java:128)
	at org.junit.runners.Suite.runChild(Suite.java:27)
	at org.junit.runners.ParentRunner$3.run(ParentRunner.java:290)
	at org.junit.runners.ParentRunner$1.schedule(ParentRunner.java:71)
	at org.junit.runners.ParentRunner.runChildren(ParentRunner.java:288)
	at org.junit.runners.ParentRunner.access$000(ParentRunner.java:58)
	at org.junit.runners.ParentRunner$2.evaluate(ParentRunner.java:268)
	at org.junit.runners.ParentRunner.run(ParentRunner.java:363)
	at org.apache.maven.surefire.junit4.JUnit4Provider.execute(JUnit4Provider.java:264)
	at org.apache.maven.surefire.junit4.JUnit4Provider.executeTestSet(JUnit4Provider.java:153)
	at org.apache.maven.surefire.junit4.JUnit4Provider.invoke(JUnit4Provider.java:124)
	at sun.reflect.NativeMethodAccessorImpl.invoke0(Native Method)
	at sun.reflect.NativeMethodAccessorImpl.invoke(NativeMethodAccessorImpl.java:57)
	at sun.reflect.DelegatingMethodAccessorImpl.invoke(DelegatingMethodAccessorImpl.java:43)
	at java.lang.reflect.Method.invoke(Method.java:606)
	at org.apache.maven.surefire.util.ReflectionUtils.invokeMethodWithArray2(ReflectionUtils.java:208)
	at org.apache.maven.surefire.booter.ProviderFactory$ProviderProxy.invoke(ProviderFactory.java:156)
	at org.apache.maven.surefire.booter.ProviderFactory.invokeProvider(ProviderFactory.java:82)
	at org.eclipse.tycho.surefire.osgibooter.OsgiSurefireBooter.run(OsgiSurefireBooter.java:91)
	at org.eclipse.tycho.surefire.osgibooter.AbstractUITestApplication.runTests(AbstractUITestApplication.java:44)
	at org.eclipse.e4.ui.internal.workbench.swt.E4Testable$1.run(E4Testable.java:72)
	at java.lang.Thread.run(Thread.java:745)
Caused by: org.eclipse.swtbot.swt.finder.widgets.TimeoutException: Timeout after: 30000 ms.: Could not find widget matching: (of type 'Button' and with mnemonic 'Generator with templates' and with style 'SWT.RADIO')
	at org.eclipse.swtbot.swt.finder.SWTBotFactory.waitUntil(SWTBotFactory.java:437)
	at org.eclipse.swtbot.swt.finder.SWTBotFactory.waitUntil(SWTBotFactory.java:411)
	at org.eclipse.swtbot.swt.finder.SWTBotFactory.waitUntil(SWTBotFactory.java:399)
	at org.eclipse.swtbot.swt.finder.SWTBotFactory.waitUntilWidgetAppears(SWTBotFactory.java:381)
	at org.eclipse.swtbot.swt.finder.SWTBotFactory.widget(SWTBotFactory.java:334)
	at org.eclipse.swtbot.swt.finder.SWTBot.radio(SWTBot.java:788)
	at org.eclipse.swtbot.swt.finder.SWTBot.radio(SWTBot.java:776)
	at pageobjects.SelectAGeneratorDialog.select(SelectAGeneratorDialog.java:38)
	at steps.GenerateFilesSteps.selectGeneratorAndClickNext(GenerateFilesSteps.java:29)
	at sun.reflect.NativeMethodAccessorImpl.invoke0(Native Method)
	at sun.reflect.NativeMethodAccessorImpl.invoke(NativeMethodAccessorImpl.java:57)
	at sun.reflect.DelegatingMethodAccessorImpl.invoke(DelegatingMethodAccessorImpl.java:43)
	at java.lang.reflect.Method.invoke(Method.java:606)
	at org.jbehave.scenario.steps.CandidateStep$1.perform(CandidateStep.java:83)
	at org.jbehave.scenario.ScenarioRunner$FineSoFar.run(ScenarioRunner.java:67)
	at org.jbehave.scenario.ScenarioRunner.runScenario(ScenarioRunner.java:52)
	at org.jbehave.scenario.ScenarioRunner.run(ScenarioRunner.java:40)
	at org.jbehave.scenario.AbstractScenario.runScenario(AbstractScenario.java:78)
	at org.jbehave.scenario.JUnitScenario.runScenario(JUnitScenario.java:51)
	at org.jbehave.scenario.JUnitScenario.testScenario(JUnitScenario.java:73)
	at sun.reflect.NativeMethodAccessorImpl.invoke0(Native Method)
	at sun.reflect.NativeMethodAccessorImpl.invoke(NativeMethodAccessorImpl.java:57)
	at sun.reflect.DelegatingMethodAccessorImpl.invoke(DelegatingMethodAccessorImpl.java:43)
	at java.lang.reflect.Method.invoke(Method.java:606)
	at junit.framework.TestCase.runTest(TestCase.java:176)
	at junit.framework.TestCase.runBare(TestCase.java:141)
	at junit.framework.TestResult$1.protect(TestResult.java:122)
	at junit.framework.TestResult.runProtected(TestResult.java:142)
	at junit.framework.TestResult.run(TestResult.java:125)
	at junit.framework.TestCase.run(TestCase.java:129)
	at junit.framework.TestSuite.runTest(TestSuite.java:252)
	at junit.framework.TestSuite.run(TestSuite.java:247)
	at org.junit.internal.runners.JUnit38ClassRunner.run(JUnit38ClassRunner.java:86)
	at org.junit.runners.Suite.runChild(Suite.java:128)
	at org.junit.runners.Suite.runChild(Suite.java:27)
	at org.junit.runners.ParentRunner$3.run(ParentRunner.java:290)
	at org.junit.runners.ParentRunner$1.schedule(ParentRunner.java:71)
	at org.junit.runners.ParentRunner.runChildren(ParentRunner.java:288)
	at org.junit.runners.ParentRunner.access$000(ParentRunner.java:58)
	at org.junit.runners.ParentRunner$2.evaluate(ParentRunner.java:268)
	at org.junit.runners.ParentRunner.run(ParentRunner.java:363)
	at org.apache.maven.surefire.junit4.JUnit4Provider.execute(JUnit4Provider.java:264)
	at org.apache.maven.surefire.junit4.JUnit4Provider.executeTestSet(JUnit4Provider.java:153)
	at org.apache.maven.surefire.junit4.JUnit4Provider.invoke(JUnit4Provider.java:124)
	at sun.reflect.NativeMethodAccessorImpl.invoke0(Native Method)
	at sun.reflect.NativeMethodAccessorImpl.invoke(NativeMethodAccessorImpl.java:57)
	at sun.reflect.DelegatingMethodAccessorImpl.invoke(DelegatingMethodAccessorImpl.java:43)
	at java.lang.reflect.Method.invoke(Method.java:606)
	at org.apache.maven.surefire.util.ReflectionUtils.invokeMethodWithArray2(ReflectionUtils.java:208)
	at org.apache.maven.surefire.booter.ProviderFactory$ProviderProxy.invoke(ProviderFactory.java:156)
	at org.apache.maven.surefire.booter.ProviderFactory.invokeProvider(ProviderFactory.java:82)
	at org.eclipse.tycho.surefire.osgibooter.OsgiSurefireBooter.run(OsgiSurefireBooter.java:91)
	at org.eclipse.tycho.surefire.osgibooter.AbstractUITestApplication.runTests(AbstractUITestApplication.java:44)
	at org.eclipse.e4.ui.internal.workbench.swt.E4Testable$1.run(E4Testable.java:72)
	at java.lang.Thread.run(Thread.java:745)

testScenario(stories.usingthegenerator.GenerateFiles)  Time elapsed: 30.163 sec  <<< ERROR!
org.eclipse.swtbot.swt.finder.exceptions.WidgetNotFoundException: Could not find widget matching: (of type 'Button' and with mnemonic 'File Generator' and with style 'SWT.RADIO')
	at org.eclipse.swtbot.swt.finder.SWTBotFactory.waitUntilWidgetAppears(SWTBotFactory.java:387)
	at org.eclipse.swtbot.swt.finder.SWTBotFactory.widget(SWTBotFactory.java:334)
	at org.eclipse.swtbot.swt.finder.SWTBot.radio(SWTBot.java:788)
	at org.eclipse.swtbot.swt.finder.SWTBot.radio(SWTBot.java:776)
	at pageobjects.SelectAGeneratorDialog.select(SelectAGeneratorDialog.java:38)
	at steps.GenerateFilesSteps.selectGeneratorAndClickNext(GenerateFilesSteps.java:29)
	at sun.reflect.NativeMethodAccessorImpl.invoke0(Native Method)
	at sun.reflect.NativeMethodAccessorImpl.invoke(NativeMethodAccessorImpl.java:57)
	at sun.reflect.DelegatingMethodAccessorImpl.invoke(DelegatingMethodAccessorImpl.java:43)
	at java.lang.reflect.Method.invoke(Method.java:606)
	at org.jbehave.scenario.steps.CandidateStep$1.perform(CandidateStep.java:83)
	at org.jbehave.scenario.ScenarioRunner$FineSoFar.run(ScenarioRunner.java:67)
	at org.jbehave.scenario.ScenarioRunner.runScenario(ScenarioRunner.java:52)
	at org.jbehave.scenario.ScenarioRunner.run(ScenarioRunner.java:40)
	at org.jbehave.scenario.AbstractScenario.runScenario(AbstractScenario.java:78)
	at org.jbehave.scenario.JUnitScenario.runScenario(JUnitScenario.java:51)
	at org.jbehave.scenario.JUnitScenario.testScenario(JUnitScenario.java:73)
	at sun.reflect.NativeMethodAccessorImpl.invoke0(Native Method)
	at sun.reflect.NativeMethodAccessorImpl.invoke(NativeMethodAccessorImpl.java:57)
	at sun.reflect.DelegatingMethodAccessorImpl.invoke(DelegatingMethodAccessorImpl.java:43)
	at java.lang.reflect.Method.invoke(Method.java:606)
	at junit.framework.TestCase.runTest(TestCase.java:176)
	at junit.framework.TestCase.runBare(TestCase.java:141)
	at junit.framework.TestResult$1.protect(TestResult.java:122)
	at junit.framework.TestResult.runProtected(TestResult.java:142)
	at junit.framework.TestResult.run(TestResult.java:125)
	at junit.framework.TestCase.run(TestCase.java:129)
	at junit.framework.TestSuite.runTest(TestSuite.java:252)
	at junit.framework.TestSuite.run(TestSuite.java:247)
	at org.junit.internal.runners.JUnit38ClassRunner.run(JUnit38ClassRunner.java:86)
	at org.junit.runners.Suite.runChild(Suite.java:128)
	at org.junit.runners.Suite.runChild(Suite.java:27)
	at org.junit.runners.ParentRunner$3.run(ParentRunner.java:290)
	at org.junit.runners.ParentRunner$1.schedule(ParentRunner.java:71)
	at org.junit.runners.ParentRunner.runChildren(ParentRunner.java:288)
	at org.junit.runners.ParentRunner.access$000(ParentRunner.java:58)
	at org.junit.runners.ParentRunner$2.evaluate(ParentRunner.java:268)
	at org.junit.runners.ParentRunner.run(ParentRunner.java:363)
	at org.apache.maven.surefire.junit4.JUnit4Provider.execute(JUnit4Provider.java:264)
	at org.apache.maven.surefire.junit4.JUnit4Provider.executeTestSet(JUnit4Provider.java:153)
	at org.apache.maven.surefire.junit4.JUnit4Provider.invoke(JUnit4Provider.java:124)
	at sun.reflect.NativeMethodAccessorImpl.invoke0(Native Method)
	at sun.reflect.NativeMethodAccessorImpl.invoke(NativeMethodAccessorImpl.java:57)
	at sun.reflect.DelegatingMethodAccessorImpl.invoke(DelegatingMethodAccessorImpl.java:43)
	at java.lang.reflect.Method.invoke(Method.java:606)
	at org.apache.maven.surefire.util.ReflectionUtils.invokeMethodWithArray2(ReflectionUtils.java:208)
	at org.apache.maven.surefire.booter.ProviderFactory$ProviderProxy.invoke(ProviderFactory.java:156)
	at org.apache.maven.surefire.booter.ProviderFactory.invokeProvider(ProviderFactory.java:82)
	at org.eclipse.tycho.surefire.osgibooter.OsgiSurefireBooter.run(OsgiSurefireBooter.java:91)
	at org.eclipse.tycho.surefire.osgibooter.AbstractUITestApplication.runTests(AbstractUITestApplication.java:44)
	at org.eclipse.e4.ui.internal.workbench.swt.E4Testable$1.run(E4Testable.java:72)
	at java.lang.Thread.run(Thread.java:745)
Caused by: org.eclipse.swtbot.swt.finder.widgets.TimeoutException: Timeout after: 30000 ms.: Could not find widget matching: (of type 'Button' and with mnemonic 'File Generator' and with style 'SWT.RADIO')
	at org.eclipse.swtbot.swt.finder.SWTBotFactory.waitUntil(SWTBotFactory.java:437)
	at org.eclipse.swtbot.swt.finder.SWTBotFactory.waitUntil(SWTBotFactory.java:411)
	at org.eclipse.swtbot.swt.finder.SWTBotFactory.waitUntil(SWTBotFactory.java:399)
	at org.eclipse.swtbot.swt.finder.SWTBotFactory.waitUntilWidgetAppears(SWTBotFactory.java:381)
	at org.eclipse.swtbot.swt.finder.SWTBotFactory.widget(SWTBotFactory.java:334)
	at org.eclipse.swtbot.swt.finder.SWTBot.radio(SWTBot.java:788)
	at org.eclipse.swtbot.swt.finder.SWTBot.radio(SWTBot.java:776)
	at pageobjects.SelectAGeneratorDialog.select(SelectAGeneratorDialog.java:38)
	at steps.GenerateFilesSteps.selectGeneratorAndClickNext(GenerateFilesSteps.java:29)
	at sun.reflect.NativeMethodAccessorImpl.invoke0(Native Method)
	at sun.reflect.NativeMethodAccessorImpl.invoke(NativeMethodAccessorImpl.java:57)
	at sun.reflect.DelegatingMethodAccessorImpl.invoke(DelegatingMethodAccessorImpl.java:43)
	at java.lang.reflect.Method.invoke(Method.java:606)
	at org.jbehave.scenario.steps.CandidateStep$1.perform(CandidateStep.java:83)
	at org.jbehave.scenario.ScenarioRunner$FineSoFar.run(ScenarioRunner.java:67)
	at org.jbehave.scenario.ScenarioRunner.runScenario(ScenarioRunner.java:52)
	at org.jbehave.scenario.ScenarioRunner.run(ScenarioRunner.java:40)
	at org.jbehave.scenario.AbstractScenario.runScenario(AbstractScenario.java:78)
	at org.jbehave.scenario.JUnitScenario.runScenario(JUnitScenario.java:51)
	at org.jbehave.scenario.JUnitScenario.testScenario(JUnitScenario.java:73)
	at sun.reflect.NativeMethodAccessorImpl.invoke0(Native Method)
	at sun.reflect.NativeMethodAccessorImpl.invoke(NativeMethodAccessorImpl.java:57)
	at sun.reflect.DelegatingMethodAccessorImpl.invoke(DelegatingMethodAccessorImpl.java:43)
	at java.lang.reflect.Method.invoke(Method.java:606)
	at junit.framework.TestCase.runTest(TestCase.java:176)
	at junit.framework.TestCase.runBare(TestCase.java:141)
	at junit.framework.TestResult$1.protect(TestResult.java:122)
	at junit.framework.TestResult.runProtected(TestResult.java:142)
	at junit.framework.TestResult.run(TestResult.java:125)
	at junit.framework.TestCase.run(TestCase.java:129)
	at junit.framework.TestSuite.runTest(TestSuite.java:252)
	at junit.framework.TestSuite.run(TestSuite.java:247)
	at org.junit.internal.runners.JUnit38ClassRunner.run(JUnit38ClassRunner.java:86)
	at org.junit.runners.Suite.runChild(Suite.java:128)
	at org.junit.runners.Suite.runChild(Suite.java:27)
	at org.junit.runners.ParentRunner$3.run(ParentRunner.java:290)
	at org.junit.runners.ParentRunner$1.schedule(ParentRunner.java:71)
	at org.junit.runners.ParentRunner.runChildren(ParentRunner.java:288)
	at org.junit.runners.ParentRunner.access$000(ParentRunner.java:58)
	at org.junit.runners.ParentRunner$2.evaluate(ParentRunner.java:268)
	at org.junit.runners.ParentRunner.run(ParentRunner.java:363)
	at org.apache.maven.surefire.junit4.JUnit4Provider.execute(JUnit4Provider.java:264)
	at org.apache.maven.surefire.junit4.JUnit4Provider.executeTestSet(JUnit4Provider.java:153)
	at org.apache.maven.surefire.junit4.JUnit4Provider.invoke(JUnit4Provider.java:124)
	at sun.reflect.NativeMethodAccessorImpl.invoke0(Native Method)
	at sun.reflect.NativeMethodAccessorImpl.invoke(NativeMethodAccessorImpl.java:57)
	at sun.reflect.DelegatingMethodAccessorImpl.invoke(DelegatingMethodAccessorImpl.java:43)
	at java.lang.reflect.Method.invoke(Method.java:606)
	at org.apache.maven.surefire.util.ReflectionUtils.invokeMethodWithArray2(ReflectionUtils.java:208)
	at org.apache.maven.surefire.booter.ProviderFactory$ProviderProxy.invoke(ProviderFactory.java:156)
	at org.apache.maven.surefire.booter.ProviderFactory.invokeProvider(ProviderFactory.java:82)
	at org.eclipse.tycho.surefire.osgibooter.OsgiSurefireBooter.run(OsgiSurefireBooter.java:91)
	at org.eclipse.tycho.surefire.osgibooter.AbstractUITestApplication.runTests(AbstractUITestApplication.java:44)
	at org.eclipse.e4.ui.internal.workbench.swt.E4Testable$1.run(E4Testable.java:72)
	at java.lang.Thread.run(Thread.java:745)

testScenario(stories.creatinggenerators.SetTemplateEngineForTemplateFiles)  Time elapsed: 30.157 sec  <<< ERROR!
org.eclipse.swtbot.swt.finder.exceptions.WidgetNotFoundException: Could not find widget matching: (of type 'Button' and with mnemonic 'Using Freemarker on templates' and with style 'SWT.RADIO')
	at org.eclipse.swtbot.swt.finder.SWTBotFactory.waitUntilWidgetAppears(SWTBotFactory.java:387)
	at org.eclipse.swtbot.swt.finder.SWTBotFactory.widget(SWTBotFactory.java:334)
	at org.eclipse.swtbot.swt.finder.SWTBot.radio(SWTBot.java:788)
	at org.eclipse.swtbot.swt.finder.SWTBot.radio(SWTBot.java:776)
	at pageobjects.SelectAGeneratorDialog.select(SelectAGeneratorDialog.java:38)
	at steps.GenerateFilesSteps.selectGeneratorAndClickNext(GenerateFilesSteps.java:29)
	at sun.reflect.NativeMethodAccessorImpl.invoke0(Native Method)
	at sun.reflect.NativeMethodAccessorImpl.invoke(NativeMethodAccessorImpl.java:57)
	at sun.reflect.DelegatingMethodAccessorImpl.invoke(DelegatingMethodAccessorImpl.java:43)
	at java.lang.reflect.Method.invoke(Method.java:606)
	at org.jbehave.scenario.steps.CandidateStep$1.perform(CandidateStep.java:83)
	at org.jbehave.scenario.ScenarioRunner$FineSoFar.run(ScenarioRunner.java:67)
	at org.jbehave.scenario.ScenarioRunner.runScenario(ScenarioRunner.java:52)
	at org.jbehave.scenario.ScenarioRunner.run(ScenarioRunner.java:40)
	at org.jbehave.scenario.AbstractScenario.runScenario(AbstractScenario.java:78)
	at org.jbehave.scenario.JUnitScenario.runScenario(JUnitScenario.java:51)
	at org.jbehave.scenario.JUnitScenario.testScenario(JUnitScenario.java:73)
	at sun.reflect.NativeMethodAccessorImpl.invoke0(Native Method)
	at sun.reflect.NativeMethodAccessorImpl.invoke(NativeMethodAccessorImpl.java:57)
	at sun.reflect.DelegatingMethodAccessorImpl.invoke(DelegatingMethodAccessorImpl.java:43)
	at java.lang.reflect.Method.invoke(Method.java:606)
	at junit.framework.TestCase.runTest(TestCase.java:176)
	at junit.framework.TestCase.runBare(TestCase.java:141)
	at junit.framework.TestResult$1.protect(TestResult.java:122)
	at junit.framework.TestResult.runProtected(TestResult.java:142)
	at junit.framework.TestResult.run(TestResult.java:125)
	at junit.framework.TestCase.run(TestCase.java:129)
	at junit.framework.TestSuite.runTest(TestSuite.java:252)
	at junit.framework.TestSuite.run(TestSuite.java:247)
	at org.junit.internal.runners.JUnit38ClassRunner.run(JUnit38ClassRunner.java:86)
	at org.junit.runners.Suite.runChild(Suite.java:128)
	at org.junit.runners.Suite.runChild(Suite.java:27)
	at org.junit.runners.ParentRunner$3.run(ParentRunner.java:290)
	at org.junit.runners.ParentRunner$1.schedule(ParentRunner.java:71)
	at org.junit.runners.ParentRunner.runChildren(ParentRunner.java:288)
	at org.junit.runners.ParentRunner.access$000(ParentRunner.java:58)
	at org.junit.runners.ParentRunner$2.evaluate(ParentRunner.java:268)
	at org.junit.runners.ParentRunner.run(ParentRunner.java:363)
	at org.apache.maven.surefire.junit4.JUnit4Provider.execute(JUnit4Provider.java:264)
	at org.apache.maven.surefire.junit4.JUnit4Provider.executeTestSet(JUnit4Provider.java:153)
	at org.apache.maven.surefire.junit4.JUnit4Provider.invoke(JUnit4Provider.java:124)
	at sun.reflect.NativeMethodAccessorImpl.invoke0(Native Method)
	at sun.reflect.NativeMethodAccessorImpl.invoke(NativeMethodAccessorImpl.java:57)
	at sun.reflect.DelegatingMethodAccessorImpl.invoke(DelegatingMethodAccessorImpl.java:43)
	at java.lang.reflect.Method.invoke(Method.java:606)
	at org.apache.maven.surefire.util.ReflectionUtils.invokeMethodWithArray2(ReflectionUtils.java:208)
	at org.apache.maven.surefire.booter.ProviderFactory$ProviderProxy.invoke(ProviderFactory.java:156)
	at org.apache.maven.surefire.booter.ProviderFactory.invokeProvider(ProviderFactory.java:82)
	at org.eclipse.tycho.surefire.osgibooter.OsgiSurefireBooter.run(OsgiSurefireBooter.java:91)
	at org.eclipse.tycho.surefire.osgibooter.AbstractUITestApplication.runTests(AbstractUITestApplication.java:44)
	at org.eclipse.e4.ui.internal.workbench.swt.E4Testable$1.run(E4Testable.java:72)
	at java.lang.Thread.run(Thread.java:745)
Caused by: org.eclipse.swtbot.swt.finder.widgets.TimeoutException: Timeout after: 30000 ms.: Could not find widget matching: (of type 'Button' and with mnemonic 'Using Freemarker on templates' and with style 'SWT.RADIO')
	at org.eclipse.swtbot.swt.finder.SWTBotFactory.waitUntil(SWTBotFactory.java:437)
	at org.eclipse.swtbot.swt.finder.SWTBotFactory.waitUntil(SWTBotFactory.java:411)
	at org.eclipse.swtbot.swt.finder.SWTBotFactory.waitUntil(SWTBotFactory.java:399)
	at org.eclipse.swtbot.swt.finder.SWTBotFactory.waitUntilWidgetAppears(SWTBotFactory.java:381)
	at org.eclipse.swtbot.swt.finder.SWTBotFactory.widget(SWTBotFactory.java:334)
	at org.eclipse.swtbot.swt.finder.SWTBot.radio(SWTBot.java:788)
	at org.eclipse.swtbot.swt.finder.SWTBot.radio(SWTBot.java:776)
	at pageobjects.SelectAGeneratorDialog.select(SelectAGeneratorDialog.java:38)
	at steps.GenerateFilesSteps.selectGeneratorAndClickNext(GenerateFilesSteps.java:29)
	at sun.reflect.NativeMethodAccessorImpl.invoke0(Native Method)
	at sun.reflect.NativeMethodAccessorImpl.invoke(NativeMethodAccessorImpl.java:57)
	at sun.reflect.DelegatingMethodAccessorImpl.invoke(DelegatingMethodAccessorImpl.java:43)
	at java.lang.reflect.Method.invoke(Method.java:606)
	at org.jbehave.scenario.steps.CandidateStep$1.perform(CandidateStep.java:83)
	at org.jbehave.scenario.ScenarioRunner$FineSoFar.run(ScenarioRunner.java:67)
	at org.jbehave.scenario.ScenarioRunner.runScenario(ScenarioRunner.java:52)
	at org.jbehave.scenario.ScenarioRunner.run(ScenarioRunner.java:40)
	at org.jbehave.scenario.AbstractScenario.runScenario(AbstractScenario.java:78)
	at org.jbehave.scenario.JUnitScenario.runScenario(JUnitScenario.java:51)
	at org.jbehave.scenario.JUnitScenario.testScenario(JUnitScenario.java:73)
	at sun.reflect.NativeMethodAccessorImpl.invoke0(Native Method)
	at sun.reflect.NativeMethodAccessorImpl.invoke(NativeMethodAccessorImpl.java:57)
	at sun.reflect.DelegatingMethodAccessorImpl.invoke(DelegatingMethodAccessorImpl.java:43)
	at java.lang.reflect.Method.invoke(Method.java:606)
	at junit.framework.TestCase.runTest(TestCase.java:176)
	at junit.framework.TestCase.runBare(TestCase.java:141)
	at junit.framework.TestResult$1.protect(TestResult.java:122)
	at junit.framework.TestResult.runProtected(TestResult.java:142)
	at junit.framework.TestResult.run(TestResult.java:125)
	at junit.framework.TestCase.run(TestCase.java:129)
	at junit.framework.TestSuite.runTest(TestSuite.java:252)
	at junit.framework.TestSuite.run(TestSuite.java:247)
	at org.junit.internal.runners.JUnit38ClassRunner.run(JUnit38ClassRunner.java:86)
	at org.junit.runners.Suite.runChild(Suite.java:128)
	at org.junit.runners.Suite.runChild(Suite.java:27)
	at org.junit.runners.ParentRunner$3.run(ParentRunner.java:290)
	at org.junit.runners.ParentRunner$1.schedule(ParentRunner.java:71)
	at org.junit.runners.ParentRunner.runChildren(ParentRunner.java:288)
	at org.junit.runners.ParentRunner.access$000(ParentRunner.java:58)
	at org.junit.runners.ParentRunner$2.evaluate(ParentRunner.java:268)
	at org.junit.runners.ParentRunner.run(ParentRunner.java:363)
	at org.apache.maven.surefire.junit4.JUnit4Provider.execute(JUnit4Provider.java:264)
	at org.apache.maven.surefire.junit4.JUnit4Provider.executeTestSet(JUnit4Provider.java:153)
	at org.apache.maven.surefire.junit4.JUnit4Provider.invoke(JUnit4Provider.java:124)
	at sun.reflect.NativeMethodAccessorImpl.invoke0(Native Method)
	at sun.reflect.NativeMethodAccessorImpl.invoke(NativeMethodAccessorImpl.java:57)
	at sun.reflect.DelegatingMethodAccessorImpl.invoke(DelegatingMethodAccessorImpl.java:43)
	at java.lang.reflect.Method.invoke(Method.java:606)
	at org.apache.maven.surefire.util.ReflectionUtils.invokeMethodWithArray2(ReflectionUtils.java:208)
	at org.apache.maven.surefire.booter.ProviderFactory$ProviderProxy.invoke(ProviderFactory.java:156)
	at org.apache.maven.surefire.booter.ProviderFactory.invokeProvider(ProviderFactory.java:82)
	at org.eclipse.tycho.surefire.osgibooter.OsgiSurefireBooter.run(OsgiSurefireBooter.java:91)
	at org.eclipse.tycho.surefire.osgibooter.AbstractUITestApplication.runTests(AbstractUITestApplication.java:44)
	at org.eclipse.e4.ui.internal.workbench.swt.E4Testable$1.run(E4Testable.java:72)
	at java.lang.Thread.run(Thread.java:745)

testScenario(stories.creatinggenerators.SetTemplateEngineForTheTemplatesConfigFile)  Time elapsed: 30.161 sec  <<< ERROR!
org.eclipse.swtbot.swt.finder.exceptions.WidgetNotFoundException: Could not find widget matching: (of type 'Button' and with mnemonic 'Using Freemarker on the templates config file' and with style 'SWT.RADIO')
	at org.eclipse.swtbot.swt.finder.SWTBotFactory.waitUntilWidgetAppears(SWTBotFactory.java:387)
	at org.eclipse.swtbot.swt.finder.SWTBotFactory.widget(SWTBotFactory.java:334)
	at org.eclipse.swtbot.swt.finder.SWTBot.radio(SWTBot.java:788)
	at org.eclipse.swtbot.swt.finder.SWTBot.radio(SWTBot.java:776)
	at pageobjects.SelectAGeneratorDialog.select(SelectAGeneratorDialog.java:38)
	at steps.GenerateFilesSteps.selectGeneratorAndClickNext(GenerateFilesSteps.java:29)
	at sun.reflect.NativeMethodAccessorImpl.invoke0(Native Method)
	at sun.reflect.NativeMethodAccessorImpl.invoke(NativeMethodAccessorImpl.java:57)
	at sun.reflect.DelegatingMethodAccessorImpl.invoke(DelegatingMethodAccessorImpl.java:43)
	at java.lang.reflect.Method.invoke(Method.java:606)
	at org.jbehave.scenario.steps.CandidateStep$1.perform(CandidateStep.java:83)
	at org.jbehave.scenario.ScenarioRunner$FineSoFar.run(ScenarioRunner.java:67)
	at org.jbehave.scenario.ScenarioRunner.runScenario(ScenarioRunner.java:52)
	at org.jbehave.scenario.ScenarioRunner.run(ScenarioRunner.java:40)
	at org.jbehave.scenario.AbstractScenario.runScenario(AbstractScenario.java:78)
	at org.jbehave.scenario.JUnitScenario.runScenario(JUnitScenario.java:51)
	at org.jbehave.scenario.JUnitScenario.testScenario(JUnitScenario.java:73)
	at sun.reflect.NativeMethodAccessorImpl.invoke0(Native Method)
	at sun.reflect.NativeMethodAccessorImpl.invoke(NativeMethodAccessorImpl.java:57)
	at sun.reflect.DelegatingMethodAccessorImpl.invoke(DelegatingMethodAccessorImpl.java:43)
	at java.lang.reflect.Method.invoke(Method.java:606)
	at junit.framework.TestCase.runTest(TestCase.java:176)
	at junit.framework.TestCase.runBare(TestCase.java:141)
	at junit.framework.TestResult$1.protect(TestResult.java:122)
	at junit.framework.TestResult.runProtected(TestResult.java:142)
	at junit.framework.TestResult.run(TestResult.java:125)
	at junit.framework.TestCase.run(TestCase.java:129)
	at junit.framework.TestSuite.runTest(TestSuite.java:252)
	at junit.framework.TestSuite.run(TestSuite.java:247)
	at org.junit.internal.runners.JUnit38ClassRunner.run(JUnit38ClassRunner.java:86)
	at org.junit.runners.Suite.runChild(Suite.java:128)
	at org.junit.runners.Suite.runChild(Suite.java:27)
	at org.junit.runners.ParentRunner$3.run(ParentRunner.java:290)
	at org.junit.runners.ParentRunner$1.schedule(ParentRunner.java:71)
	at org.junit.runners.ParentRunner.runChildren(ParentRunner.java:288)
	at org.junit.runners.ParentRunner.access$000(ParentRunner.java:58)
	at org.junit.runners.ParentRunner$2.evaluate(ParentRunner.java:268)
	at org.junit.runners.ParentRunner.run(ParentRunner.java:363)
	at org.apache.maven.surefire.junit4.JUnit4Provider.execute(JUnit4Provider.java:264)
	at org.apache.maven.surefire.junit4.JUnit4Provider.executeTestSet(JUnit4Provider.java:153)
	at org.apache.maven.surefire.junit4.JUnit4Provider.invoke(JUnit4Provider.java:124)
	at sun.reflect.NativeMethodAccessorImpl.invoke0(Native Method)
	at sun.reflect.NativeMethodAccessorImpl.invoke(NativeMethodAccessorImpl.java:57)
	at sun.reflect.DelegatingMethodAccessorImpl.invoke(DelegatingMethodAccessorImpl.java:43)
	at java.lang.reflect.Method.invoke(Method.java:606)
	at org.apache.maven.surefire.util.ReflectionUtils.invokeMethodWithArray2(ReflectionUtils.java:208)
	at org.apache.maven.surefire.booter.ProviderFactory$ProviderProxy.invoke(ProviderFactory.java:156)
	at org.apache.maven.surefire.booter.ProviderFactory.invokeProvider(ProviderFactory.java:82)
	at org.eclipse.tycho.surefire.osgibooter.OsgiSurefireBooter.run(OsgiSurefireBooter.java:91)
	at org.eclipse.tycho.surefire.osgibooter.AbstractUITestApplication.runTests(AbstractUITestApplication.java:44)
	at org.eclipse.e4.ui.internal.workbench.swt.E4Testable$1.run(E4Testable.java:72)
	at java.lang.Thread.run(Thread.java:745)
Caused by: org.eclipse.swtbot.swt.finder.widgets.TimeoutException: Timeout after: 30000 ms.: Could not find widget matching: (of type 'Button' and with mnemonic 'Using Freemarker on the templates config file' and with style 'SWT.RADIO')
	at org.eclipse.swtbot.swt.finder.SWTBotFactory.waitUntil(SWTBotFactory.java:437)
	at org.eclipse.swtbot.swt.finder.SWTBotFactory.waitUntil(SWTBotFactory.java:411)
	at org.eclipse.swtbot.swt.finder.SWTBotFactory.waitUntil(SWTBotFactory.java:399)
	at org.eclipse.swtbot.swt.finder.SWTBotFactory.waitUntilWidgetAppears(SWTBotFactory.java:381)
	at org.eclipse.swtbot.swt.finder.SWTBotFactory.widget(SWTBotFactory.java:334)
	at org.eclipse.swtbot.swt.finder.SWTBot.radio(SWTBot.java:788)
	at org.eclipse.swtbot.swt.finder.SWTBot.radio(SWTBot.java:776)
	at pageobjects.SelectAGeneratorDialog.select(SelectAGeneratorDialog.java:38)
	at steps.GenerateFilesSteps.selectGeneratorAndClickNext(GenerateFilesSteps.java:29)
	at sun.reflect.NativeMethodAccessorImpl.invoke0(Native Method)
	at sun.reflect.NativeMethodAccessorImpl.invoke(NativeMethodAccessorImpl.java:57)
	at sun.reflect.DelegatingMethodAccessorImpl.invoke(DelegatingMethodAccessorImpl.java:43)
	at java.lang.reflect.Method.invoke(Method.java:606)
	at org.jbehave.scenario.steps.CandidateStep$1.perform(CandidateStep.java:83)
	at org.jbehave.scenario.ScenarioRunner$FineSoFar.run(ScenarioRunner.java:67)
	at org.jbehave.scenario.ScenarioRunner.runScenario(ScenarioRunner.java:52)
	at org.jbehave.scenario.ScenarioRunner.run(ScenarioRunner.java:40)
	at org.jbehave.scenario.AbstractScenario.runScenario(AbstractScenario.java:78)
	at org.jbehave.scenario.JUnitScenario.runScenario(JUnitScenario.java:51)
	at org.jbehave.scenario.JUnitScenario.testScenario(JUnitScenario.java:73)
	at sun.reflect.NativeMethodAccessorImpl.invoke0(Native Method)
	at sun.reflect.NativeMethodAccessorImpl.invoke(NativeMethodAccessorImpl.java:57)
	at sun.reflect.DelegatingMethodAccessorImpl.invoke(DelegatingMethodAccessorImpl.java:43)
	at java.lang.reflect.Method.invoke(Method.java:606)
	at junit.framework.TestCase.runTest(TestCase.java:176)
	at junit.framework.TestCase.runBare(TestCase.java:141)
	at junit.framework.TestResult$1.protect(TestResult.java:122)
	at junit.framework.TestResult.runProtected(TestResult.java:142)
	at junit.framework.TestResult.run(TestResult.java:125)
	at junit.framework.TestCase.run(TestCase.java:129)
	at junit.framework.TestSuite.runTest(TestSuite.java:252)
	at junit.framework.TestSuite.run(TestSuite.java:247)
	at org.junit.internal.runners.JUnit38ClassRunner.run(JUnit38ClassRunner.java:86)
	at org.junit.runners.Suite.runChild(Suite.java:128)
	at org.junit.runners.Suite.runChild(Suite.java:27)
	at org.junit.runners.ParentRunner$3.run(ParentRunner.java:290)
	at org.junit.runners.ParentRunner$1.schedule(ParentRunner.java:71)
	at org.junit.runners.ParentRunner.runChildren(ParentRunner.java:288)
	at org.junit.runners.ParentRunner.access$000(ParentRunner.java:58)
	at org.junit.runners.ParentRunner$2.evaluate(ParentRunner.java:268)
	at org.junit.runners.ParentRunner.run(ParentRunner.java:363)
	at org.apache.maven.surefire.junit4.JUnit4Provider.execute(JUnit4Provider.java:264)
	at org.apache.maven.surefire.junit4.JUnit4Provider.executeTestSet(JUnit4Provider.java:153)
	at org.apache.maven.surefire.junit4.JUnit4Provider.invoke(JUnit4Provider.java:124)
	at sun.reflect.NativeMethodAccessorImpl.invoke0(Native Method)
	at sun.reflect.NativeMethodAccessorImpl.invoke(NativeMethodAccessorImpl.java:57)
	at sun.reflect.DelegatingMethodAccessorImpl.invoke(DelegatingMethodAccessorImpl.java:43)
	at java.lang.reflect.Method.invoke(Method.java:606)
	at org.apache.maven.surefire.util.ReflectionUtils.invokeMethodWithArray2(ReflectionUtils.java:208)
	at org.apache.maven.surefire.booter.ProviderFactory$ProviderProxy.invoke(ProviderFactory.java:156)
	at org.apache.maven.surefire.booter.ProviderFactory.invokeProvider(ProviderFactory.java:82)
	at org.eclipse.tycho.surefire.osgibooter.OsgiSurefireBooter.run(OsgiSurefireBooter.java:91)
	at org.eclipse.tycho.surefire.osgibooter.AbstractUITestApplication.runTests(AbstractUITestApplication.java:44)
	at org.eclipse.e4.ui.internal.workbench.swt.E4Testable$1.run(E4Testable.java:72)
	at java.lang.Thread.run(Thread.java:745)

