-------------------------------------------------------------------------------
Test set: suites.AllScenarios
-------------------------------------------------------------------------------
Tests run: 15, Failures: 0, Errors: 0, Skipped: 0, Time elapsed: 8.705 sec - in suites.AllScenarios
testScenario(stories.creatinggenerators.CreateGenerators)  Time elapsed: 2.206 sec
testScenario(stories.creatinggenerators.SetParamsForGenerators)  Time elapsed: 0.71 sec
testScenario(stories.usingthegenerator.ChooseFilesThatWillBeGenerated)  Time elapsed: 0.473 sec
testScenario(stories.creatinggenerators.UseTemplateEngines)  Time elapsed: 1.543 sec
testScenario(stories.usingthegenerator.SetParamsForGeneration)  Time elapsed: 0.57 sec
testScenario(stories.usingthegenerator.SetTemplatesDestinations)  Time elapsed: 0.28 sec
testScenario(stories.creatinggenerators.SetDescriptionToGenerators)  Time elapsed: 0.244 sec
testScenario(stories.usingthegenerator.PreviewTheOutput)  Time elapsed: 0.676 sec
testScenario(stories.usingthegenerator.UseGlobalParams)  Time elapsed: 0.276 sec
testScenario(stories.usingthegenerator.ParamsReferencingOtherParams)  Time elapsed: 0.273 sec
testScenario(stories.creatinggenerators.SetTemplatesToBeGenerated)  Time elapsed: 0.244 sec
testScenario(stories.creatinggenerators.CreateCompositeGenerators)  Time elapsed: 0.272 sec
testScenario(stories.usingthegenerator.GenerateFiles)  Time elapsed: 0.305 sec
testScenario(stories.creatinggenerators.SetTemplateEngineForTemplateFiles)  Time elapsed: 0.273 sec
testScenario(stories.creatinggenerators.SetTemplateEngineForTheTemplatesConfigFile)  Time elapsed: 0.292 sec
