<?xml version="1.0" encoding="UTF-8"?>
<testsuite name="suites.AllScenarios" time="3.806" tests="15" errors="15" skipped="0" failures="0">
  <properties>
[...]
</properties>
  <testcase name="testScenario" classname="stories.creatinggenerators.CreateGenerators" time="1.685">
    <error message="/code2code.TestProject/generators/Minimal Generator.generator/templates.txt (No such file or directory)" type="java.io.FileNotFoundException"><![CDATA[java.io.FileNotFoundException: /code2code.TestProject/generators/Minimal Generator.generator/templates.txt (No such file or directory)
	at java.io.FileOutputStream.open(Native Method)
	at java.io.FileOutputStream.<init>(FileOutputStream.java:221)
	at java.io.FileOutputStream.<init>(FileOutputStream.java:171)
	at code2code.core.utils.FileUtils.write(FileUtils.java:94)
	at domain.WorkingProject.createFileWithContents(WorkingProject.java:75)
	at domain.WorkingProject.createFile(WorkingProject.java:80)
	at steps.CreateGeneratorSteps.createTemplatesConfigurationFile(CreateGeneratorSteps.java:38)
	at sun.reflect.NativeMethodAccessorImpl.invoke0(Native Method)
	at sun.reflect.NativeMethodAccessorImpl.invoke(NativeMethodAccessorImpl.java:57)
	at sun.reflect.DelegatingMethodAccessorImpl.invoke(DelegatingMethodAccessorImpl.java:43)
	at java.lang.reflect.Method.invoke(Method.java:606)
	at org.jbehave.scenario.steps.CandidateStep$1.perform(CandidateStep.java:83)
	at org.jbehave.scenario.ScenarioRunner$FineSoFar.run(ScenarioRunner.java:67)
	at org.jbehave.scenario.ScenarioRunner.runScenario(ScenarioRunner.java:52)
	at org.jbehave.scenario.ScenarioRunner.run(ScenarioRunner.java:40)
	at org.jbehave.scenario.AbstractScenario.runScenario(AbstractScenario.java:78)
	at org.jbehave.scenario.JUnitScenario.runScenario(JUnitScenario.java:51)
	at org.jbehave.scenario.JUnitScenario.testScenario(JUnitScenario.java:73)
	at sun.reflect.NativeMethodAccessorImpl.invoke0(Native Method)
	at sun.reflect.NativeMethodAccessorImpl.invoke(NativeMethodAccessorImpl.java:57)
	at sun.reflect.DelegatingMethodAccessorImpl.invoke(DelegatingMethodAccessorImpl.java:43)
	at java.lang.reflect.Method.invoke(Method.java:606)
	at junit.framework.TestCase.runTest(TestCase.java:176)
	at junit.framework.TestCase.runBare(TestCase.java:141)
	at junit.framework.TestResult$1.protect(TestResult.java:122)
	at junit.framework.TestResult.runProtected(TestResult.java:142)
	at junit.framework.TestResult.run(TestResult.java:125)
	at junit.framework.TestCase.run(TestCase.java:129)
	at junit.framework.TestSuite.runTest(TestSuite.java:252)
	at junit.framework.TestSuite.run(TestSuite.java:247)
	at org.junit.internal.runners.JUnit38ClassRunner.run(JUnit38ClassRunner.java:86)
	at org.junit.runners.Suite.runChild(Suite.java:128)
	at org.junit.runners.Suite.runChild(Suite.java:27)
	at org.junit.runners.ParentRunner$3.run(ParentRunner.java:290)
	at org.junit.runners.ParentRunner$1.schedule(ParentRunner.java:71)
	at org.junit.runners.ParentRunner.runChildren(ParentRunner.java:288)
	at org.junit.runners.ParentRunner.access$000(ParentRunner.java:58)
	at org.junit.runners.ParentRunner$2.evaluate(ParentRunner.java:268)
	at org.junit.runners.ParentRunner.run(ParentRunner.java:363)
	at org.apache.maven.surefire.junit4.JUnit4Provider.execute(JUnit4Provider.java:264)
	at org.apache.maven.surefire.junit4.JUnit4Provider.executeTestSet(JUnit4Provider.java:153)
	at org.apache.maven.surefire.junit4.JUnit4Provider.invoke(JUnit4Provider.java:124)
	at sun.reflect.NativeMethodAccessorImpl.invoke0(Native Method)
	at sun.reflect.NativeMethodAccessorImpl.invoke(NativeMethodAccessorImpl.java:57)
	at sun.reflect.DelegatingMethodAccessorImpl.invoke(DelegatingMethodAccessorImpl.java:43)
	at java.lang.reflect.Method.invoke(Method.java:606)
	at org.apache.maven.surefire.util.ReflectionUtils.invokeMethodWithArray2(ReflectionUtils.java:208)
	at org.apache.maven.surefire.booter.ProviderFactory$ProviderProxy.invoke(ProviderFactory.java:156)
	at org.apache.maven.surefire.booter.ProviderFactory.invokeProvider(ProviderFactory.java:82)
	at org.eclipse.tycho.surefire.osgibooter.OsgiSurefireBooter.run(OsgiSurefireBooter.java:91)
	at org.eclipse.tycho.surefire.osgibooter.AbstractUITestApplication.runTests(AbstractUITestApplication.java:44)
	at org.eclipse.e4.ui.internal.workbench.swt.E4Testable$1.run(E4Testable.java:72)
	at java.lang.Thread.run(Thread.java:745)
]]></error>
    <system-out><![CDATA[Story: Create Generators

	As a Developer
	I want to create my own generators
	So that I can customize them to my needs

Scenario: Create a minimal do-nothing generator

Given I have a new project
When I create the generator folder "generators/Minimal Generator.generator"
And I create the templates configuration file "generators/Minimal Generator.generator/templates.txt" (FAILED)
And I right click the project on the Package Explorer and select "Generate..." (NOT PERFORMED)
Then I will see the "Minimal Generator" generator listed on the "Select a Generator" dialog (NOT PERFORMED)

Scenario: Create a generator which just generates a file on the specified location

Given I have a new project
When I create the generator folder "generators/Plain File.generator"
And I create the template file "generators/Plain File.generator/templates/PlainFile.txt" with contents:
	  	Plain Text File!!! (FAILED)
And I create the templates configuration file "generators/Plain File.generator/templates.txt" with contents:
	  	templates/PlainFile.txt=Plain File.txt (NOT PERFORMED)
And I right click the project on the Package Explorer and select "Generate..." (NOT PERFORMED)
And I select the "Plain File" generator and click "Next" (NOT PERFORMED)
And I finish the "Generate Files" wizard (NOT PERFORMED)
Then I will see the file "Plain File.txt" generated with content:
	  	Plain Text File!!! (NOT PERFORMED)

]]></system-out>
  </testcase>
  <testcase name="testScenario" classname="stories.creatinggenerators.SetParamsForGenerators" time="0.465">
    <error message="/code2code.TestProject_2/generators/Parameterized.generator/templates.txt (No such file or directory)" type="java.io.FileNotFoundException"><![CDATA[java.io.FileNotFoundException: /code2code.TestProject_2/generators/Parameterized.generator/templates.txt (No such file or directory)
	at java.io.FileOutputStream.open(Native Method)
	at java.io.FileOutputStream.<init>(FileOutputStream.java:221)
	at java.io.FileOutputStream.<init>(FileOutputStream.java:171)
	at code2code.core.utils.FileUtils.write(FileUtils.java:94)
	at domain.WorkingProject.createFileWithContents(WorkingProject.java:75)
	at domain.WorkingProject.createFile(WorkingProject.java:80)
	at steps.CreateGeneratorSteps.createTemplatesConfigurationFile(CreateGeneratorSteps.java:38)
	at sun.reflect.NativeMethodAccessorImpl.invoke0(Native Method)
	at sun.reflect.NativeMethodAccessorImpl.invoke(NativeMethodAccessorImpl.java:57)
	at sun.reflect.DelegatingMethodAccessorImpl.invoke(DelegatingMethodAccessorImpl.java:43)
	at java.lang.reflect.Method.invoke(Method.java:606)
	at org.jbehave.scenario.steps.CandidateStep$1.perform(CandidateStep.java:83)
	at org.jbehave.scenario.ScenarioRunner$FineSoFar.run(ScenarioRunner.java:67)
	at org.jbehave.scenario.ScenarioRunner.runScenario(ScenarioRunner.java:52)
	at org.jbehave.scenario.ScenarioRunner.run(ScenarioRunner.java:40)
	at org.jbehave.scenario.AbstractScenario.runScenario(AbstractScenario.java:78)
	at org.jbehave.scenario.JUnitScenario.runScenario(JUnitScenario.java:51)
	at org.jbehave.scenario.JUnitScenario.testScenario(JUnitScenario.java:73)
	at sun.reflect.NativeMethodAccessorImpl.invoke0(Native Method)
	at sun.reflect.NativeMethodAccessorImpl.invoke(NativeMethodAccessorImpl.java:57)
	at sun.reflect.DelegatingMethodAccessorImpl.invoke(DelegatingMethodAccessorImpl.java:43)
	at java.lang.reflect.Method.invoke(Method.java:606)
	at junit.framework.TestCase.runTest(TestCase.java:176)
	at junit.framework.TestCase.runBare(TestCase.java:141)
	at junit.framework.TestResult$1.protect(TestResult.java:122)
	at junit.framework.TestResult.runProtected(TestResult.java:142)
	at junit.framework.TestResult.run(TestResult.java:125)
	at junit.framework.TestCase.run(TestCase.java:129)
	at junit.framework.TestSuite.runTest(TestSuite.java:252)
	at junit.framework.TestSuite.run(TestSuite.java:247)
	at org.junit.internal.runners.JUnit38ClassRunner.run(JUnit38ClassRunner.java:86)
	at org.junit.runners.Suite.runChild(Suite.java:128)
	at org.junit.runners.Suite.runChild(Suite.java:27)
	at org.junit.runners.ParentRunner$3.run(ParentRunner.java:290)
	at org.junit.runners.ParentRunner$1.schedule(ParentRunner.java:71)
	at org.junit.runners.ParentRunner.runChildren(ParentRunner.java:288)
	at org.junit.runners.ParentRunner.access$000(ParentRunner.java:58)
	at org.junit.runners.ParentRunner$2.evaluate(ParentRunner.java:268)
	at org.junit.runners.ParentRunner.run(ParentRunner.java:363)
	at org.apache.maven.surefire.junit4.JUnit4Provider.execute(JUnit4Provider.java:264)
	at org.apache.maven.surefire.junit4.JUnit4Provider.executeTestSet(JUnit4Provider.java:153)
	at org.apache.maven.surefire.junit4.JUnit4Provider.invoke(JUnit4Provider.java:124)
	at sun.reflect.NativeMethodAccessorImpl.invoke0(Native Method)
	at sun.reflect.NativeMethodAccessorImpl.invoke(NativeMethodAccessorImpl.java:57)
	at sun.reflect.DelegatingMethodAccessorImpl.invoke(DelegatingMethodAccessorImpl.java:43)
	at java.lang.reflect.Method.invoke(Method.java:606)
	at org.apache.maven.surefire.util.ReflectionUtils.invokeMethodWithArray2(ReflectionUtils.java:208)
	at org.apache.maven.surefire.booter.ProviderFactory$ProviderProxy.invoke(ProviderFactory.java:156)
	at org.apache.maven.surefire.booter.ProviderFactory.invokeProvider(ProviderFactory.java:82)
	at org.eclipse.tycho.surefire.osgibooter.OsgiSurefireBooter.run(OsgiSurefireBooter.java:91)
	at org.eclipse.tycho.surefire.osgibooter.AbstractUITestApplication.runTests(AbstractUITestApplication.java:44)
	at org.eclipse.e4.ui.internal.workbench.swt.E4Testable$1.run(E4Testable.java:72)
	at java.lang.Thread.run(Thread.java:745)
]]></error>
    <system-out><![CDATA[Story: Set params for generators

	As a I Developer
	I want to parameterize my generators
	So that I can generate dynamic content

Scenario: Set params for a generator

Given I have a new project
When I create the generator folder "generators/Parameterized.generator"
And I create the templates configuration file "generators/Parameterized.generator/templates.txt" (FAILED)
And I create the params configuration file "generators/Parameterized.generator/params.txt" with contents:
		someParam (NOT PERFORMED)
And I open the "Generate Files" wizard (NOT PERFORMED)
And I select the "Parameterized" generator and click "Next" (NOT PERFORMED)
Then I will see the "Configure Params" dialog (NOT PERFORMED)
And I will see the "someParam" parameter to fill (NOT PERFORMED)

Scenario: Set default values to params

Given I have a new project
When I create the generator folder "generators/ParameterizedWithDefaultValue.generator"
And I create the templates configuration file "generators/ParameterizedWithDefaultValue.generator/templates.txt" (FAILED)
And I create the params configuration file "generators/ParameterizedWithDefaultValue.generator/params.txt" with contents:
		someParam=someDefaultValue (NOT PERFORMED)
And I open the "Generate Files" wizard (NOT PERFORMED)
And I select the "ParameterizedWithDefaultValue" generator and click "Next" (NOT PERFORMED)
Then I will see the "Configure Params" dialog (NOT PERFORMED)
And I will see the "someParam" parameter to fill (NOT PERFORMED)
And I will see the "someParam" value already filled with "someDefaultValue" (NOT PERFORMED)

]]></system-out>
  </testcase>
  <testcase name="testScenario" classname="stories.usingthegenerator.ChooseFilesThatWillBeGenerated" time="0.175">
    <error message="/code2code.TestProject_4/generators/Multiple Files Generator.generator/templates/File1.txt (No such file or directory)" type="java.io.FileNotFoundException"><![CDATA[java.io.FileNotFoundException: /code2code.TestProject_4/generators/Multiple Files Generator.generator/templates/File1.txt (No such file or directory)
	at java.io.FileOutputStream.open(Native Method)
	at java.io.FileOutputStream.<init>(FileOutputStream.java:221)
	at java.io.FileOutputStream.<init>(FileOutputStream.java:171)
	at code2code.core.utils.FileUtils.write(FileUtils.java:94)
	at domain.WorkingProject.createFileWithContents(WorkingProject.java:75)
	at domain.WorkingProject.createFile(WorkingProject.java:80)
	at steps.CreateGeneratorSteps.createTemplateFile(CreateGeneratorSteps.java:26)
	at sun.reflect.NativeMethodAccessorImpl.invoke0(Native Method)
	at sun.reflect.NativeMethodAccessorImpl.invoke(NativeMethodAccessorImpl.java:57)
	at sun.reflect.DelegatingMethodAccessorImpl.invoke(DelegatingMethodAccessorImpl.java:43)
	at java.lang.reflect.Method.invoke(Method.java:606)
	at org.jbehave.scenario.steps.CandidateStep$1.perform(CandidateStep.java:83)
	at org.jbehave.scenario.ScenarioRunner$FineSoFar.run(ScenarioRunner.java:67)
	at org.jbehave.scenario.ScenarioRunner.runScenario(ScenarioRunner.java:52)
	at org.jbehave.scenario.ScenarioRunner.run(ScenarioRunner.java:40)
	at org.jbehave.scenario.AbstractScenario.runScenario(AbstractScenario.java:78)
	at org.jbehave.scenario.JUnitScenario.runScenario(JUnitScenario.java:51)
	at org.jbehave.scenario.JUnitScenario.testScenario(JUnitScenario.java:73)
	at sun.reflect.NativeMethodAccessorImpl.invoke0(Native Method)
	at sun.reflect.NativeMethodAccessorImpl.invoke(NativeMethodAccessorImpl.java:57)
	at sun.reflect.DelegatingMethodAccessorImpl.invoke(DelegatingMethodAccessorImpl.java:43)
	at java.lang.reflect.Method.invoke(Method.java:606)
	at junit.framework.TestCase.runTest(TestCase.java:176)
	at junit.framework.TestCase.runBare(TestCase.java:141)
	at junit.framework.TestResult$1.protect(TestResult.java:122)
	at junit.framework.TestResult.runProtected(TestResult.java:142)
	at junit.framework.TestResult.run(TestResult.java:125)
	at junit.framework.TestCase.run(TestCase.java:129)
	at junit.framework.TestSuite.runTest(TestSuite.java:252)
	at junit.framework.TestSuite.run(TestSuite.java:247)
	at org.junit.internal.runners.JUnit38ClassRunner.run(JUnit38ClassRunner.java:86)
	at org.junit.runners.Suite.runChild(Suite.java:128)
	at org.junit.runners.Suite.runChild(Suite.java:27)
	at org.junit.runners.ParentRunner$3.run(ParentRunner.java:290)
	at org.junit.runners.ParentRunner$1.schedule(ParentRunner.java:71)
	at org.junit.runners.ParentRunner.runChildren(ParentRunner.java:288)
	at org.junit.runners.ParentRunner.access$000(ParentRunner.java:58)
	at org.junit.runners.ParentRunner$2.evaluate(ParentRunner.java:268)
	at org.junit.runners.ParentRunner.run(ParentRunner.java:363)
	at org.apache.maven.surefire.junit4.JUnit4Provider.execute(JUnit4Provider.java:264)
	at org.apache.maven.surefire.junit4.JUnit4Provider.executeTestSet(JUnit4Provider.java:153)
	at org.apache.maven.surefire.junit4.JUnit4Provider.invoke(JUnit4Provider.java:124)
	at sun.reflect.NativeMethodAccessorImpl.invoke0(Native Method)
	at sun.reflect.NativeMethodAccessorImpl.invoke(NativeMethodAccessorImpl.java:57)
	at sun.reflect.DelegatingMethodAccessorImpl.invoke(DelegatingMethodAccessorImpl.java:43)
	at java.lang.reflect.Method.invoke(Method.java:606)
	at org.apache.maven.surefire.util.ReflectionUtils.invokeMethodWithArray2(ReflectionUtils.java:208)
	at org.apache.maven.surefire.booter.ProviderFactory$ProviderProxy.invoke(ProviderFactory.java:156)
	at org.apache.maven.surefire.booter.ProviderFactory.invokeProvider(ProviderFactory.java:82)
	at org.eclipse.tycho.surefire.osgibooter.OsgiSurefireBooter.run(OsgiSurefireBooter.java:91)
	at org.eclipse.tycho.surefire.osgibooter.AbstractUITestApplication.runTests(AbstractUITestApplication.java:44)
	at org.eclipse.e4.ui.internal.workbench.swt.E4Testable$1.run(E4Testable.java:72)
	at java.lang.Thread.run(Thread.java:745)
]]></error>
    <system-out><![CDATA[Story: Choose files that will be generated

	As a Developer
	I want to choose the files that will be generated
	So that I can avoid generation of the ones I don't need

Scenario: Choose files that will be generated

Given I have a new project
When I create the generator folder "generators/Multiple Files Generator.generator"
And I create the template file "generators/Multiple Files Generator.generator/templates/File1.txt" (FAILED)
And I create the template file "generators/Multiple Files Generator.generator/templates/File2.txt" (NOT PERFORMED)
And I create the templates configuration file "generators/Multiple Files Generator.generator/templates.txt" with contents:
	  	templates/File1.txt=File1.txt
	  	templates/File2.txt=File2.txt (NOT PERFORMED)
And I right click the project on the Package Explorer and select "Generate..." (NOT PERFORMED)
And I select the "Multiple Files Generator" generator and click "Next" (NOT PERFORMED)
And I click "Next" on the "Configure Params" dialog (NOT PERFORMED)
And I uncheck the file "templates/File2.txt" on the "Customize Generation" dialog (NOT PERFORMED)
And I finish the "Generate Files" wizard (NOT PERFORMED)
Then I will see the file "File1.txt" generated (NOT PERFORMED)
And I will see not the file "File2.txt" generated (NOT PERFORMED)

]]></system-out>
  </testcase>
  <testcase name="testScenario" classname="stories.creatinggenerators.UseTemplateEngines" time="0.296">
    <error message="/code2code.TestProject_5/generators/Generator using Freemarker.generator/templates/FreemarkerTemplate.txt.ftl (No such file or directory)" type="java.io.FileNotFoundException"><![CDATA[java.io.FileNotFoundException: /code2code.TestProject_5/generators/Generator using Freemarker.generator/templates/FreemarkerTemplate.txt.ftl (No such file or directory)
	at java.io.FileOutputStream.open(Native Method)
	at java.io.FileOutputStream.<init>(FileOutputStream.java:221)
	at java.io.FileOutputStream.<init>(FileOutputStream.java:171)
	at code2code.core.utils.FileUtils.write(FileUtils.java:94)
	at domain.WorkingProject.createFileWithContents(WorkingProject.java:75)
	at steps.CreateGeneratorSteps.createTemplateFileWithContents(CreateGeneratorSteps.java:32)
	at sun.reflect.NativeMethodAccessorImpl.invoke0(Native Method)
	at sun.reflect.NativeMethodAccessorImpl.invoke(NativeMethodAccessorImpl.java:57)
	at sun.reflect.DelegatingMethodAccessorImpl.invoke(DelegatingMethodAccessorImpl.java:43)
	at java.lang.reflect.Method.invoke(Method.java:606)
	at org.jbehave.scenario.steps.CandidateStep$1.perform(CandidateStep.java:83)
	at org.jbehave.scenario.ScenarioRunner$FineSoFar.run(ScenarioRunner.java:67)
	at org.jbehave.scenario.ScenarioRunner.runScenario(ScenarioRunner.java:52)
	at org.jbehave.scenario.ScenarioRunner.run(ScenarioRunner.java:40)
	at org.jbehave.scenario.AbstractScenario.runScenario(AbstractScenario.java:78)
	at org.jbehave.scenario.JUnitScenario.runScenario(JUnitScenario.java:51)
	at org.jbehave.scenario.JUnitScenario.testScenario(JUnitScenario.java:73)
	at sun.reflect.NativeMethodAccessorImpl.invoke0(Native Method)
	at sun.reflect.NativeMethodAccessorImpl.invoke(NativeMethodAccessorImpl.java:57)
	at sun.reflect.DelegatingMethodAccessorImpl.invoke(DelegatingMethodAccessorImpl.java:43)
	at java.lang.reflect.Method.invoke(Method.java:606)
	at junit.framework.TestCase.runTest(TestCase.java:176)
	at junit.framework.TestCase.runBare(TestCase.java:141)
	at junit.framework.TestResult$1.protect(TestResult.java:122)
	at junit.framework.TestResult.runProtected(TestResult.java:142)
	at junit.framework.TestResult.run(TestResult.java:125)
	at junit.framework.TestCase.run(TestCase.java:129)
	at junit.framework.TestSuite.runTest(TestSuite.java:252)
	at junit.framework.TestSuite.run(TestSuite.java:247)
	at org.junit.internal.runners.JUnit38ClassRunner.run(JUnit38ClassRunner.java:86)
	at org.junit.runners.Suite.runChild(Suite.java:128)
	at org.junit.runners.Suite.runChild(Suite.java:27)
	at org.junit.runners.ParentRunner$3.run(ParentRunner.java:290)
	at org.junit.runners.ParentRunner$1.schedule(ParentRunner.java:71)
	at org.junit.runners.ParentRunner.runChildren(ParentRunner.java:288)
	at org.junit.runners.ParentRunner.access$000(ParentRunner.java:58)
	at org.junit.runners.ParentRunner$2.evaluate(ParentRunner.java:268)
	at org.junit.runners.ParentRunner.run(ParentRunner.java:363)
	at org.apache.maven.surefire.junit4.JUnit4Provider.execute(JUnit4Provider.java:264)
	at org.apache.maven.surefire.junit4.JUnit4Provider.executeTestSet(JUnit4Provider.java:153)
	at org.apache.maven.surefire.junit4.JUnit4Provider.invoke(JUnit4Provider.java:124)
	at sun.reflect.NativeMethodAccessorImpl.invoke0(Native Method)
	at sun.reflect.NativeMethodAccessorImpl.invoke(NativeMethodAccessorImpl.java:57)
	at sun.reflect.DelegatingMethodAccessorImpl.invoke(DelegatingMethodAccessorImpl.java:43)
	at java.lang.reflect.Method.invoke(Method.java:606)
	at org.apache.maven.surefire.util.ReflectionUtils.invokeMethodWithArray2(ReflectionUtils.java:208)
	at org.apache.maven.surefire.booter.ProviderFactory$ProviderProxy.invoke(ProviderFactory.java:156)
	at org.apache.maven.surefire.booter.ProviderFactory.invokeProvider(ProviderFactory.java:82)
	at org.eclipse.tycho.surefire.osgibooter.OsgiSurefireBooter.run(OsgiSurefireBooter.java:91)
	at org.eclipse.tycho.surefire.osgibooter.AbstractUITestApplication.runTests(AbstractUITestApplication.java:44)
	at org.eclipse.e4.ui.internal.workbench.swt.E4Testable$1.run(E4Testable.java:72)
	at java.lang.Thread.run(Thread.java:745)
]]></error>
    <system-out><![CDATA[Story: Use template engines

	As a Developer
	I want to use template engines I know
	So that I have them processed

Scenario: Use Freemarker on .ftl files

Given I have a new project
When I create the generator folder "generators/Generator using Freemarker.generator"
And I create the template file "generators/Generator using Freemarker.generator/templates/FreemarkerTemplate.txt.ftl" with contents:
	  	${"processed"?capitalize} by ${engine} (FAILED)
And I create the templates configuration file "generators/Generator using Freemarker.generator/templates.ftl" with contents:
	  	templates/FreemarkerTemplate.txt.ftl=${engine} template.txt (NOT PERFORMED)
And I create the params configuration file "generators/Generator using Freemarker.generator/params.ftl" with contents:
		engine=${"freemarker"?capitalize} (NOT PERFORMED)
And I right click the project on the Package Explorer and select "Generate..." (NOT PERFORMED)
And I select the "Generator using Freemarker" generator and click "Next" (NOT PERFORMED)
And I finish the "Generate Files" wizard (NOT PERFORMED)
Then I will see the file "Freemarker template.txt" generated with content:
	  	Processed by Freemarker (NOT PERFORMED)

Scenario: Use Velocity on .vm files

Given I have a new project
When I create the generator folder "generators/Generator using Velocity.generator"
And I create the template file "generators/Generator using Velocity.generator/templates/VelocityTemplate.txt.vm" with contents:
	  	Processed by $engine.toLowerCase() (FAILED)
And I create the templates configuration file "generators/Generator using Velocity.generator/templates.vm" with contents:
	  	templates/VelocityTemplate.txt.vm=$engine.toLowerCase() template.txt (NOT PERFORMED)
And I create the params configuration file "generators/Generator using Velocity.generator/params.vm" with contents:
		engine=#set($text='Velocity')$text.toUpperCase() (NOT PERFORMED)
And I right click the project on the Package Explorer and select "Generate..." (NOT PERFORMED)
And I select the "Generator using Velocity" generator and click "Next" (NOT PERFORMED)
And I finish the "Generate Files" wizard (NOT PERFORMED)
Then I will see the file "velocity template.txt" generated with content:
	  	Processed by velocity (NOT PERFORMED)

Scenario: Use Groovy on .groovy files

Given I have a new project
When I create the generator folder "generators/Generator using Groovy.generator"
And I create the template file "generators/Generator using Groovy.generator/templates/GroovyTemplate.txt.groovy" with contents:
	  	Processed by <%=engine.toLowerCase()%> (FAILED)
And I create the templates configuration file "generators/Generator using Groovy.generator/templates.groovy" with contents:
	  	templates/GroovyTemplate.txt.groovy=<%=engine.toLowerCase()%> template.txt (NOT PERFORMED)
And I create the params configuration file "generators/Generator using Groovy.generator/params.groovy" with contents:
		engine=<%="Groovy".toUpperCase()%> (NOT PERFORMED)
And I right click the project on the Package Explorer and select "Generate..." (NOT PERFORMED)
And I select the "Generator using Groovy" generator and click "Next" (NOT PERFORMED)
And I finish the "Generate Files" wizard (NOT PERFORMED)
Then I will see the file "groovy template.txt" generated with content:
	  	Processed by groovy (NOT PERFORMED)

Scenario: Use no engine on .txt files

Given I have a new project
When I create the generator folder "generators/Generator using no Template.generator"
And I create the template file "generators/Generator using no Template.generator/templates/unprocessed.txt" with contents:
	  	Processed by <%=engine.toLowerCase()%> (FAILED)
And I create the templates configuration file "generators/Generator using no Template.generator/templates.txt" with contents:
	  	templates/unprocessed.txt=unprocessed.txt (NOT PERFORMED)
And I create the params configuration file "generators/Generator using no Template.generator/params.txt" with contents:
		engine=<%="no Template".toUpperCase()%> (NOT PERFORMED)
And I right click the project on the Package Explorer and select "Generate..." (NOT PERFORMED)
And I select the "Generator using no Template" generator and click "Next" (NOT PERFORMED)
And I finish the "Generate Files" wizard (NOT PERFORMED)
Then I will see the file "unprocessed.txt" generated with content:
	  	Processed by <%=engine.toLowerCase()%> (NOT PERFORMED)

]]></system-out>
  </testcase>
  <testcase name="testScenario" classname="stories.usingthegenerator.SetParamsForGeneration" time="0.202">
    <error message="/code2code.TestProject_9/generators/Generator with param.generator/templates/Generatorwithparam.txt.ftl (No such file or directory)" type="java.io.FileNotFoundException"><![CDATA[java.io.FileNotFoundException: /code2code.TestProject_9/generators/Generator with param.generator/templates/Generatorwithparam.txt.ftl (No such file or directory)
	at java.io.FileOutputStream.open(Native Method)
	at java.io.FileOutputStream.<init>(FileOutputStream.java:221)
	at java.io.FileOutputStream.<init>(FileOutputStream.java:171)
	at code2code.core.utils.FileUtils.write(FileUtils.java:94)
	at domain.WorkingProject.createFileWithContents(WorkingProject.java:75)
	at steps.CreateGeneratorSteps.createTemplateFileWithContents(CreateGeneratorSteps.java:32)
	at sun.reflect.NativeMethodAccessorImpl.invoke0(Native Method)
	at sun.reflect.NativeMethodAccessorImpl.invoke(NativeMethodAccessorImpl.java:57)
	at sun.reflect.DelegatingMethodAccessorImpl.invoke(DelegatingMethodAccessorImpl.java:43)
	at java.lang.reflect.Method.invoke(Method.java:606)
	at org.jbehave.scenario.steps.CandidateStep$1.perform(CandidateStep.java:83)
	at org.jbehave.scenario.ScenarioRunner$FineSoFar.run(ScenarioRunner.java:67)
	at org.jbehave.scenario.ScenarioRunner.runScenario(ScenarioRunner.java:52)
	at org.jbehave.scenario.ScenarioRunner.run(ScenarioRunner.java:40)
	at org.jbehave.scenario.AbstractScenario.runScenario(AbstractScenario.java:78)
	at org.jbehave.scenario.JUnitScenario.runScenario(JUnitScenario.java:51)
	at org.jbehave.scenario.JUnitScenario.testScenario(JUnitScenario.java:73)
	at sun.reflect.NativeMethodAccessorImpl.invoke0(Native Method)
	at sun.reflect.NativeMethodAccessorImpl.invoke(NativeMethodAccessorImpl.java:57)
	at sun.reflect.DelegatingMethodAccessorImpl.invoke(DelegatingMethodAccessorImpl.java:43)
	at java.lang.reflect.Method.invoke(Method.java:606)
	at junit.framework.TestCase.runTest(TestCase.java:176)
	at junit.framework.TestCase.runBare(TestCase.java:141)
	at junit.framework.TestResult$1.protect(TestResult.java:122)
	at junit.framework.TestResult.runProtected(TestResult.java:142)
	at junit.framework.TestResult.run(TestResult.java:125)
	at junit.framework.TestCase.run(TestCase.java:129)
	at junit.framework.TestSuite.runTest(TestSuite.java:252)
	at junit.framework.TestSuite.run(TestSuite.java:247)
	at org.junit.internal.runners.JUnit38ClassRunner.run(JUnit38ClassRunner.java:86)
	at org.junit.runners.Suite.runChild(Suite.java:128)
	at org.junit.runners.Suite.runChild(Suite.java:27)
	at org.junit.runners.ParentRunner$3.run(ParentRunner.java:290)
	at org.junit.runners.ParentRunner$1.schedule(ParentRunner.java:71)
	at org.junit.runners.ParentRunner.runChildren(ParentRunner.java:288)
	at org.junit.runners.ParentRunner.access$000(ParentRunner.java:58)
	at org.junit.runners.ParentRunner$2.evaluate(ParentRunner.java:268)
	at org.junit.runners.ParentRunner.run(ParentRunner.java:363)
	at org.apache.maven.surefire.junit4.JUnit4Provider.execute(JUnit4Provider.java:264)
	at org.apache.maven.surefire.junit4.JUnit4Provider.executeTestSet(JUnit4Provider.java:153)
	at org.apache.maven.surefire.junit4.JUnit4Provider.invoke(JUnit4Provider.java:124)
	at sun.reflect.NativeMethodAccessorImpl.invoke0(Native Method)
	at sun.reflect.NativeMethodAccessorImpl.invoke(NativeMethodAccessorImpl.java:57)
	at sun.reflect.DelegatingMethodAccessorImpl.invoke(DelegatingMethodAccessorImpl.java:43)
	at java.lang.reflect.Method.invoke(Method.java:606)
	at org.apache.maven.surefire.util.ReflectionUtils.invokeMethodWithArray2(ReflectionUtils.java:208)
	at org.apache.maven.surefire.booter.ProviderFactory$ProviderProxy.invoke(ProviderFactory.java:156)
	at org.apache.maven.surefire.booter.ProviderFactory.invokeProvider(ProviderFactory.java:82)
	at org.eclipse.tycho.surefire.osgibooter.OsgiSurefireBooter.run(OsgiSurefireBooter.java:91)
	at org.eclipse.tycho.surefire.osgibooter.AbstractUITestApplication.runTests(AbstractUITestApplication.java:44)
	at org.eclipse.e4.ui.internal.workbench.swt.E4Testable$1.run(E4Testable.java:72)
	at java.lang.Thread.run(Thread.java:745)
]]></error>
    <system-out><![CDATA[Story: Set params for generation

	As a Developer
	I want to change the generator params
	So that it generates the dynamic content I need

Scenario: Set params for generation

Given I have a new project
When I create the generator folder "generators/Generator with param.generator"
And I create the template file "generators/Generator with param.generator/templates/Generatorwithparam.txt.ftl" with contents:
	  	${parameter1}
	  	${parameter2} (FAILED)
And I create the templates configuration file "generators/Generator with param.generator/templates.ftl" with contents:
	  	templates/Generatorwithparam.txt.ftl=Generator with param.txt (NOT PERFORMED)
And I create the params configuration file "generators/Generator with param.generator/params.ftl" with contents:
	  	parameter1
	  	parameter2 (NOT PERFORMED)
And I right click the project on the Package Explorer and select "Generate..." (NOT PERFORMED)
And I select the "Generator with param" generator and click "Next" (NOT PERFORMED)
And I set the param "parameter1" value to "Parameter 1" (NOT PERFORMED)
And I set the param "parameter2" value to "Parameter 2" (NOT PERFORMED)
And I finish the "Generate Files" wizard (NOT PERFORMED)
Then I will see the file "Generator with param.txt" generated with content:
	  	Parameter 1
	  	Parameter 2 (NOT PERFORMED)

Scenario: Set a processed param for generation

Given I have a new project
When I create the generator folder "generators/Generator with param.generator"
And I create the template file "generators/Generator with param.generator/templates/Generatorwithparam.txt.ftl" with contents:
	  	${parameter1}
	  	${parameter2} (FAILED)
And I create the templates configuration file "generators/Generator with param.generator/templates.ftl" with contents:
	  	templates/Generatorwithparam.txt.ftl=Generator with param.txt (NOT PERFORMED)
And I create the params configuration file "generators/Generator with param.generator/params.ftl" with contents:
	  	parameter1
	  	parameter2 (NOT PERFORMED)
And I right click the project on the Package Explorer and select "Generate..." (NOT PERFORMED)
And I select the "Generator with param" generator and click "Next" (NOT PERFORMED)
And I set the param "parameter1" value to "Parameter 1" (NOT PERFORMED)
And I set the param "parameter2" value to "${parameter1?upper_case}" (NOT PERFORMED)
And I finish the "Generate Files" wizard (NOT PERFORMED)
Then I will see the file "Generator with param.txt" generated with content:
	  	Parameter 1
	  	PARAMETER 1 (NOT PERFORMED)

]]></system-out>
  </testcase>
  <testcase name="testScenario" classname="stories.usingthegenerator.SetTemplatesDestinations" time="0.136">
    <error message="/code2code.TestProject_11/generators/Generator with unwanted destination.generator/templates/TemplateWithUnwantedDestination.txt.ftl (No such file or directory)" type="java.io.FileNotFoundException"><![CDATA[java.io.FileNotFoundException: /code2code.TestProject_11/generators/Generator with unwanted destination.generator/templates/TemplateWithUnwantedDestination.txt.ftl (No such file or directory)
	at java.io.FileOutputStream.open(Native Method)
	at java.io.FileOutputStream.<init>(FileOutputStream.java:221)
	at java.io.FileOutputStream.<init>(FileOutputStream.java:171)
	at code2code.core.utils.FileUtils.write(FileUtils.java:94)
	at domain.WorkingProject.createFileWithContents(WorkingProject.java:75)
	at domain.WorkingProject.createFile(WorkingProject.java:80)
	at steps.CreateGeneratorSteps.createTemplateFile(CreateGeneratorSteps.java:26)
	at sun.reflect.NativeMethodAccessorImpl.invoke0(Native Method)
	at sun.reflect.NativeMethodAccessorImpl.invoke(NativeMethodAccessorImpl.java:57)
	at sun.reflect.DelegatingMethodAccessorImpl.invoke(DelegatingMethodAccessorImpl.java:43)
	at java.lang.reflect.Method.invoke(Method.java:606)
	at org.jbehave.scenario.steps.CandidateStep$1.perform(CandidateStep.java:83)
	at org.jbehave.scenario.ScenarioRunner$FineSoFar.run(ScenarioRunner.java:67)
	at org.jbehave.scenario.ScenarioRunner.runScenario(ScenarioRunner.java:52)
	at org.jbehave.scenario.ScenarioRunner.run(ScenarioRunner.java:40)
	at org.jbehave.scenario.AbstractScenario.runScenario(AbstractScenario.java:78)
	at org.jbehave.scenario.JUnitScenario.runScenario(JUnitScenario.java:51)
	at org.jbehave.scenario.JUnitScenario.testScenario(JUnitScenario.java:73)
	at sun.reflect.NativeMethodAccessorImpl.invoke0(Native Method)
	at sun.reflect.NativeMethodAccessorImpl.invoke(NativeMethodAccessorImpl.java:57)
	at sun.reflect.DelegatingMethodAccessorImpl.invoke(DelegatingMethodAccessorImpl.java:43)
	at java.lang.reflect.Method.invoke(Method.java:606)
	at junit.framework.TestCase.runTest(TestCase.java:176)
	at junit.framework.TestCase.runBare(TestCase.java:141)
	at junit.framework.TestResult$1.protect(TestResult.java:122)
	at junit.framework.TestResult.runProtected(TestResult.java:142)
	at junit.framework.TestResult.run(TestResult.java:125)
	at junit.framework.TestCase.run(TestCase.java:129)
	at junit.framework.TestSuite.runTest(TestSuite.java:252)
	at junit.framework.TestSuite.run(TestSuite.java:247)
	at org.junit.internal.runners.JUnit38ClassRunner.run(JUnit38ClassRunner.java:86)
	at org.junit.runners.Suite.runChild(Suite.java:128)
	at org.junit.runners.Suite.runChild(Suite.java:27)
	at org.junit.runners.ParentRunner$3.run(ParentRunner.java:290)
	at org.junit.runners.ParentRunner$1.schedule(ParentRunner.java:71)
	at org.junit.runners.ParentRunner.runChildren(ParentRunner.java:288)
	at org.junit.runners.ParentRunner.access$000(ParentRunner.java:58)
	at org.junit.runners.ParentRunner$2.evaluate(ParentRunner.java:268)
	at org.junit.runners.ParentRunner.run(ParentRunner.java:363)
	at org.apache.maven.surefire.junit4.JUnit4Provider.execute(JUnit4Provider.java:264)
	at org.apache.maven.surefire.junit4.JUnit4Provider.executeTestSet(JUnit4Provider.java:153)
	at org.apache.maven.surefire.junit4.JUnit4Provider.invoke(JUnit4Provider.java:124)
	at sun.reflect.NativeMethodAccessorImpl.invoke0(Native Method)
	at sun.reflect.NativeMethodAccessorImpl.invoke(NativeMethodAccessorImpl.java:57)
	at sun.reflect.DelegatingMethodAccessorImpl.invoke(DelegatingMethodAccessorImpl.java:43)
	at java.lang.reflect.Method.invoke(Method.java:606)
	at org.apache.maven.surefire.util.ReflectionUtils.invokeMethodWithArray2(ReflectionUtils.java:208)
	at org.apache.maven.surefire.booter.ProviderFactory$ProviderProxy.invoke(ProviderFactory.java:156)
	at org.apache.maven.surefire.booter.ProviderFactory.invokeProvider(ProviderFactory.java:82)
	at org.eclipse.tycho.surefire.osgibooter.OsgiSurefireBooter.run(OsgiSurefireBooter.java:91)
	at org.eclipse.tycho.surefire.osgibooter.AbstractUITestApplication.runTests(AbstractUITestApplication.java:44)
	at org.eclipse.e4.ui.internal.workbench.swt.E4Testable$1.run(E4Testable.java:72)
	at java.lang.Thread.run(Thread.java:745)
]]></error>
    <system-out><![CDATA[Story: Set templates destinations

	As a Developer
	I want to be able to change the destination of the templates
	So that I can choose the right place to it

Scenario: Set a template destination

Given I have a new project
When I create the generator folder "generators/Generator with unwanted destination.generator"
And I create the template file "generators/Generator with unwanted destination.generator/templates/TemplateWithUnwantedDestination.txt.ftl" (FAILED)
And I create the templates configuration file "generators/Generator with unwanted destination.generator/templates.ftl" with contents:
	  	templates/TemplateWithUnwantedDestination.txt.ftl=UnwantedFolder/Template with unwanted destination.txt (NOT PERFORMED)
And I right click the project on the Package Explorer and select "Generate..." (NOT PERFORMED)
And I select the "Generator with unwanted destination" generator and click "Next" (NOT PERFORMED)
And I click "Next" on the "Configure Params" dialog (NOT PERFORMED)
And I change the template "templates/TemplateWithUnwantedDestination.txt.ftl" destination to "Template with unwanted destination.txt" on the "Customize Generation" dialog (NOT PERFORMED)
And I finish the "Generate Files" wizard (NOT PERFORMED)
Then I will see the file "Template with unwanted destination.txt" generated (NOT PERFORMED)

]]></system-out>
  </testcase>
  <testcase name="testScenario" classname="stories.creatinggenerators.SetDescriptionToGenerators" time="0.093">
    <error message="/code2code.TestProject_12/generators/Generator with description.generator/templates/Generatorwithdescription.txt.ftl (No such file or directory)" type="java.io.FileNotFoundException"><![CDATA[java.io.FileNotFoundException: /code2code.TestProject_12/generators/Generator with description.generator/templates/Generatorwithdescription.txt.ftl (No such file or directory)
	at java.io.FileOutputStream.open(Native Method)
	at java.io.FileOutputStream.<init>(FileOutputStream.java:221)
	at java.io.FileOutputStream.<init>(FileOutputStream.java:171)
	at code2code.core.utils.FileUtils.write(FileUtils.java:94)
	at domain.WorkingProject.createFileWithContents(WorkingProject.java:75)
	at domain.WorkingProject.createFile(WorkingProject.java:80)
	at steps.CreateGeneratorSteps.createTemplateFile(CreateGeneratorSteps.java:26)
	at sun.reflect.NativeMethodAccessorImpl.invoke0(Native Method)
	at sun.reflect.NativeMethodAccessorImpl.invoke(NativeMethodAccessorImpl.java:57)
	at sun.reflect.DelegatingMethodAccessorImpl.invoke(DelegatingMethodAccessorImpl.java:43)
	at java.lang.reflect.Method.invoke(Method.java:606)
	at org.jbehave.scenario.steps.CandidateStep$1.perform(CandidateStep.java:83)
	at org.jbehave.scenario.ScenarioRunner$FineSoFar.run(ScenarioRunner.java:67)
	at org.jbehave.scenario.ScenarioRunner.runScenario(ScenarioRunner.java:52)
	at org.jbehave.scenario.ScenarioRunner.run(ScenarioRunner.java:40)
	at org.jbehave.scenario.AbstractScenario.runScenario(AbstractScenario.java:78)
	at org.jbehave.scenario.JUnitScenario.runScenario(JUnitScenario.java:51)
	at org.jbehave.scenario.JUnitScenario.testScenario(JUnitScenario.java:73)
	at sun.reflect.NativeMethodAccessorImpl.invoke0(Native Method)
	at sun.reflect.NativeMethodAccessorImpl.invoke(NativeMethodAccessorImpl.java:57)
	at sun.reflect.DelegatingMethodAccessorImpl.invoke(DelegatingMethodAccessorImpl.java:43)
	at java.lang.reflect.Method.invoke(Method.java:606)
	at junit.framework.TestCase.runTest(TestCase.java:176)
	at junit.framework.TestCase.runBare(TestCase.java:141)
	at junit.framework.TestResult$1.protect(TestResult.java:122)
	at junit.framework.TestResult.runProtected(TestResult.java:142)
	at junit.framework.TestResult.run(TestResult.java:125)
	at junit.framework.TestCase.run(TestCase.java:129)
	at junit.framework.TestSuite.runTest(TestSuite.java:252)
	at junit.framework.TestSuite.run(TestSuite.java:247)
	at org.junit.internal.runners.JUnit38ClassRunner.run(JUnit38ClassRunner.java:86)
	at org.junit.runners.Suite.runChild(Suite.java:128)
	at org.junit.runners.Suite.runChild(Suite.java:27)
	at org.junit.runners.ParentRunner$3.run(ParentRunner.java:290)
	at org.junit.runners.ParentRunner$1.schedule(ParentRunner.java:71)
	at org.junit.runners.ParentRunner.runChildren(ParentRunner.java:288)
	at org.junit.runners.ParentRunner.access$000(ParentRunner.java:58)
	at org.junit.runners.ParentRunner$2.evaluate(ParentRunner.java:268)
	at org.junit.runners.ParentRunner.run(ParentRunner.java:363)
	at org.apache.maven.surefire.junit4.JUnit4Provider.execute(JUnit4Provider.java:264)
	at org.apache.maven.surefire.junit4.JUnit4Provider.executeTestSet(JUnit4Provider.java:153)
	at org.apache.maven.surefire.junit4.JUnit4Provider.invoke(JUnit4Provider.java:124)
	at sun.reflect.NativeMethodAccessorImpl.invoke0(Native Method)
	at sun.reflect.NativeMethodAccessorImpl.invoke(NativeMethodAccessorImpl.java:57)
	at sun.reflect.DelegatingMethodAccessorImpl.invoke(DelegatingMethodAccessorImpl.java:43)
	at java.lang.reflect.Method.invoke(Method.java:606)
	at org.apache.maven.surefire.util.ReflectionUtils.invokeMethodWithArray2(ReflectionUtils.java:208)
	at org.apache.maven.surefire.booter.ProviderFactory$ProviderProxy.invoke(ProviderFactory.java:156)
	at org.apache.maven.surefire.booter.ProviderFactory.invokeProvider(ProviderFactory.java:82)
	at org.eclipse.tycho.surefire.osgibooter.OsgiSurefireBooter.run(OsgiSurefireBooter.java:91)
	at org.eclipse.tycho.surefire.osgibooter.AbstractUITestApplication.runTests(AbstractUITestApplication.java:44)
	at org.eclipse.e4.ui.internal.workbench.swt.E4Testable$1.run(E4Testable.java:72)
	at java.lang.Thread.run(Thread.java:745)
]]></error>
    <system-out><![CDATA[Story: Set description to generators

	As a Generator Developer
	I want to set description to generators
	So that others developers knows its purposes

Scenario: Set a description to a generator

Given I have a new project
When I create the generator folder "generators/Generator with description.generator"
And I create the template file "generators/Generator with description.generator/templates/Generatorwithdescription.txt.ftl" (FAILED)
And I create the description file "generators/Generator with description.generator/description.txt" with contents:
	    A generator with a description (NOT PERFORMED)
And I create the templates configuration file "generators/Generator with description.generator/templates.ftl" with contents:
	  	templates/Generatorwithdescription.txt.ftl=Generator with description.txt (NOT PERFORMED)
And I right click the project on the Package Explorer and select "Generate..." (NOT PERFORMED)
And I select the "Generator with description" generator and click "Next" (NOT PERFORMED)
Then I will see the "Configure Params" dialog with the description:
	    A generator with a description (NOT PERFORMED)

]]></system-out>
  </testcase>
  <testcase name="testScenario" classname="stories.usingthegenerator.PreviewTheOutput" time="0.217">
    <error message="/code2code.TestProject_13/generators/Generator for previewing.generator/templates/TemplateForPreviewing.txt.ftl (No such file or directory)" type="java.io.FileNotFoundException"><![CDATA[java.io.FileNotFoundException: /code2code.TestProject_13/generators/Generator for previewing.generator/templates/TemplateForPreviewing.txt.ftl (No such file or directory)
	at java.io.FileOutputStream.open(Native Method)
	at java.io.FileOutputStream.<init>(FileOutputStream.java:221)
	at java.io.FileOutputStream.<init>(FileOutputStream.java:171)
	at code2code.core.utils.FileUtils.write(FileUtils.java:94)
	at domain.WorkingProject.createFileWithContents(WorkingProject.java:75)
	at steps.CreateGeneratorSteps.createTemplateFileWithContents(CreateGeneratorSteps.java:32)
	at sun.reflect.NativeMethodAccessorImpl.invoke0(Native Method)
	at sun.reflect.NativeMethodAccessorImpl.invoke(NativeMethodAccessorImpl.java:57)
	at sun.reflect.DelegatingMethodAccessorImpl.invoke(DelegatingMethodAccessorImpl.java:43)
	at java.lang.reflect.Method.invoke(Method.java:606)
	at org.jbehave.scenario.steps.CandidateStep$1.perform(CandidateStep.java:83)
	at org.jbehave.scenario.ScenarioRunner$FineSoFar.run(ScenarioRunner.java:67)
	at org.jbehave.scenario.ScenarioRunner.runScenario(ScenarioRunner.java:52)
	at org.jbehave.scenario.ScenarioRunner.run(ScenarioRunner.java:40)
	at org.jbehave.scenario.AbstractScenario.runScenario(AbstractScenario.java:78)
	at org.jbehave.scenario.JUnitScenario.runScenario(JUnitScenario.java:51)
	at org.jbehave.scenario.JUnitScenario.testScenario(JUnitScenario.java:73)
	at sun.reflect.NativeMethodAccessorImpl.invoke0(Native Method)
	at sun.reflect.NativeMethodAccessorImpl.invoke(NativeMethodAccessorImpl.java:57)
	at sun.reflect.DelegatingMethodAccessorImpl.invoke(DelegatingMethodAccessorImpl.java:43)
	at java.lang.reflect.Method.invoke(Method.java:606)
	at junit.framework.TestCase.runTest(TestCase.java:176)
	at junit.framework.TestCase.runBare(TestCase.java:141)
	at junit.framework.TestResult$1.protect(TestResult.java:122)
	at junit.framework.TestResult.runProtected(TestResult.java:142)
	at junit.framework.TestResult.run(TestResult.java:125)
	at junit.framework.TestCase.run(TestCase.java:129)
	at junit.framework.TestSuite.runTest(TestSuite.java:252)
	at junit.framework.TestSuite.run(TestSuite.java:247)
	at org.junit.internal.runners.JUnit38ClassRunner.run(JUnit38ClassRunner.java:86)
	at org.junit.runners.Suite.runChild(Suite.java:128)
	at org.junit.runners.Suite.runChild(Suite.java:27)
	at org.junit.runners.ParentRunner$3.run(ParentRunner.java:290)
	at org.junit.runners.ParentRunner$1.schedule(ParentRunner.java:71)
	at org.junit.runners.ParentRunner.runChildren(ParentRunner.java:288)
	at org.junit.runners.ParentRunner.access$000(ParentRunner.java:58)
	at org.junit.runners.ParentRunner$2.evaluate(ParentRunner.java:268)
	at org.junit.runners.ParentRunner.run(ParentRunner.java:363)
	at org.apache.maven.surefire.junit4.JUnit4Provider.execute(JUnit4Provider.java:264)
	at org.apache.maven.surefire.junit4.JUnit4Provider.executeTestSet(JUnit4Provider.java:153)
	at org.apache.maven.surefire.junit4.JUnit4Provider.invoke(JUnit4Provider.java:124)
	at sun.reflect.NativeMethodAccessorImpl.invoke0(Native Method)
	at sun.reflect.NativeMethodAccessorImpl.invoke(NativeMethodAccessorImpl.java:57)
	at sun.reflect.DelegatingMethodAccessorImpl.invoke(DelegatingMethodAccessorImpl.java:43)
	at java.lang.reflect.Method.invoke(Method.java:606)
	at org.apache.maven.surefire.util.ReflectionUtils.invokeMethodWithArray2(ReflectionUtils.java:208)
	at org.apache.maven.surefire.booter.ProviderFactory$ProviderProxy.invoke(ProviderFactory.java:156)
	at org.apache.maven.surefire.booter.ProviderFactory.invokeProvider(ProviderFactory.java:82)
	at org.eclipse.tycho.surefire.osgibooter.OsgiSurefireBooter.run(OsgiSurefireBooter.java:91)
	at org.eclipse.tycho.surefire.osgibooter.AbstractUITestApplication.runTests(AbstractUITestApplication.java:44)
	at org.eclipse.e4.ui.internal.workbench.swt.E4Testable$1.run(E4Testable.java:72)
	at java.lang.Thread.run(Thread.java:745)
]]></error>
    <system-out><![CDATA[Story: Preview the output

	As a Developer
	I want to preview the output of generators
	So that I know what will be generated

Scenario: Preview the processed output

Given I have a new project
When I create the generator folder "generators/Generator for previewing.generator"
And I create the template file "generators/Generator for previewing.generator/templates/TemplateForPreviewing.txt.ftl" with contents:
	  	${param1} Content of the template (FAILED)
And I create the templates configuration file "generators/Generator for previewing.generator/templates.ftl" with contents:
	  	templates/TemplateForPreviewing.txt.ftl=Template for previewing.txt (NOT PERFORMED)
And I create the params configuration file "generators/Generator for previewing.generator/params.ftl" with contents:
	  	param1 (NOT PERFORMED)
And I right click the project on the Package Explorer and select "Generate..." (NOT PERFORMED)
And I select the "Generator for previewing" generator and click "Next" (NOT PERFORMED)
And I set the param "param1" value to "Processed" (NOT PERFORMED)
And I click "Next" on the "Configure Params" dialog (NOT PERFORMED)
And I click "Preview" on the template "templates/TemplateForPreviewing.txt.ftl" (NOT PERFORMED)
Then I will see the "Preview" dialog with content:
	  	Processed Content of the template (NOT PERFORMED)

Scenario: Preview and change the output

Given I have a new project
When I create the generator folder "generators/Generator for change on preview.generator"
And I create the template file "generators/Generator for change on preview.generator/templates/TemplateForChangeOnPreview.txt.ftl" with contents:
	  	Original Content of the template (FAILED)
And I create the templates configuration file "generators/Generator for change on preview.generator/templates.ftl" with contents:
	  	templates/TemplateForChangeOnPreview.txt.ftl=Template for change on preview.txt (NOT PERFORMED)
And I right click the project on the Package Explorer and select "Generate..." (NOT PERFORMED)
And I select the "Generator for change on preview" generator and click "Next" (NOT PERFORMED)
And I click "Next" on the "Configure Params" dialog (NOT PERFORMED)
And I click "Preview" on the template "templates/TemplateForChangeOnPreview.txt.ftl" (NOT PERFORMED)
And I change the output content on the "Preview" dialog to:
	  	Changed Content of the template (NOT PERFORMED)
And I click "OK" on the "Preview" dialog (NOT PERFORMED)
And I finish the "Generate Files" wizard (NOT PERFORMED)
Then I will see the file "Template for change on preview.txt" generated with content:
	  	Changed Content of the template (NOT PERFORMED)

]]></system-out>
  </testcase>
  <testcase name="testScenario" classname="stories.usingthegenerator.UseGlobalParams" time="0.079">
    <error message="/code2code.TestProject_15/generators/Generator using global params.generator/templates/GeneratorUsingGlobalParams.txt.ftl (No such file or directory)" type="java.io.FileNotFoundException"><![CDATA[java.io.FileNotFoundException: /code2code.TestProject_15/generators/Generator using global params.generator/templates/GeneratorUsingGlobalParams.txt.ftl (No such file or directory)
	at java.io.FileOutputStream.open(Native Method)
	at java.io.FileOutputStream.<init>(FileOutputStream.java:221)
	at java.io.FileOutputStream.<init>(FileOutputStream.java:171)
	at code2code.core.utils.FileUtils.write(FileUtils.java:94)
	at domain.WorkingProject.createFileWithContents(WorkingProject.java:75)
	at steps.CreateGeneratorSteps.createTemplateFileWithContents(CreateGeneratorSteps.java:32)
	at sun.reflect.NativeMethodAccessorImpl.invoke0(Native Method)
	at sun.reflect.NativeMethodAccessorImpl.invoke(NativeMethodAccessorImpl.java:57)
	at sun.reflect.DelegatingMethodAccessorImpl.invoke(DelegatingMethodAccessorImpl.java:43)
	at java.lang.reflect.Method.invoke(Method.java:606)
	at org.jbehave.scenario.steps.CandidateStep$1.perform(CandidateStep.java:83)
	at org.jbehave.scenario.ScenarioRunner$FineSoFar.run(ScenarioRunner.java:67)
	at org.jbehave.scenario.ScenarioRunner.runScenario(ScenarioRunner.java:52)
	at org.jbehave.scenario.ScenarioRunner.run(ScenarioRunner.java:40)
	at org.jbehave.scenario.AbstractScenario.runScenario(AbstractScenario.java:78)
	at org.jbehave.scenario.JUnitScenario.runScenario(JUnitScenario.java:51)
	at org.jbehave.scenario.JUnitScenario.testScenario(JUnitScenario.java:73)
	at sun.reflect.NativeMethodAccessorImpl.invoke0(Native Method)
	at sun.reflect.NativeMethodAccessorImpl.invoke(NativeMethodAccessorImpl.java:57)
	at sun.reflect.DelegatingMethodAccessorImpl.invoke(DelegatingMethodAccessorImpl.java:43)
	at java.lang.reflect.Method.invoke(Method.java:606)
	at junit.framework.TestCase.runTest(TestCase.java:176)
	at junit.framework.TestCase.runBare(TestCase.java:141)
	at junit.framework.TestResult$1.protect(TestResult.java:122)
	at junit.framework.TestResult.runProtected(TestResult.java:142)
	at junit.framework.TestResult.run(TestResult.java:125)
	at junit.framework.TestCase.run(TestCase.java:129)
	at junit.framework.TestSuite.runTest(TestSuite.java:252)
	at junit.framework.TestSuite.run(TestSuite.java:247)
	at org.junit.internal.runners.JUnit38ClassRunner.run(JUnit38ClassRunner.java:86)
	at org.junit.runners.Suite.runChild(Suite.java:128)
	at org.junit.runners.Suite.runChild(Suite.java:27)
	at org.junit.runners.ParentRunner$3.run(ParentRunner.java:290)
	at org.junit.runners.ParentRunner$1.schedule(ParentRunner.java:71)
	at org.junit.runners.ParentRunner.runChildren(ParentRunner.java:288)
	at org.junit.runners.ParentRunner.access$000(ParentRunner.java:58)
	at org.junit.runners.ParentRunner$2.evaluate(ParentRunner.java:268)
	at org.junit.runners.ParentRunner.run(ParentRunner.java:363)
	at org.apache.maven.surefire.junit4.JUnit4Provider.execute(JUnit4Provider.java:264)
	at org.apache.maven.surefire.junit4.JUnit4Provider.executeTestSet(JUnit4Provider.java:153)
	at org.apache.maven.surefire.junit4.JUnit4Provider.invoke(JUnit4Provider.java:124)
	at sun.reflect.NativeMethodAccessorImpl.invoke0(Native Method)
	at sun.reflect.NativeMethodAccessorImpl.invoke(NativeMethodAccessorImpl.java:57)
	at sun.reflect.DelegatingMethodAccessorImpl.invoke(DelegatingMethodAccessorImpl.java:43)
	at java.lang.reflect.Method.invoke(Method.java:606)
	at org.apache.maven.surefire.util.ReflectionUtils.invokeMethodWithArray2(ReflectionUtils.java:208)
	at org.apache.maven.surefire.booter.ProviderFactory$ProviderProxy.invoke(ProviderFactory.java:156)
	at org.apache.maven.surefire.booter.ProviderFactory.invokeProvider(ProviderFactory.java:82)
	at org.eclipse.tycho.surefire.osgibooter.OsgiSurefireBooter.run(OsgiSurefireBooter.java:91)
	at org.eclipse.tycho.surefire.osgibooter.AbstractUITestApplication.runTests(AbstractUITestApplication.java:44)
	at org.eclipse.e4.ui.internal.workbench.swt.E4Testable$1.run(E4Testable.java:72)
	at java.lang.Thread.run(Thread.java:745)
]]></error>
    <system-out><![CDATA[Story: Use global params

	As a Developer
	I want to use global default params
	So that I don't need to specify them in each generator

Scenario: Use global params

Given I have a new project
When I create the generator folder "generators/Generator using global params.generator"
And I create the template file "generators/Generator using global params.generator/templates/GeneratorUsingGlobalParams.txt.ftl" with contents:
	  	${param1} (FAILED)
And I create the templates configuration file "generators/Generator using global params.generator/templates.ftl" with contents:
	  	templates/GeneratorUsingGlobalParams.txt.ftl=Generator using global params.txt (NOT PERFORMED)
And I create the params configuration file "generators/Generator using global params.generator/params.ftl" with contents:
	  	param1=${param1!"Generator Param"} (NOT PERFORMED)
And I create the global params configuration file "generators/params.ftl" with contents:
	  	param1=Global Param (NOT PERFORMED)
And I right click the project on the Package Explorer and select "Generate..." (NOT PERFORMED)
And I select the "Generator using global params" generator and click "Next" (NOT PERFORMED)
And I finish the "Generate Files" wizard (NOT PERFORMED)
Then I will see the file "Generator using global params.txt" generated with content:
	  	Global Param (NOT PERFORMED)

]]></system-out>
  </testcase>
  <testcase name="testScenario" classname="stories.usingthegenerator.ParamsReferencingOtherParams" time="0.078">
    <error message="/code2code.TestProject_16/generators/Generator with Params.generator/templates/GeneratedFile.txt.ftl (No such file or directory)" type="java.io.FileNotFoundException"><![CDATA[java.io.FileNotFoundException: /code2code.TestProject_16/generators/Generator with Params.generator/templates/GeneratedFile.txt.ftl (No such file or directory)
	at java.io.FileOutputStream.open(Native Method)
	at java.io.FileOutputStream.<init>(FileOutputStream.java:221)
	at java.io.FileOutputStream.<init>(FileOutputStream.java:171)
	at code2code.core.utils.FileUtils.write(FileUtils.java:94)
	at domain.WorkingProject.createFileWithContents(WorkingProject.java:75)
	at steps.CreateGeneratorSteps.createTemplateFileWithContents(CreateGeneratorSteps.java:32)
	at sun.reflect.NativeMethodAccessorImpl.invoke0(Native Method)
	at sun.reflect.NativeMethodAccessorImpl.invoke(NativeMethodAccessorImpl.java:57)
	at sun.reflect.DelegatingMethodAccessorImpl.invoke(DelegatingMethodAccessorImpl.java:43)
	at java.lang.reflect.Method.invoke(Method.java:606)
	at org.jbehave.scenario.steps.CandidateStep$1.perform(CandidateStep.java:83)
	at org.jbehave.scenario.ScenarioRunner$FineSoFar.run(ScenarioRunner.java:67)
	at org.jbehave.scenario.ScenarioRunner.runScenario(ScenarioRunner.java:52)
	at org.jbehave.scenario.ScenarioRunner.run(ScenarioRunner.java:40)
	at org.jbehave.scenario.AbstractScenario.runScenario(AbstractScenario.java:78)
	at org.jbehave.scenario.JUnitScenario.runScenario(JUnitScenario.java:51)
	at org.jbehave.scenario.JUnitScenario.testScenario(JUnitScenario.java:73)
	at sun.reflect.NativeMethodAccessorImpl.invoke0(Native Method)
	at sun.reflect.NativeMethodAccessorImpl.invoke(NativeMethodAccessorImpl.java:57)
	at sun.reflect.DelegatingMethodAccessorImpl.invoke(DelegatingMethodAccessorImpl.java:43)
	at java.lang.reflect.Method.invoke(Method.java:606)
	at junit.framework.TestCase.runTest(TestCase.java:176)
	at junit.framework.TestCase.runBare(TestCase.java:141)
	at junit.framework.TestResult$1.protect(TestResult.java:122)
	at junit.framework.TestResult.runProtected(TestResult.java:142)
	at junit.framework.TestResult.run(TestResult.java:125)
	at junit.framework.TestCase.run(TestCase.java:129)
	at junit.framework.TestSuite.runTest(TestSuite.java:252)
	at junit.framework.TestSuite.run(TestSuite.java:247)
	at org.junit.internal.runners.JUnit38ClassRunner.run(JUnit38ClassRunner.java:86)
	at org.junit.runners.Suite.runChild(Suite.java:128)
	at org.junit.runners.Suite.runChild(Suite.java:27)
	at org.junit.runners.ParentRunner$3.run(ParentRunner.java:290)
	at org.junit.runners.ParentRunner$1.schedule(ParentRunner.java:71)
	at org.junit.runners.ParentRunner.runChildren(ParentRunner.java:288)
	at org.junit.runners.ParentRunner.access$000(ParentRunner.java:58)
	at org.junit.runners.ParentRunner$2.evaluate(ParentRunner.java:268)
	at org.junit.runners.ParentRunner.run(ParentRunner.java:363)
	at org.apache.maven.surefire.junit4.JUnit4Provider.execute(JUnit4Provider.java:264)
	at org.apache.maven.surefire.junit4.JUnit4Provider.executeTestSet(JUnit4Provider.java:153)
	at org.apache.maven.surefire.junit4.JUnit4Provider.invoke(JUnit4Provider.java:124)
	at sun.reflect.NativeMethodAccessorImpl.invoke0(Native Method)
	at sun.reflect.NativeMethodAccessorImpl.invoke(NativeMethodAccessorImpl.java:57)
	at sun.reflect.DelegatingMethodAccessorImpl.invoke(DelegatingMethodAccessorImpl.java:43)
	at java.lang.reflect.Method.invoke(Method.java:606)
	at org.apache.maven.surefire.util.ReflectionUtils.invokeMethodWithArray2(ReflectionUtils.java:208)
	at org.apache.maven.surefire.booter.ProviderFactory$ProviderProxy.invoke(ProviderFactory.java:156)
	at org.apache.maven.surefire.booter.ProviderFactory.invokeProvider(ProviderFactory.java:82)
	at org.eclipse.tycho.surefire.osgibooter.OsgiSurefireBooter.run(OsgiSurefireBooter.java:91)
	at org.eclipse.tycho.surefire.osgibooter.AbstractUITestApplication.runTests(AbstractUITestApplication.java:44)
	at org.eclipse.e4.ui.internal.workbench.swt.E4Testable$1.run(E4Testable.java:72)
	at java.lang.Thread.run(Thread.java:745)
]]></error>
    <system-out><![CDATA[Story: Params referencing other params

	As a Developer
	I want to have each param value processed by declaration order
	So that I can reference and process previous params values

Scenario: Params referencing other params

Given I have a new project
When I create the generator folder "generators/Generator with Params.generator"
And I create the template file "generators/Generator with Params.generator/templates/GeneratedFile.txt.ftl" with contents:
	  	${processedParam} (FAILED)
And I create the templates configuration file "generators/Generator with Params.generator/templates.ftl" with contents:
	  	templates/GeneratedFile.txt.ftl=Generated File.txt (NOT PERFORMED)
And I create the params configuration file "generators/Generator with Params.generator/params.ftl" with contents:
	  	referencedParam=referenced param
	  	processedParam=${referencedParam?capitalize} (NOT PERFORMED)
And I right click the project on the Package Explorer and select "Generate..." (NOT PERFORMED)
And I select the "Generator with Params" generator and click "Next" (NOT PERFORMED)
And I finish the "Generate Files" wizard (NOT PERFORMED)
Then I will see the file "Generated File.txt" generated with content:
	  	Referenced Param (NOT PERFORMED)

]]></system-out>
  </testcase>
  <testcase name="testScenario" classname="stories.creatinggenerators.SetTemplatesToBeGenerated" time="0.073">
    <error message="/code2code.TestProject_17/generators/Generator with templates.generator/templates/Templatetobegenerated.txt.ftl (No such file or directory)" type="java.io.FileNotFoundException"><![CDATA[java.io.FileNotFoundException: /code2code.TestProject_17/generators/Generator with templates.generator/templates/Templatetobegenerated.txt.ftl (No such file or directory)
	at java.io.FileOutputStream.open(Native Method)
	at java.io.FileOutputStream.<init>(FileOutputStream.java:221)
	at java.io.FileOutputStream.<init>(FileOutputStream.java:171)
	at code2code.core.utils.FileUtils.write(FileUtils.java:94)
	at domain.WorkingProject.createFileWithContents(WorkingProject.java:75)
	at domain.WorkingProject.createFile(WorkingProject.java:80)
	at steps.CreateGeneratorSteps.createTemplateFile(CreateGeneratorSteps.java:26)
	at sun.reflect.NativeMethodAccessorImpl.invoke0(Native Method)
	at sun.reflect.NativeMethodAccessorImpl.invoke(NativeMethodAccessorImpl.java:57)
	at sun.reflect.DelegatingMethodAccessorImpl.invoke(DelegatingMethodAccessorImpl.java:43)
	at java.lang.reflect.Method.invoke(Method.java:606)
	at org.jbehave.scenario.steps.CandidateStep$1.perform(CandidateStep.java:83)
	at org.jbehave.scenario.ScenarioRunner$FineSoFar.run(ScenarioRunner.java:67)
	at org.jbehave.scenario.ScenarioRunner.runScenario(ScenarioRunner.java:52)
	at org.jbehave.scenario.ScenarioRunner.run(ScenarioRunner.java:40)
	at org.jbehave.scenario.AbstractScenario.runScenario(AbstractScenario.java:78)
	at org.jbehave.scenario.JUnitScenario.runScenario(JUnitScenario.java:51)
	at org.jbehave.scenario.JUnitScenario.testScenario(JUnitScenario.java:73)
	at sun.reflect.NativeMethodAccessorImpl.invoke0(Native Method)
	at sun.reflect.NativeMethodAccessorImpl.invoke(NativeMethodAccessorImpl.java:57)
	at sun.reflect.DelegatingMethodAccessorImpl.invoke(DelegatingMethodAccessorImpl.java:43)
	at java.lang.reflect.Method.invoke(Method.java:606)
	at junit.framework.TestCase.runTest(TestCase.java:176)
	at junit.framework.TestCase.runBare(TestCase.java:141)
	at junit.framework.TestResult$1.protect(TestResult.java:122)
	at junit.framework.TestResult.runProtected(TestResult.java:142)
	at junit.framework.TestResult.run(TestResult.java:125)
	at junit.framework.TestCase.run(TestCase.java:129)
	at junit.framework.TestSuite.runTest(TestSuite.java:252)
	at junit.framework.TestSuite.run(TestSuite.java:247)
	at org.junit.internal.runners.JUnit38ClassRunner.run(JUnit38ClassRunner.java:86)
	at org.junit.runners.Suite.runChild(Suite.java:128)
	at org.junit.runners.Suite.runChild(Suite.java:27)
	at org.junit.runners.ParentRunner$3.run(ParentRunner.java:290)
	at org.junit.runners.ParentRunner$1.schedule(ParentRunner.java:71)
	at org.junit.runners.ParentRunner.runChildren(ParentRunner.java:288)
	at org.junit.runners.ParentRunner.access$000(ParentRunner.java:58)
	at org.junit.runners.ParentRunner$2.evaluate(ParentRunner.java:268)
	at org.junit.runners.ParentRunner.run(ParentRunner.java:363)
	at org.apache.maven.surefire.junit4.JUnit4Provider.execute(JUnit4Provider.java:264)
	at org.apache.maven.surefire.junit4.JUnit4Provider.executeTestSet(JUnit4Provider.java:153)
	at org.apache.maven.surefire.junit4.JUnit4Provider.invoke(JUnit4Provider.java:124)
	at sun.reflect.NativeMethodAccessorImpl.invoke0(Native Method)
	at sun.reflect.NativeMethodAccessorImpl.invoke(NativeMethodAccessorImpl.java:57)
	at sun.reflect.DelegatingMethodAccessorImpl.invoke(DelegatingMethodAccessorImpl.java:43)
	at java.lang.reflect.Method.invoke(Method.java:606)
	at org.apache.maven.surefire.util.ReflectionUtils.invokeMethodWithArray2(ReflectionUtils.java:208)
	at org.apache.maven.surefire.booter.ProviderFactory$ProviderProxy.invoke(ProviderFactory.java:156)
	at org.apache.maven.surefire.booter.ProviderFactory.invokeProvider(ProviderFactory.java:82)
	at org.eclipse.tycho.surefire.osgibooter.OsgiSurefireBooter.run(OsgiSurefireBooter.java:91)
	at org.eclipse.tycho.surefire.osgibooter.AbstractUITestApplication.runTests(AbstractUITestApplication.java:44)
	at org.eclipse.e4.ui.internal.workbench.swt.E4Testable$1.run(E4Testable.java:72)
	at java.lang.Thread.run(Thread.java:745)
]]></error>
    <system-out><![CDATA[Story: Set templates to be generated

	As a Developer
	I want to set the templates to be generated
	So that the plugin processes and generates them on the right place

Scenario: Set templates to be generated

Given I have a new project
When I create the generator folder "generators/Generator with templates.generator"
And I create the template file "generators/Generator with templates.generator/templates/Templatetobegenerated.txt.ftl" (FAILED)
And I create the templates configuration file "generators/Generator with templates.generator/templates.ftl" with contents:
	  	templates/Templatetobegenerated.txt.ftl=Destination.txt (NOT PERFORMED)
And I right click the project on the Package Explorer and select "Generate..." (NOT PERFORMED)
And I select the "Generator with templates" generator and click "Next" (NOT PERFORMED)
And I click "Next" on the "Configure Params" dialog (NOT PERFORMED)
Then I will see the "Customize Generation" dialog (NOT PERFORMED)
And I will see the template "templates/Templatetobegenerated.txt.ftl" listed (NOT PERFORMED)
And I will see the template "templates/Templatetobegenerated.txt.ftl" destination set to "Destination.txt" (NOT PERFORMED)

]]></system-out>
  </testcase>
  <testcase name="testScenario" classname="stories.creatinggenerators.CreateCompositeGenerators" time="0.089">
    <error message="/code2code.TestProject_18/generators/Composite Generator.generator/templates.ftl (No such file or directory)" type="java.io.FileNotFoundException"><![CDATA[java.io.FileNotFoundException: /code2code.TestProject_18/generators/Composite Generator.generator/templates.ftl (No such file or directory)
	at java.io.FileOutputStream.open(Native Method)
	at java.io.FileOutputStream.<init>(FileOutputStream.java:221)
	at java.io.FileOutputStream.<init>(FileOutputStream.java:171)
	at code2code.core.utils.FileUtils.write(FileUtils.java:94)
	at domain.WorkingProject.createFileWithContents(WorkingProject.java:75)
	at steps.CreateGeneratorSteps.createTemplatesConfigurationFileWithContents(CreateGeneratorSteps.java:44)
	at sun.reflect.NativeMethodAccessorImpl.invoke0(Native Method)
	at sun.reflect.NativeMethodAccessorImpl.invoke(NativeMethodAccessorImpl.java:57)
	at sun.reflect.DelegatingMethodAccessorImpl.invoke(DelegatingMethodAccessorImpl.java:43)
	at java.lang.reflect.Method.invoke(Method.java:606)
	at org.jbehave.scenario.steps.CandidateStep$1.perform(CandidateStep.java:83)
	at org.jbehave.scenario.ScenarioRunner$FineSoFar.run(ScenarioRunner.java:67)
	at org.jbehave.scenario.ScenarioRunner.runScenario(ScenarioRunner.java:52)
	at org.jbehave.scenario.ScenarioRunner.run(ScenarioRunner.java:40)
	at org.jbehave.scenario.AbstractScenario.runScenario(AbstractScenario.java:78)
	at org.jbehave.scenario.JUnitScenario.runScenario(JUnitScenario.java:51)
	at org.jbehave.scenario.JUnitScenario.testScenario(JUnitScenario.java:73)
	at sun.reflect.NativeMethodAccessorImpl.invoke0(Native Method)
	at sun.reflect.NativeMethodAccessorImpl.invoke(NativeMethodAccessorImpl.java:57)
	at sun.reflect.DelegatingMethodAccessorImpl.invoke(DelegatingMethodAccessorImpl.java:43)
	at java.lang.reflect.Method.invoke(Method.java:606)
	at junit.framework.TestCase.runTest(TestCase.java:176)
	at junit.framework.TestCase.runBare(TestCase.java:141)
	at junit.framework.TestResult$1.protect(TestResult.java:122)
	at junit.framework.TestResult.runProtected(TestResult.java:142)
	at junit.framework.TestResult.run(TestResult.java:125)
	at junit.framework.TestCase.run(TestCase.java:129)
	at junit.framework.TestSuite.runTest(TestSuite.java:252)
	at junit.framework.TestSuite.run(TestSuite.java:247)
	at org.junit.internal.runners.JUnit38ClassRunner.run(JUnit38ClassRunner.java:86)
	at org.junit.runners.Suite.runChild(Suite.java:128)
	at org.junit.runners.Suite.runChild(Suite.java:27)
	at org.junit.runners.ParentRunner$3.run(ParentRunner.java:290)
	at org.junit.runners.ParentRunner$1.schedule(ParentRunner.java:71)
	at org.junit.runners.ParentRunner.runChildren(ParentRunner.java:288)
	at org.junit.runners.ParentRunner.access$000(ParentRunner.java:58)
	at org.junit.runners.ParentRunner$2.evaluate(ParentRunner.java:268)
	at org.junit.runners.ParentRunner.run(ParentRunner.java:363)
	at org.apache.maven.surefire.junit4.JUnit4Provider.execute(JUnit4Provider.java:264)
	at org.apache.maven.surefire.junit4.JUnit4Provider.executeTestSet(JUnit4Provider.java:153)
	at org.apache.maven.surefire.junit4.JUnit4Provider.invoke(JUnit4Provider.java:124)
	at sun.reflect.NativeMethodAccessorImpl.invoke0(Native Method)
	at sun.reflect.NativeMethodAccessorImpl.invoke(NativeMethodAccessorImpl.java:57)
	at sun.reflect.DelegatingMethodAccessorImpl.invoke(DelegatingMethodAccessorImpl.java:43)
	at java.lang.reflect.Method.invoke(Method.java:606)
	at org.apache.maven.surefire.util.ReflectionUtils.invokeMethodWithArray2(ReflectionUtils.java:208)
	at org.apache.maven.surefire.booter.ProviderFactory$ProviderProxy.invoke(ProviderFactory.java:156)
	at org.apache.maven.surefire.booter.ProviderFactory.invokeProvider(ProviderFactory.java:82)
	at org.eclipse.tycho.surefire.osgibooter.OsgiSurefireBooter.run(OsgiSurefireBooter.java:91)
	at org.eclipse.tycho.surefire.osgibooter.AbstractUITestApplication.runTests(AbstractUITestApplication.java:44)
	at org.eclipse.e4.ui.internal.workbench.swt.E4Testable$1.run(E4Testable.java:72)
	at java.lang.Thread.run(Thread.java:745)
]]></error>
    <system-out><![CDATA[Story: Create composite generators

	As a Developer
	I want to compose generators
	So that I can use them together or separately

Scenario: Create composite generators

Given I have a new project
When I create the generator folder "generators/Composite Generator.generator"
And I create the templates configuration file "generators/Composite Generator.generator/templates.ftl" with contents:
	  	NestedGenerator.generator (FAILED)
And I create the params configuration file "generators/Composite Generator.generator/params.txt" with contents:
		commonParam=Composite value
		compositeParam (NOT PERFORMED)
And I create the generator folder "generators/Composite Generator.generator/NestedGenerator.generator" (NOT PERFORMED)
And I create the template file "generators/Composite Generator.generator/NestedGenerator.generator/templates/Nestedgenerator.ftl" with contents:
	  	${commonParam} (NOT PERFORMED)
And I create the templates configuration file "generators/Composite Generator.generator/NestedGenerator.generator/templates.ftl" with contents:
	  	templates/Nestedgenerator.ftl=NestedGenerator.txt (NOT PERFORMED)
And I create the params configuration file "generators/Composite Generator.generator/NestedGenerator.generator/params.txt" with contents:
		commonParam=Nested value
		nestedParam (NOT PERFORMED)
And I right click the project on the Package Explorer and select "Generate..." (NOT PERFORMED)
Then I will see the "Composite Generator" generator listed on the "Select a Generator" dialog (NOT PERFORMED)
And I will see the "Composite Generator.generator/NestedGenerator" generator listed on the "Select a Generator" dialog (NOT PERFORMED)
When I select the "Composite Generator" generator and click "Next" (NOT PERFORMED)
Then I will see the "Configure Params" dialog (NOT PERFORMED)
And I will see the "commonParam" parameter to fill (NOT PERFORMED)
And I will see the "commonParam" value already filled with "Composite value" (NOT PERFORMED)
And I will see the "compositeParam" parameter to fill (NOT PERFORMED)
And I will see the "nestedParam" parameter to fill (NOT PERFORMED)
When I finish the "Generate Files" wizard (NOT PERFORMED)
Then I will see the file "NestedGenerator.txt" generated with content:
	  	Composite value (NOT PERFORMED)

]]></system-out>
  </testcase>
  <testcase name="testScenario" classname="stories.usingthegenerator.GenerateFiles" time="0.066">
    <error message="/code2code.TestProject_19/generators/File Generator.generator/templates/GeneratedFile.txt.txt (No such file or directory)" type="java.io.FileNotFoundException"><![CDATA[java.io.FileNotFoundException: /code2code.TestProject_19/generators/File Generator.generator/templates/GeneratedFile.txt.txt (No such file or directory)
	at java.io.FileOutputStream.open(Native Method)
	at java.io.FileOutputStream.<init>(FileOutputStream.java:221)
	at java.io.FileOutputStream.<init>(FileOutputStream.java:171)
	at code2code.core.utils.FileUtils.write(FileUtils.java:94)
	at domain.WorkingProject.createFileWithContents(WorkingProject.java:75)
	at steps.CreateGeneratorSteps.createTemplateFileWithContents(CreateGeneratorSteps.java:32)
	at sun.reflect.NativeMethodAccessorImpl.invoke0(Native Method)
	at sun.reflect.NativeMethodAccessorImpl.invoke(NativeMethodAccessorImpl.java:57)
	at sun.reflect.DelegatingMethodAccessorImpl.invoke(DelegatingMethodAccessorImpl.java:43)
	at java.lang.reflect.Method.invoke(Method.java:606)
	at org.jbehave.scenario.steps.CandidateStep$1.perform(CandidateStep.java:83)
	at org.jbehave.scenario.ScenarioRunner$FineSoFar.run(ScenarioRunner.java:67)
	at org.jbehave.scenario.ScenarioRunner.runScenario(ScenarioRunner.java:52)
	at org.jbehave.scenario.ScenarioRunner.run(ScenarioRunner.java:40)
	at org.jbehave.scenario.AbstractScenario.runScenario(AbstractScenario.java:78)
	at org.jbehave.scenario.JUnitScenario.runScenario(JUnitScenario.java:51)
	at org.jbehave.scenario.JUnitScenario.testScenario(JUnitScenario.java:73)
	at sun.reflect.NativeMethodAccessorImpl.invoke0(Native Method)
	at sun.reflect.NativeMethodAccessorImpl.invoke(NativeMethodAccessorImpl.java:57)
	at sun.reflect.DelegatingMethodAccessorImpl.invoke(DelegatingMethodAccessorImpl.java:43)
	at java.lang.reflect.Method.invoke(Method.java:606)
	at junit.framework.TestCase.runTest(TestCase.java:176)
	at junit.framework.TestCase.runBare(TestCase.java:141)
	at junit.framework.TestResult$1.protect(TestResult.java:122)
	at junit.framework.TestResult.runProtected(TestResult.java:142)
	at junit.framework.TestResult.run(TestResult.java:125)
	at junit.framework.TestCase.run(TestCase.java:129)
	at junit.framework.TestSuite.runTest(TestSuite.java:252)
	at junit.framework.TestSuite.run(TestSuite.java:247)
	at org.junit.internal.runners.JUnit38ClassRunner.run(JUnit38ClassRunner.java:86)
	at org.junit.runners.Suite.runChild(Suite.java:128)
	at org.junit.runners.Suite.runChild(Suite.java:27)
	at org.junit.runners.ParentRunner$3.run(ParentRunner.java:290)
	at org.junit.runners.ParentRunner$1.schedule(ParentRunner.java:71)
	at org.junit.runners.ParentRunner.runChildren(ParentRunner.java:288)
	at org.junit.runners.ParentRunner.access$000(ParentRunner.java:58)
	at org.junit.runners.ParentRunner$2.evaluate(ParentRunner.java:268)
	at org.junit.runners.ParentRunner.run(ParentRunner.java:363)
	at org.apache.maven.surefire.junit4.JUnit4Provider.execute(JUnit4Provider.java:264)
	at org.apache.maven.surefire.junit4.JUnit4Provider.executeTestSet(JUnit4Provider.java:153)
	at org.apache.maven.surefire.junit4.JUnit4Provider.invoke(JUnit4Provider.java:124)
	at sun.reflect.NativeMethodAccessorImpl.invoke0(Native Method)
	at sun.reflect.NativeMethodAccessorImpl.invoke(NativeMethodAccessorImpl.java:57)
	at sun.reflect.DelegatingMethodAccessorImpl.invoke(DelegatingMethodAccessorImpl.java:43)
	at java.lang.reflect.Method.invoke(Method.java:606)
	at org.apache.maven.surefire.util.ReflectionUtils.invokeMethodWithArray2(ReflectionUtils.java:208)
	at org.apache.maven.surefire.booter.ProviderFactory$ProviderProxy.invoke(ProviderFactory.java:156)
	at org.apache.maven.surefire.booter.ProviderFactory.invokeProvider(ProviderFactory.java:82)
	at org.eclipse.tycho.surefire.osgibooter.OsgiSurefireBooter.run(OsgiSurefireBooter.java:91)
	at org.eclipse.tycho.surefire.osgibooter.AbstractUITestApplication.runTests(AbstractUITestApplication.java:44)
	at org.eclipse.e4.ui.internal.workbench.swt.E4Testable$1.run(E4Testable.java:72)
	at java.lang.Thread.run(Thread.java:745)
]]></error>
    <system-out><![CDATA[Story: Generate Files

	As a Developer
	I want to generate files
	So that I speed up development

Scenario: Generate Files

Given I have a new project
When I create the generator folder "generators/File Generator.generator"
And I create the template file "generators/File Generator.generator/templates/GeneratedFile.txt.txt" with contents:
	  	File content (FAILED)
And I create the templates configuration file "generators/File Generator.generator/templates.txt" with contents:
	  	templates/GeneratedFile.txt.txt=Generated File.txt (NOT PERFORMED)
And I right click the project on the Package Explorer and select "Generate..." (NOT PERFORMED)
And I select the "File Generator" generator and click "Next" (NOT PERFORMED)
And I finish the "Generate Files" wizard (NOT PERFORMED)
Then I will see the file "Generated File.txt" generated with content:
	  	File content (NOT PERFORMED)

]]></system-out>
  </testcase>
  <testcase name="testScenario" classname="stories.creatinggenerators.SetTemplateEngineForTemplateFiles" time="0.07">
    <error message="/code2code.TestProject_20/generators/Using Freemarker on templates.generator/templates/UsingFreemarkerOnTemplates.txt.ftl (No such file or directory)" type="java.io.FileNotFoundException"><![CDATA[java.io.FileNotFoundException: /code2code.TestProject_20/generators/Using Freemarker on templates.generator/templates/UsingFreemarkerOnTemplates.txt.ftl (No such file or directory)
	at java.io.FileOutputStream.open(Native Method)
	at java.io.FileOutputStream.<init>(FileOutputStream.java:221)
	at java.io.FileOutputStream.<init>(FileOutputStream.java:171)
	at code2code.core.utils.FileUtils.write(FileUtils.java:94)
	at domain.WorkingProject.createFileWithContents(WorkingProject.java:75)
	at steps.CreateGeneratorSteps.createTemplateFileWithContents(CreateGeneratorSteps.java:32)
	at sun.reflect.NativeMethodAccessorImpl.invoke0(Native Method)
	at sun.reflect.NativeMethodAccessorImpl.invoke(NativeMethodAccessorImpl.java:57)
	at sun.reflect.DelegatingMethodAccessorImpl.invoke(DelegatingMethodAccessorImpl.java:43)
	at java.lang.reflect.Method.invoke(Method.java:606)
	at org.jbehave.scenario.steps.CandidateStep$1.perform(CandidateStep.java:83)
	at org.jbehave.scenario.ScenarioRunner$FineSoFar.run(ScenarioRunner.java:67)
	at org.jbehave.scenario.ScenarioRunner.runScenario(ScenarioRunner.java:52)
	at org.jbehave.scenario.ScenarioRunner.run(ScenarioRunner.java:40)
	at org.jbehave.scenario.AbstractScenario.runScenario(AbstractScenario.java:78)
	at org.jbehave.scenario.JUnitScenario.runScenario(JUnitScenario.java:51)
	at org.jbehave.scenario.JUnitScenario.testScenario(JUnitScenario.java:73)
	at sun.reflect.NativeMethodAccessorImpl.invoke0(Native Method)
	at sun.reflect.NativeMethodAccessorImpl.invoke(NativeMethodAccessorImpl.java:57)
	at sun.reflect.DelegatingMethodAccessorImpl.invoke(DelegatingMethodAccessorImpl.java:43)
	at java.lang.reflect.Method.invoke(Method.java:606)
	at junit.framework.TestCase.runTest(TestCase.java:176)
	at junit.framework.TestCase.runBare(TestCase.java:141)
	at junit.framework.TestResult$1.protect(TestResult.java:122)
	at junit.framework.TestResult.runProtected(TestResult.java:142)
	at junit.framework.TestResult.run(TestResult.java:125)
	at junit.framework.TestCase.run(TestCase.java:129)
	at junit.framework.TestSuite.runTest(TestSuite.java:252)
	at junit.framework.TestSuite.run(TestSuite.java:247)
	at org.junit.internal.runners.JUnit38ClassRunner.run(JUnit38ClassRunner.java:86)
	at org.junit.runners.Suite.runChild(Suite.java:128)
	at org.junit.runners.Suite.runChild(Suite.java:27)
	at org.junit.runners.ParentRunner$3.run(ParentRunner.java:290)
	at org.junit.runners.ParentRunner$1.schedule(ParentRunner.java:71)
	at org.junit.runners.ParentRunner.runChildren(ParentRunner.java:288)
	at org.junit.runners.ParentRunner.access$000(ParentRunner.java:58)
	at org.junit.runners.ParentRunner$2.evaluate(ParentRunner.java:268)
	at org.junit.runners.ParentRunner.run(ParentRunner.java:363)
	at org.apache.maven.surefire.junit4.JUnit4Provider.execute(JUnit4Provider.java:264)
	at org.apache.maven.surefire.junit4.JUnit4Provider.executeTestSet(JUnit4Provider.java:153)
	at org.apache.maven.surefire.junit4.JUnit4Provider.invoke(JUnit4Provider.java:124)
	at sun.reflect.NativeMethodAccessorImpl.invoke0(Native Method)
	at sun.reflect.NativeMethodAccessorImpl.invoke(NativeMethodAccessorImpl.java:57)
	at sun.reflect.DelegatingMethodAccessorImpl.invoke(DelegatingMethodAccessorImpl.java:43)
	at java.lang.reflect.Method.invoke(Method.java:606)
	at org.apache.maven.surefire.util.ReflectionUtils.invokeMethodWithArray2(ReflectionUtils.java:208)
	at org.apache.maven.surefire.booter.ProviderFactory$ProviderProxy.invoke(ProviderFactory.java:156)
	at org.apache.maven.surefire.booter.ProviderFactory.invokeProvider(ProviderFactory.java:82)
	at org.eclipse.tycho.surefire.osgibooter.OsgiSurefireBooter.run(OsgiSurefireBooter.java:91)
	at org.eclipse.tycho.surefire.osgibooter.AbstractUITestApplication.runTests(AbstractUITestApplication.java:44)
	at org.eclipse.e4.ui.internal.workbench.swt.E4Testable$1.run(E4Testable.java:72)
	at java.lang.Thread.run(Thread.java:745)
]]></error>
    <system-out><![CDATA[Story: Set template engine for template files

	As a Developer
	I want to use template engine on template files
	So that I have dynamic generated content

Scenario: Set Freemarker as template engine for template files

Given I have a new project
When I create the generator folder "generators/Using Freemarker on templates.generator"
And I create the template file "generators/Using Freemarker on templates.generator/templates/UsingFreemarkerOnTemplates.txt.ftl" with contents:
	  	<#assign engine="Freemarker"/>Using ${engine} on templates (FAILED)
And I create the templates configuration file "generators/Using Freemarker on templates.generator/templates.ftl" with contents:
	  	templates/UsingFreemarkerOnTemplates.txt.ftl=Using Freemarker on templates.txt (NOT PERFORMED)
And I right click the project on the Package Explorer and select "Generate..." (NOT PERFORMED)
And I select the "Using Freemarker on templates" generator and click "Next" (NOT PERFORMED)
And I finish the "Generate Files" wizard (NOT PERFORMED)
Then I will see the file "Using Freemarker on templates.txt" generated with content:
	  	Using Freemarker on templates (NOT PERFORMED)

]]></system-out>
  </testcase>
  <testcase name="testScenario" classname="stories.creatinggenerators.SetTemplateEngineForTheTemplatesConfigFile" time="0.082">
    <error message="/code2code.TestProject_21/generators/Using Freemarker on the templates config file.generator/templates/UsingFreemarkerOnThemplatesConfigFile.txt.ftl (No such file or directory)" type="java.io.FileNotFoundException"><![CDATA[java.io.FileNotFoundException: /code2code.TestProject_21/generators/Using Freemarker on the templates config file.generator/templates/UsingFreemarkerOnThemplatesConfigFile.txt.ftl (No such file or directory)
	at java.io.FileOutputStream.open(Native Method)
	at java.io.FileOutputStream.<init>(FileOutputStream.java:221)
	at java.io.FileOutputStream.<init>(FileOutputStream.java:171)
	at code2code.core.utils.FileUtils.write(FileUtils.java:94)
	at domain.WorkingProject.createFileWithContents(WorkingProject.java:75)
	at domain.WorkingProject.createFile(WorkingProject.java:80)
	at steps.CreateGeneratorSteps.createTemplateFile(CreateGeneratorSteps.java:26)
	at sun.reflect.NativeMethodAccessorImpl.invoke0(Native Method)
	at sun.reflect.NativeMethodAccessorImpl.invoke(NativeMethodAccessorImpl.java:57)
	at sun.reflect.DelegatingMethodAccessorImpl.invoke(DelegatingMethodAccessorImpl.java:43)
	at java.lang.reflect.Method.invoke(Method.java:606)
	at org.jbehave.scenario.steps.CandidateStep$1.perform(CandidateStep.java:83)
	at org.jbehave.scenario.ScenarioRunner$FineSoFar.run(ScenarioRunner.java:67)
	at org.jbehave.scenario.ScenarioRunner.runScenario(ScenarioRunner.java:52)
	at org.jbehave.scenario.ScenarioRunner.run(ScenarioRunner.java:40)
	at org.jbehave.scenario.AbstractScenario.runScenario(AbstractScenario.java:78)
	at org.jbehave.scenario.JUnitScenario.runScenario(JUnitScenario.java:51)
	at org.jbehave.scenario.JUnitScenario.testScenario(JUnitScenario.java:73)
	at sun.reflect.NativeMethodAccessorImpl.invoke0(Native Method)
	at sun.reflect.NativeMethodAccessorImpl.invoke(NativeMethodAccessorImpl.java:57)
	at sun.reflect.DelegatingMethodAccessorImpl.invoke(DelegatingMethodAccessorImpl.java:43)
	at java.lang.reflect.Method.invoke(Method.java:606)
	at junit.framework.TestCase.runTest(TestCase.java:176)
	at junit.framework.TestCase.runBare(TestCase.java:141)
	at junit.framework.TestResult$1.protect(TestResult.java:122)
	at junit.framework.TestResult.runProtected(TestResult.java:142)
	at junit.framework.TestResult.run(TestResult.java:125)
	at junit.framework.TestCase.run(TestCase.java:129)
	at junit.framework.TestSuite.runTest(TestSuite.java:252)
	at junit.framework.TestSuite.run(TestSuite.java:247)
	at org.junit.internal.runners.JUnit38ClassRunner.run(JUnit38ClassRunner.java:86)
	at org.junit.runners.Suite.runChild(Suite.java:128)
	at org.junit.runners.Suite.runChild(Suite.java:27)
	at org.junit.runners.ParentRunner$3.run(ParentRunner.java:290)
	at org.junit.runners.ParentRunner$1.schedule(ParentRunner.java:71)
	at org.junit.runners.ParentRunner.runChildren(ParentRunner.java:288)
	at org.junit.runners.ParentRunner.access$000(ParentRunner.java:58)
	at org.junit.runners.ParentRunner$2.evaluate(ParentRunner.java:268)
	at org.junit.runners.ParentRunner.run(ParentRunner.java:363)
	at org.apache.maven.surefire.junit4.JUnit4Provider.execute(JUnit4Provider.java:264)
	at org.apache.maven.surefire.junit4.JUnit4Provider.executeTestSet(JUnit4Provider.java:153)
	at org.apache.maven.surefire.junit4.JUnit4Provider.invoke(JUnit4Provider.java:124)
	at sun.reflect.NativeMethodAccessorImpl.invoke0(Native Method)
	at sun.reflect.NativeMethodAccessorImpl.invoke(NativeMethodAccessorImpl.java:57)
	at sun.reflect.DelegatingMethodAccessorImpl.invoke(DelegatingMethodAccessorImpl.java:43)
	at java.lang.reflect.Method.invoke(Method.java:606)
	at org.apache.maven.surefire.util.ReflectionUtils.invokeMethodWithArray2(ReflectionUtils.java:208)
	at org.apache.maven.surefire.booter.ProviderFactory$ProviderProxy.invoke(ProviderFactory.java:156)
	at org.apache.maven.surefire.booter.ProviderFactory.invokeProvider(ProviderFactory.java:82)
	at org.eclipse.tycho.surefire.osgibooter.OsgiSurefireBooter.run(OsgiSurefireBooter.java:91)
	at org.eclipse.tycho.surefire.osgibooter.AbstractUITestApplication.runTests(AbstractUITestApplication.java:44)
	at org.eclipse.e4.ui.internal.workbench.swt.E4Testable$1.run(E4Testable.java:72)
	at java.lang.Thread.run(Thread.java:745)
]]></error>
    <system-out><![CDATA[Story: Set template engine for the templates config file

	As a Developer
	I want to use template engines on templates config files
	So that I have processed template destinations

Scenario: Set Freemarker as template engine for the templates config file

Given I have a new project
When I create the generator folder "generators/Using Freemarker on the templates config file.generator"
And I create the template file "generators/Using Freemarker on the templates config file.generator/templates/UsingFreemarkerOnThemplatesConfigFile.txt.ftl" (FAILED)
And I create the templates configuration file "generators/Using Freemarker on the templates config file.generator/templates.ftl" with contents:
	  	templates/UsingFreemarkerOnThemplatesConfigFile.txt.ftl=<#assign processedDestination="Using Freemarker on the templates config file.txt"/>${processedDestination} (NOT PERFORMED)
And I right click the project on the Package Explorer and select "Generate..." (NOT PERFORMED)
And I select the "Using Freemarker on the templates config file" generator and click "Next" (NOT PERFORMED)
And I finish the "Generate Files" wizard (NOT PERFORMED)
Then I will see the file "Using Freemarker on the templates config file.txt" generated (NOT PERFORMED)

]]></system-out>
  </testcase>
</testsuite>