<?xml version="1.0" encoding="UTF-8"?>
<testsuite name="suites.AllScenarios" time="8.885" tests="15" errors="0" skipped="0" failures="0">
  <properties>
[...]
</properties>
  <testcase name="testScenario" classname="stories.creatinggenerators.CreateGenerators" time="2.48"/>
  <testcase name="testScenario" classname="stories.creatinggenerators.SetParamsForGenerators" time="1.021"/>
  <testcase name="testScenario" classname="stories.usingthegenerator.ChooseFilesThatWillBeGenerated" time="0.293"/>
  <testcase name="testScenario" classname="stories.creatinggenerators.UseTemplateEngines" time="1.807"/>
  <testcase name="testScenario" classname="stories.usingthegenerator.SetParamsForGeneration" time="0.622"/>
  <testcase name="testScenario" classname="stories.usingthegenerator.SetTemplatesDestinations" time="0.315"/>
  <testcase name="testScenario" classname="stories.creatinggenerators.SetDescriptionToGenerators" time="0.231"/>
  <testcase name="testScenario" classname="stories.usingthegenerator.PreviewTheOutput" time="0.604"/>
  <testcase name="testScenario" classname="stories.usingthegenerator.UseGlobalParams" time="0.22"/>
  <testcase name="testScenario" classname="stories.usingthegenerator.ParamsReferencingOtherParams" time="0.219"/>
  <testcase name="testScenario" classname="stories.creatinggenerators.SetTemplatesToBeGenerated" time="0.186"/>
  <testcase name="testScenario" classname="stories.creatinggenerators.CreateCompositeGenerators" time="0.257"/>
  <testcase name="testScenario" classname="stories.usingthegenerator.GenerateFiles" time="0.191"/>
  <testcase name="testScenario" classname="stories.creatinggenerators.SetTemplateEngineForTemplateFiles" time="0.251"/>
  <testcase name="testScenario" classname="stories.creatinggenerators.SetTemplateEngineForTheTemplatesConfigFile" time="0.188"/>
</testsuite>